<?xml version="1.0" encoding="utf-8"?>
<CoverageSession xmlns:xsd="http://www.w3.org/2001/XMLSchema" xmlns:xsi="http://www.w3.org/2001/XMLSchema-instance" Version="4.7.922.0">
  <Summary numSequencePoints="556" visitedSequencePoints="265" numBranchPoints="136" visitedBranchPoints="77" sequenceCoverage="47.66" branchCoverage="56.62" maxCyclomaticComplexity="4" minCyclomaticComplexity="1" maxCrapScore="20" minCrapScore="1" visitedClasses="13" numClasses="17" visitedMethods="58" numMethods="102" />
  <Modules>
    <Module hash="16-69-72-0F-54-B9-0A-BA-89-BC-0D-C5-6C-7A-A2-A5-CC-45-A1-20">
      <Summary numSequencePoints="256" visitedSequencePoints="127" numBranchPoints="43" visitedBranchPoints="18" sequenceCoverage="49.61" branchCoverage="41.86" maxCyclomaticComplexity="4" minCyclomaticComplexity="1" maxCrapScore="20" minCrapScore="1" visitedClasses="5" numClasses="5" visitedMethods="18" numMethods="39" />
      <ModulePath>N:\Drive\北科\三上\視窗程式設計\homework\HW6\108590005\Drawing\DrawingFormTests\bin\Debug\fine-code-coverage\build-output\DrawingFormTests.dll</ModulePath>
      <ModuleTime>2021-12-26T07:55:05.2030117Z</ModuleTime>
      <ModuleName>DrawingFormTests</ModuleName>
      <Files>
        <File uid="1" fullPath="N:\Drive\北科\三上\視窗程式設計\homework\HW6\108590005\Drawing\DrawingFormTests\FormPresentationModelTests.cs" />
        <File uid="3" fullPath="N:\Drive\北科\三上\視窗程式設計\homework\HW6\108590005\Drawing\DrawingFormTests\Robot.cs" />
        <File uid="4" fullPath="N:\Drive\北科\三上\視窗程式設計\homework\HW6\108590005\Drawing\DrawingFormTests\UITest.cs" />
        <File uid="5" fullPath="N:\Drive\北科\三上\視窗程式設計\homework\HW6\108590005\Drawing\DrawingTests\UnitTestGraphicsAdaptor.cs" />
      </Files>
      <Classes>
        <Class>
          <Summary numSequencePoints="104" visitedSequencePoints="104" numBranchPoints="11" visitedBranchPoints="11" sequenceCoverage="100" branchCoverage="100" maxCyclomaticComplexity="1" minCyclomaticComplexity="1" maxCrapScore="2" minCrapScore="1" visitedClasses="1" numClasses="1" visitedMethods="11" numMethods="11" />
          <FullName>DrawingForm.Tests.FormPresentationModelTests</FullName>
          <Methods>
            <Method visited="true" cyclomaticComplexity="1" nPathComplexity="0" sequenceCoverage="100" branchCoverage="100" crapScore="1" isConstructor="false" isStatic="false" isGetter="false" isSetter="false">
              <Summary numSequencePoints="9" visitedSequencePoints="9" numBranchPoints="1" visitedBranchPoints="1" sequenceCoverage="100" branchCoverage="100" maxCyclomaticComplexity="1" minCyclomaticComplexity="1" maxCrapScore="1" minCrapScore="1" visitedClasses="0" numClasses="0" visitedMethods="1" numMethods="1" />
              <MetadataToken>100663297</MetadataToken>
              <Name>System.Void DrawingForm.Tests.FormPresentationModelTests::Initizlize()</Name>
              <FileRef uid="1" />
              <SequencePoints>
                <SequencePoint vc="10" uspid="1" ordinal="0" offset="0" sl="23" sc="9" el="23" ec="10" bec="0" bev="0" fileid="1" />
                <SequencePoint vc="10" uspid="2" ordinal="1" offset="1" sl="24" sc="13" el="24" ec="33" bec="0" bev="0" fileid="1" />
                <SequencePoint vc="10" uspid="3" ordinal="2" offset="12" sl="25" sc="13" el="25" ec="59" bec="0" bev="0" fileid="1" />
                <SequencePoint vc="10" uspid="4" ordinal="3" offset="29" sl="26" sc="13" el="26" ec="76" bec="0" bev="0" fileid="1" />
                <SequencePoint vc="10" uspid="5" ordinal="4" offset="51" sl="27" sc="13" el="27" ec="61" bec="0" bev="0" fileid="1" />
                <SequencePoint vc="10" uspid="6" ordinal="5" offset="63" sl="28" sc="13" el="28" ec="66" bec="0" bev="0" fileid="1" />
                <SequencePoint vc="10" uspid="7" ordinal="6" offset="80" sl="29" sc="13" el="29" ec="83" bec="0" bev="0" fileid="1" />
                <SequencePoint vc="10" uspid="8" ordinal="7" offset="97" sl="30" sc="13" el="30" ec="67" bec="0" bev="0" fileid="1" />
                <SequencePoint vc="10" uspid="9" ordinal="8" offset="108" sl="31" sc="9" el="31" ec="10" bec="0" bev="0" fileid="1" />
              </SequencePoints>
              <BranchPoints />
              <MethodPoint xsi:type="SequencePoint" vc="10" uspid="1" ordinal="0" offset="0" sl="23" sc="9" el="23" ec="10" bec="0" bev="0" fileid="1" />
            </Method>
            <Method visited="true" cyclomaticComplexity="1" nPathComplexity="0" sequenceCoverage="100" branchCoverage="100" crapScore="1" isConstructor="false" isStatic="false" isGetter="false" isSetter="false">
              <Summary numSequencePoints="3" visitedSequencePoints="3" numBranchPoints="1" visitedBranchPoints="1" sequenceCoverage="100" branchCoverage="100" maxCyclomaticComplexity="1" minCyclomaticComplexity="1" maxCrapScore="1" minCrapScore="1" visitedClasses="0" numClasses="0" visitedMethods="1" numMethods="1" />
              <MetadataToken>100663298</MetadataToken>
              <Name>System.Void DrawingForm.Tests.FormPresentationModelTests::GetModelTest()</Name>
              <FileRef uid="1" />
              <SequencePoints>
                <SequencePoint vc="1" uspid="10" ordinal="0" offset="0" sl="36" sc="9" el="36" ec="10" bec="0" bev="0" fileid="1" />
                <SequencePoint vc="1" uspid="11" ordinal="1" offset="1" sl="37" sc="13" el="37" ec="66" bec="0" bev="0" fileid="1" />
                <SequencePoint vc="1" uspid="12" ordinal="2" offset="24" sl="38" sc="9" el="38" ec="10" bec="0" bev="0" fileid="1" />
              </SequencePoints>
              <BranchPoints />
              <MethodPoint xsi:type="SequencePoint" vc="1" uspid="10" ordinal="0" offset="0" sl="36" sc="9" el="36" ec="10" bec="0" bev="0" fileid="1" />
            </Method>
            <Method visited="true" cyclomaticComplexity="1" nPathComplexity="0" sequenceCoverage="100" branchCoverage="100" crapScore="1" isConstructor="false" isStatic="false" isGetter="false" isSetter="false">
              <Summary numSequencePoints="9" visitedSequencePoints="9" numBranchPoints="1" visitedBranchPoints="1" sequenceCoverage="100" branchCoverage="100" maxCyclomaticComplexity="1" minCyclomaticComplexity="1" maxCrapScore="1" minCrapScore="1" visitedClasses="0" numClasses="0" visitedMethods="1" numMethods="1" />
              <MetadataToken>100663299</MetadataToken>
              <Name>System.Void DrawingForm.Tests.FormPresentationModelTests::PressPointerTest()</Name>
              <FileRef uid="1" />
              <SequencePoints>
                <SequencePoint vc="1" uspid="13" ordinal="0" offset="0" sl="43" sc="9" el="43" ec="10" bec="0" bev="0" fileid="1" />
                <SequencePoint vc="1" uspid="14" ordinal="1" offset="1" sl="44" sc="13" el="44" ec="76" bec="0" bev="0" fileid="1" />
                <SequencePoint vc="1" uspid="15" ordinal="2" offset="36" sl="45" sc="13" el="45" ec="65" bec="0" bev="0" fileid="1" />
                <SequencePoint vc="1" uspid="16" ordinal="3" offset="58" sl="46" sc="13" el="46" ec="88" bec="0" bev="0" fileid="1" />
                <SequencePoint vc="1" uspid="17" ordinal="4" offset="71" sl="47" sc="13" el="47" ec="76" bec="0" bev="0" fileid="1" />
                <SequencePoint vc="1" uspid="18" ordinal="5" offset="106" sl="48" sc="13" el="48" ec="71" bec="0" bev="0" fileid="1" />
                <SequencePoint vc="1" uspid="19" ordinal="6" offset="128" sl="49" sc="13" el="49" ec="48" bec="0" bev="0" fileid="1" />
                <SequencePoint vc="1" uspid="20" ordinal="7" offset="140" sl="50" sc="13" el="50" ec="63" bec="0" bev="0" fileid="1" />
                <SequencePoint vc="1" uspid="21" ordinal="8" offset="175" sl="51" sc="9" el="51" ec="10" bec="0" bev="0" fileid="1" />
              </SequencePoints>
              <BranchPoints />
              <MethodPoint xsi:type="SequencePoint" vc="1" uspid="13" ordinal="0" offset="0" sl="43" sc="9" el="43" ec="10" bec="0" bev="0" fileid="1" />
            </Method>
            <Method visited="true" cyclomaticComplexity="1" nPathComplexity="0" sequenceCoverage="100" branchCoverage="100" crapScore="1" isConstructor="false" isStatic="false" isGetter="false" isSetter="false">
              <Summary numSequencePoints="14" visitedSequencePoints="14" numBranchPoints="1" visitedBranchPoints="1" sequenceCoverage="100" branchCoverage="100" maxCyclomaticComplexity="1" minCyclomaticComplexity="1" maxCrapScore="1" minCrapScore="1" visitedClasses="0" numClasses="0" visitedMethods="1" numMethods="1" />
              <MetadataToken>100663300</MetadataToken>
              <Name>System.Void DrawingForm.Tests.FormPresentationModelTests::ReleasePointerTest()</Name>
              <FileRef uid="1" />
              <SequencePoints>
                <SequencePoint vc="1" uspid="22" ordinal="0" offset="0" sl="56" sc="9" el="56" ec="10" bec="0" bev="0" fileid="1" />
                <SequencePoint vc="1" uspid="23" ordinal="1" offset="1" sl="58" sc="13" el="58" ec="76" bec="0" bev="0" fileid="1" />
                <SequencePoint vc="1" uspid="24" ordinal="2" offset="36" sl="59" sc="13" el="59" ec="78" bec="0" bev="0" fileid="1" />
                <SequencePoint vc="1" uspid="25" ordinal="3" offset="71" sl="60" sc="13" el="60" ec="75" bec="0" bev="0" fileid="1" />
                <SequencePoint vc="1" uspid="26" ordinal="4" offset="93" sl="61" sc="13" el="61" ec="46" bec="0" bev="0" fileid="1" />
                <SequencePoint vc="1" uspid="27" ordinal="5" offset="106" sl="62" sc="13" el="62" ec="88" bec="0" bev="0" fileid="1" />
                <SequencePoint vc="1" uspid="28" ordinal="6" offset="119" sl="63" sc="13" el="63" ec="76" bec="0" bev="0" fileid="1" />
                <SequencePoint vc="1" uspid="29" ordinal="7" offset="154" sl="64" sc="13" el="64" ec="78" bec="0" bev="0" fileid="1" />
                <SequencePoint vc="1" uspid="30" ordinal="8" offset="189" sl="65" sc="13" el="65" ec="75" bec="0" bev="0" fileid="1" />
                <SequencePoint vc="1" uspid="31" ordinal="9" offset="211" sl="66" sc="13" el="66" ec="46" bec="0" bev="0" fileid="1" />
                <SequencePoint vc="1" uspid="32" ordinal="10" offset="224" sl="67" sc="13" el="67" ec="52" bec="0" bev="0" fileid="1" />
                <SequencePoint vc="1" uspid="33" ordinal="11" offset="242" sl="68" sc="13" el="68" ec="69" bec="0" bev="0" fileid="1" />
                <SequencePoint vc="1" uspid="34" ordinal="12" offset="283" sl="69" sc="13" el="69" ec="70" bec="0" bev="0" fileid="1" />
                <SequencePoint vc="1" uspid="35" ordinal="13" offset="324" sl="70" sc="9" el="70" ec="10" bec="0" bev="0" fileid="1" />
              </SequencePoints>
              <BranchPoints />
              <MethodPoint xsi:type="SequencePoint" vc="1" uspid="22" ordinal="0" offset="0" sl="56" sc="9" el="56" ec="10" bec="0" bev="0" fileid="1" />
            </Method>
            <Method visited="true" cyclomaticComplexity="1" nPathComplexity="0" sequenceCoverage="100" branchCoverage="100" crapScore="1" isConstructor="false" isStatic="false" isGetter="false" isSetter="false">
              <Summary numSequencePoints="13" visitedSequencePoints="13" numBranchPoints="1" visitedBranchPoints="1" sequenceCoverage="100" branchCoverage="100" maxCyclomaticComplexity="1" minCyclomaticComplexity="1" maxCrapScore="1" minCrapScore="1" visitedClasses="0" numClasses="0" visitedMethods="1" numMethods="1" />
              <MetadataToken>100663301</MetadataToken>
              <Name>System.Void DrawingForm.Tests.FormPresentationModelTests::MovePointerTest()</Name>
              <FileRef uid="1" />
              <SequencePoints>
                <SequencePoint vc="1" uspid="36" ordinal="0" offset="0" sl="75" sc="9" el="75" ec="10" bec="0" bev="0" fileid="1" />
                <SequencePoint vc="1" uspid="37" ordinal="1" offset="1" sl="76" sc="13" el="76" ec="76" bec="0" bev="0" fileid="1" />
                <SequencePoint vc="1" uspid="38" ordinal="2" offset="36" sl="77" sc="13" el="77" ec="75" bec="0" bev="0" fileid="1" />
                <SequencePoint vc="1" uspid="39" ordinal="3" offset="71" sl="78" sc="13" el="78" ec="71" bec="0" bev="0" fileid="1" />
                <SequencePoint vc="1" uspid="40" ordinal="4" offset="93" sl="79" sc="13" el="79" ec="34" bec="0" bev="0" fileid="1" />
                <SequencePoint vc="1" uspid="41" ordinal="5" offset="100" sl="80" sc="13" el="80" ec="88" bec="0" bev="0" fileid="1" />
                <SequencePoint vc="1" uspid="42" ordinal="6" offset="113" sl="81" sc="13" el="81" ec="76" bec="0" bev="0" fileid="1" />
                <SequencePoint vc="1" uspid="43" ordinal="7" offset="148" sl="82" sc="13" el="82" ec="75" bec="0" bev="0" fileid="1" />
                <SequencePoint vc="1" uspid="44" ordinal="8" offset="183" sl="83" sc="13" el="83" ec="65" bec="0" bev="0" fileid="1" />
                <SequencePoint vc="1" uspid="45" ordinal="9" offset="205" sl="84" sc="13" el="84" ec="48" bec="0" bev="0" fileid="1" />
                <SequencePoint vc="1" uspid="46" ordinal="10" offset="217" sl="85" sc="13" el="85" ec="65" bec="0" bev="0" fileid="1" />
                <SequencePoint vc="1" uspid="47" ordinal="11" offset="252" sl="86" sc="13" el="86" ec="66" bec="0" bev="0" fileid="1" />
                <SequencePoint vc="1" uspid="48" ordinal="12" offset="287" sl="87" sc="9" el="87" ec="10" bec="0" bev="0" fileid="1" />
              </SequencePoints>
              <BranchPoints />
              <MethodPoint xsi:type="SequencePoint" vc="1" uspid="36" ordinal="0" offset="0" sl="75" sc="9" el="75" ec="10" bec="0" bev="0" fileid="1" />
            </Method>
            <Method visited="true" cyclomaticComplexity="1" nPathComplexity="0" sequenceCoverage="100" branchCoverage="100" crapScore="1" isConstructor="false" isStatic="false" isGetter="false" isSetter="false">
              <Summary numSequencePoints="3" visitedSequencePoints="3" numBranchPoints="1" visitedBranchPoints="1" sequenceCoverage="100" branchCoverage="100" maxCyclomaticComplexity="1" minCyclomaticComplexity="1" maxCrapScore="1" minCrapScore="1" visitedClasses="0" numClasses="0" visitedMethods="1" numMethods="1" />
              <MetadataToken>100663302</MetadataToken>
              <Name>System.Void DrawingForm.Tests.FormPresentationModelTests::DrawTest()</Name>
              <FileRef uid="1" />
              <SequencePoints>
                <SequencePoint vc="1" uspid="49" ordinal="0" offset="0" sl="92" sc="9" el="92" ec="10" bec="0" bev="0" fileid="1" />
                <SequencePoint vc="1" uspid="50" ordinal="1" offset="1" sl="93" sc="13" el="93" ec="46" bec="0" bev="0" fileid="1" />
                <SequencePoint vc="1" uspid="51" ordinal="2" offset="19" sl="94" sc="9" el="94" ec="10" bec="0" bev="0" fileid="1" />
              </SequencePoints>
              <BranchPoints />
              <MethodPoint xsi:type="SequencePoint" vc="1" uspid="49" ordinal="0" offset="0" sl="92" sc="9" el="92" ec="10" bec="0" bev="0" fileid="1" />
            </Method>
            <Method visited="true" cyclomaticComplexity="1" nPathComplexity="0" sequenceCoverage="100" branchCoverage="100" crapScore="1" isConstructor="false" isStatic="false" isGetter="false" isSetter="false">
              <Summary numSequencePoints="13" visitedSequencePoints="13" numBranchPoints="1" visitedBranchPoints="1" sequenceCoverage="100" branchCoverage="100" maxCyclomaticComplexity="1" minCyclomaticComplexity="1" maxCrapScore="1" minCrapScore="1" visitedClasses="0" numClasses="0" visitedMethods="1" numMethods="1" />
              <MetadataToken>100663303</MetadataToken>
              <Name>System.Void DrawingForm.Tests.FormPresentationModelTests::ChangeShapeTest()</Name>
              <FileRef uid="1" />
              <SequencePoints>
                <SequencePoint vc="1" uspid="52" ordinal="0" offset="0" sl="99" sc="9" el="99" ec="10" bec="0" bev="0" fileid="1" />
                <SequencePoint vc="1" uspid="53" ordinal="1" offset="1" sl="100" sc="13" el="100" ec="126" bec="0" bev="0" fileid="1" />
                <SequencePoint vc="1" uspid="54" ordinal="2" offset="23" sl="101" sc="13" el="101" ec="69" bec="0" bev="0" fileid="1" />
                <SequencePoint vc="1" uspid="55" ordinal="3" offset="31" sl="102" sc="13" el="102" ec="75" bec="0" bev="0" fileid="1" />
                <SequencePoint vc="1" uspid="56" ordinal="4" offset="44" sl="103" sc="13" el="103" ec="103" bec="0" bev="0" fileid="1" />
                <SequencePoint vc="1" uspid="57" ordinal="5" offset="66" sl="104" sc="13" el="104" ec="72" bec="0" bev="0" fileid="1" />
                <SequencePoint vc="1" uspid="58" ordinal="6" offset="74" sl="105" sc="13" el="105" ec="77" bec="0" bev="0" fileid="1" />
                <SequencePoint vc="1" uspid="59" ordinal="7" offset="87" sl="106" sc="13" el="106" ec="103" bec="0" bev="0" fileid="1" />
                <SequencePoint vc="1" uspid="60" ordinal="8" offset="109" sl="107" sc="13" el="107" ec="74" bec="0" bev="0" fileid="1" />
                <SequencePoint vc="1" uspid="61" ordinal="9" offset="117" sl="108" sc="13" el="108" ec="72" bec="0" bev="0" fileid="1" />
                <SequencePoint vc="1" uspid="62" ordinal="10" offset="130" sl="109" sc="13" el="109" ec="103" bec="0" bev="0" fileid="1" />
                <SequencePoint vc="1" uspid="63" ordinal="11" offset="152" sl="110" sc="13" el="110" ec="69" bec="0" bev="0" fileid="1" />
                <SequencePoint vc="1" uspid="64" ordinal="12" offset="160" sl="111" sc="9" el="111" ec="10" bec="0" bev="0" fileid="1" />
              </SequencePoints>
              <BranchPoints />
              <MethodPoint xsi:type="SequencePoint" vc="1" uspid="52" ordinal="0" offset="0" sl="99" sc="9" el="99" ec="10" bec="0" bev="0" fileid="1" />
            </Method>
            <Method visited="true" cyclomaticComplexity="1" nPathComplexity="0" sequenceCoverage="100" branchCoverage="100" crapScore="1" isConstructor="false" isStatic="false" isGetter="false" isSetter="false">
              <Summary numSequencePoints="4" visitedSequencePoints="4" numBranchPoints="1" visitedBranchPoints="1" sequenceCoverage="100" branchCoverage="100" maxCyclomaticComplexity="1" minCyclomaticComplexity="1" maxCrapScore="1" minCrapScore="1" visitedClasses="0" numClasses="0" visitedMethods="1" numMethods="1" />
              <MetadataToken>100663304</MetadataToken>
              <Name>System.Void DrawingForm.Tests.FormPresentationModelTests::ClearTest()</Name>
              <FileRef uid="1" />
              <SequencePoints>
                <SequencePoint vc="1" uspid="65" ordinal="0" offset="0" sl="116" sc="9" el="116" ec="10" bec="0" bev="0" fileid="1" />
                <SequencePoint vc="1" uspid="66" ordinal="1" offset="1" sl="117" sc="13" el="117" ec="39" bec="0" bev="0" fileid="1" />
                <SequencePoint vc="1" uspid="67" ordinal="2" offset="13" sl="118" sc="13" el="118" ec="46" bec="0" bev="0" fileid="1" />
                <SequencePoint vc="1" uspid="68" ordinal="3" offset="31" sl="119" sc="9" el="119" ec="10" bec="0" bev="0" fileid="1" />
              </SequencePoints>
              <BranchPoints />
              <MethodPoint xsi:type="SequencePoint" vc="1" uspid="65" ordinal="0" offset="0" sl="116" sc="9" el="116" ec="10" bec="0" bev="0" fileid="1" />
            </Method>
            <Method visited="true" cyclomaticComplexity="1" nPathComplexity="0" sequenceCoverage="100" branchCoverage="100" crapScore="1" isConstructor="false" isStatic="false" isGetter="false" isSetter="false">
              <Summary numSequencePoints="11" visitedSequencePoints="11" numBranchPoints="1" visitedBranchPoints="1" sequenceCoverage="100" branchCoverage="100" maxCyclomaticComplexity="1" minCyclomaticComplexity="1" maxCrapScore="1" minCrapScore="1" visitedClasses="0" numClasses="0" visitedMethods="1" numMethods="1" />
              <MetadataToken>100663305</MetadataToken>
              <Name>System.Void DrawingForm.Tests.FormPresentationModelTests::IsRectangleButtonEnableTest()</Name>
              <FileRef uid="1" />
              <SequencePoints>
                <SequencePoint vc="1" uspid="69" ordinal="0" offset="0" sl="124" sc="9" el="124" ec="10" bec="0" bev="0" fileid="1" />
                <SequencePoint vc="1" uspid="70" ordinal="1" offset="1" sl="125" sc="13" el="125" ec="70" bec="0" bev="0" fileid="1" />
                <SequencePoint vc="1" uspid="71" ordinal="2" offset="18" sl="126" sc="13" el="126" ec="77" bec="0" bev="0" fileid="1" />
                <SequencePoint vc="1" uspid="72" ordinal="3" offset="31" sl="127" sc="13" el="127" ec="71" bec="0" bev="0" fileid="1" />
                <SequencePoint vc="1" uspid="73" ordinal="4" offset="48" sl="128" sc="13" el="128" ec="39" bec="0" bev="0" fileid="1" />
                <SequencePoint vc="1" uspid="74" ordinal="5" offset="60" sl="129" sc="13" el="129" ec="71" bec="0" bev="0" fileid="1" />
                <SequencePoint vc="1" uspid="75" ordinal="6" offset="77" sl="130" sc="13" el="130" ec="75" bec="0" bev="0" fileid="1" />
                <SequencePoint vc="1" uspid="76" ordinal="7" offset="90" sl="131" sc="13" el="131" ec="70" bec="0" bev="0" fileid="1" />
                <SequencePoint vc="1" uspid="77" ordinal="8" offset="107" sl="132" sc="13" el="132" ec="72" bec="0" bev="0" fileid="1" />
                <SequencePoint vc="1" uspid="78" ordinal="9" offset="120" sl="133" sc="13" el="133" ec="70" bec="0" bev="0" fileid="1" />
                <SequencePoint vc="1" uspid="79" ordinal="10" offset="137" sl="134" sc="9" el="134" ec="10" bec="0" bev="0" fileid="1" />
              </SequencePoints>
              <BranchPoints />
              <MethodPoint xsi:type="SequencePoint" vc="1" uspid="69" ordinal="0" offset="0" sl="124" sc="9" el="124" ec="10" bec="0" bev="0" fileid="1" />
            </Method>
            <Method visited="true" cyclomaticComplexity="1" nPathComplexity="0" sequenceCoverage="100" branchCoverage="100" crapScore="1" isConstructor="false" isStatic="false" isGetter="false" isSetter="false">
              <Summary numSequencePoints="11" visitedSequencePoints="11" numBranchPoints="1" visitedBranchPoints="1" sequenceCoverage="100" branchCoverage="100" maxCyclomaticComplexity="1" minCyclomaticComplexity="1" maxCrapScore="1" minCrapScore="1" visitedClasses="0" numClasses="0" visitedMethods="1" numMethods="1" />
              <MetadataToken>100663306</MetadataToken>
              <Name>System.Void DrawingForm.Tests.FormPresentationModelTests::IsEllipseButtonEnableTest()</Name>
              <FileRef uid="1" />
              <SequencePoints>
                <SequencePoint vc="1" uspid="80" ordinal="0" offset="0" sl="139" sc="9" el="139" ec="10" bec="0" bev="0" fileid="1" />
                <SequencePoint vc="1" uspid="81" ordinal="1" offset="1" sl="140" sc="13" el="140" ec="68" bec="0" bev="0" fileid="1" />
                <SequencePoint vc="1" uspid="82" ordinal="2" offset="18" sl="141" sc="13" el="141" ec="77" bec="0" bev="0" fileid="1" />
                <SequencePoint vc="1" uspid="83" ordinal="3" offset="31" sl="142" sc="13" el="142" ec="68" bec="0" bev="0" fileid="1" />
                <SequencePoint vc="1" uspid="84" ordinal="4" offset="48" sl="143" sc="13" el="143" ec="75" bec="0" bev="0" fileid="1" />
                <SequencePoint vc="1" uspid="85" ordinal="5" offset="61" sl="144" sc="13" el="144" ec="69" bec="0" bev="0" fileid="1" />
                <SequencePoint vc="1" uspid="86" ordinal="6" offset="78" sl="145" sc="13" el="145" ec="39" bec="0" bev="0" fileid="1" />
                <SequencePoint vc="1" uspid="87" ordinal="7" offset="90" sl="146" sc="13" el="146" ec="69" bec="0" bev="0" fileid="1" />
                <SequencePoint vc="1" uspid="88" ordinal="8" offset="107" sl="147" sc="13" el="147" ec="72" bec="0" bev="0" fileid="1" />
                <SequencePoint vc="1" uspid="89" ordinal="9" offset="120" sl="148" sc="13" el="148" ec="68" bec="0" bev="0" fileid="1" />
                <SequencePoint vc="1" uspid="90" ordinal="10" offset="137" sl="149" sc="9" el="149" ec="10" bec="0" bev="0" fileid="1" />
              </SequencePoints>
              <BranchPoints />
              <MethodPoint xsi:type="SequencePoint" vc="1" uspid="80" ordinal="0" offset="0" sl="139" sc="9" el="139" ec="10" bec="0" bev="0" fileid="1" />
            </Method>
            <Method visited="true" cyclomaticComplexity="1" nPathComplexity="0" sequenceCoverage="100" branchCoverage="100" crapScore="1" isConstructor="false" isStatic="false" isGetter="false" isSetter="false">
              <Summary numSequencePoints="14" visitedSequencePoints="14" numBranchPoints="1" visitedBranchPoints="1" sequenceCoverage="100" branchCoverage="100" maxCyclomaticComplexity="1" minCyclomaticComplexity="1" maxCrapScore="1" minCrapScore="1" visitedClasses="0" numClasses="0" visitedMethods="1" numMethods="1" />
              <MetadataToken>100663307</MetadataToken>
              <Name>System.Void DrawingForm.Tests.FormPresentationModelTests::DelegateTest()</Name>
              <FileRef uid="1" />
              <SequencePoints>
                <SequencePoint vc="1" uspid="91" ordinal="0" offset="6" sl="154" sc="9" el="154" ec="10" bec="0" bev="0" fileid="1" />
                <SequencePoint vc="1" uspid="92" ordinal="1" offset="7" sl="155" sc="13" el="159" ec="15" bec="0" bev="0" fileid="1" />
                <SequencePoint vc="1" uspid="93" ordinal="2" offset="37" sl="160" sc="13" el="160" ec="63" bec="0" bev="0" fileid="1" />
                <SequencePoint vc="1" uspid="94" ordinal="3" offset="49" sl="161" sc="13" el="161" ec="111" bec="0" bev="0" fileid="1" />
                <SequencePoint vc="1" uspid="95" ordinal="4" offset="73" sl="162" sc="13" el="162" ec="69" bec="0" bev="0" fileid="1" />
                <SequencePoint vc="1" uspid="96" ordinal="5" offset="96" sl="163" sc="13" el="163" ec="75" bec="0" bev="0" fileid="1" />
                <SequencePoint vc="1" uspid="97" ordinal="6" offset="109" sl="164" sc="13" el="164" ec="51" bec="0" bev="0" fileid="1" />
                <SequencePoint vc="1" uspid="98" ordinal="7" offset="127" sl="165" sc="13" el="165" ec="50" bec="0" bev="0" fileid="1" />
                <SequencePoint vc="1" uspid="99" ordinal="8" offset="139" sl="166" sc="13" el="166" ec="77" bec="0" bev="0" fileid="1" />
                <SequencePoint vc="1" uspid="100" ordinal="9" offset="152" sl="167" sc="13" el="167" ec="51" bec="0" bev="0" fileid="1" />
                <SequencePoint vc="1" uspid="101" ordinal="10" offset="170" sl="168" sc="13" el="168" ec="50" bec="0" bev="0" fileid="1" />
                <SequencePoint vc="1" uspid="102" ordinal="11" offset="182" sl="169" sc="13" el="169" ec="39" bec="0" bev="0" fileid="1" />
                <SequencePoint vc="1" uspid="103" ordinal="12" offset="194" sl="170" sc="13" el="170" ec="69" bec="0" bev="0" fileid="1" />
                <SequencePoint vc="1" uspid="104" ordinal="13" offset="217" sl="171" sc="9" el="171" ec="10" bec="0" bev="0" fileid="1" />
              </SequencePoints>
              <BranchPoints />
              <MethodPoint vc="1" uspid="105" ordinal="0" offset="0" />
            </Method>
            <Method visited="false" cyclomaticComplexity="1" nPathComplexity="0" sequenceCoverage="0" branchCoverage="0" crapScore="2" isConstructor="true" isStatic="false" isGetter="false" isSetter="false">
              <Summary numSequencePoints="0" visitedSequencePoints="0" numBranchPoints="0" visitedBranchPoints="0" sequenceCoverage="0" branchCoverage="0" maxCyclomaticComplexity="1" minCyclomaticComplexity="1" maxCrapScore="2" minCrapScore="2" visitedClasses="0" numClasses="0" visitedMethods="0" numMethods="0" />
              <MetadataToken>100663308</MetadataToken>
              <Name>System.Void DrawingForm.Tests.FormPresentationModelTests::.ctor()</Name>
              <SequencePoints />
              <BranchPoints />
              <MethodPoint vc="0" uspid="106" ordinal="0" offset="0" />
            </Method>
          </Methods>
        </Class>
        <Class>
          <Summary numSequencePoints="3" visitedSequencePoints="3" numBranchPoints="1" visitedBranchPoints="1" sequenceCoverage="100" branchCoverage="100" maxCyclomaticComplexity="1" minCyclomaticComplexity="1" maxCrapScore="2" minCrapScore="1" visitedClasses="1" numClasses="1" visitedMethods="1" numMethods="1" />
          <FullName>DrawingForm.Tests.FormPresentationModelTests/&lt;&gt;c__DisplayClass16_0</FullName>
          <Methods>
            <Method visited="false" cyclomaticComplexity="1" nPathComplexity="0" sequenceCoverage="0" branchCoverage="0" crapScore="2" isConstructor="true" isStatic="false" isGetter="false" isSetter="false">
              <Summary numSequencePoints="0" visitedSequencePoints="0" numBranchPoints="0" visitedBranchPoints="0" sequenceCoverage="0" branchCoverage="0" maxCyclomaticComplexity="1" minCyclomaticComplexity="1" maxCrapScore="2" minCrapScore="2" visitedClasses="0" numClasses="0" visitedMethods="0" numMethods="0" />
              <MetadataToken>100663337</MetadataToken>
              <Name>System.Void DrawingForm.Tests.FormPresentationModelTests/&lt;&gt;c__DisplayClass16_0::.ctor()</Name>
              <SequencePoints />
              <BranchPoints />
              <MethodPoint vc="0" uspid="107" ordinal="0" offset="0" />
            </Method>
            <Method visited="true" cyclomaticComplexity="1" nPathComplexity="0" sequenceCoverage="100" branchCoverage="100" crapScore="1" isConstructor="false" isStatic="false" isGetter="false" isSetter="false">
              <Summary numSequencePoints="3" visitedSequencePoints="3" numBranchPoints="1" visitedBranchPoints="1" sequenceCoverage="100" branchCoverage="100" maxCyclomaticComplexity="1" minCyclomaticComplexity="1" maxCrapScore="1" minCrapScore="1" visitedClasses="0" numClasses="0" visitedMethods="1" numMethods="1" />
              <MetadataToken>100663338</MetadataToken>
              <Name>System.Void DrawingForm.Tests.FormPresentationModelTests/&lt;&gt;c__DisplayClass16_0::&lt;DelegateTest&gt;b__0(System.Object,System.ComponentModel.PropertyChangedEventArgs)</Name>
              <FileRef uid="1" />
              <SequencePoints>
                <SequencePoint vc="4" uspid="108" ordinal="0" offset="0" sl="161" sc="68" el="161" ec="69" bec="0" bev="0" fileid="1" />
                <SequencePoint vc="4" uspid="109" ordinal="1" offset="1" sl="161" sc="70" el="161" ec="108" bec="0" bev="0" fileid="1" />
                <SequencePoint vc="4" uspid="110" ordinal="2" offset="19" sl="161" sc="109" el="161" ec="110" bec="0" bev="0" fileid="1" />
              </SequencePoints>
              <BranchPoints />
              <MethodPoint xsi:type="SequencePoint" vc="4" uspid="108" ordinal="0" offset="0" sl="161" sc="68" el="161" ec="69" bec="0" bev="0" fileid="1" />
            </Method>
          </Methods>
        </Class>
        <Class>
          <Summary numSequencePoints="97" visitedSequencePoints="9" numBranchPoints="22" visitedBranchPoints="2" sequenceCoverage="9.28" branchCoverage="9.09" maxCyclomaticComplexity="4" minCyclomaticComplexity="1" maxCrapScore="20" minCrapScore="1.02" visitedClasses="1" numClasses="1" visitedMethods="2" numMethods="18" />
          <FullName>DrawingForm.Tests.Robot</FullName>
          <Methods>
            <Method visited="true" cyclomaticComplexity="1" nPathComplexity="0" sequenceCoverage="75" branchCoverage="100" crapScore="1.02" isConstructor="true" isStatic="false" isGetter="false" isSetter="false">
              <Summary numSequencePoints="4" visitedSequencePoints="3" numBranchPoints="1" visitedBranchPoints="1" sequenceCoverage="75" branchCoverage="100" maxCyclomaticComplexity="1" minCyclomaticComplexity="1" maxCrapScore="1.02" minCrapScore="1.02" visitedClasses="0" numClasses="0" visitedMethods="1" numMethods="1" />
              <MetadataToken>100663309</MetadataToken>
              <Name>System.Void DrawingForm.Tests.Robot::.ctor(System.String,System.String)</Name>
              <FileRef uid="3" />
              <SequencePoints>
                <SequencePoint vc="1" uspid="111" ordinal="0" offset="0" sl="24" sc="9" el="24" ec="56" bec="0" bev="0" fileid="3" />
                <SequencePoint vc="1" uspid="112" ordinal="1" offset="7" sl="25" sc="9" el="25" ec="10" bec="0" bev="0" fileid="3" />
                <SequencePoint vc="1" uspid="113" ordinal="2" offset="8" sl="26" sc="13" el="26" ec="50" bec="0" bev="0" fileid="3" />
                <SequencePoint vc="0" uspid="114" ordinal="3" offset="17" sl="27" sc="9" el="27" ec="10" bec="0" bev="0" fileid="3" />
              </SequencePoints>
              <BranchPoints />
              <MethodPoint xsi:type="SequencePoint" vc="1" uspid="111" ordinal="0" offset="0" sl="24" sc="9" el="24" ec="56" bec="0" bev="0" fileid="3" />
            </Method>
            <Method visited="true" cyclomaticComplexity="1" nPathComplexity="0" sequenceCoverage="66.67" branchCoverage="100" crapScore="1.04" isConstructor="false" isStatic="false" isGetter="false" isSetter="false">
              <Summary numSequencePoints="9" visitedSequencePoints="6" numBranchPoints="1" visitedBranchPoints="1" sequenceCoverage="66.67" branchCoverage="100" maxCyclomaticComplexity="1" minCyclomaticComplexity="1" maxCrapScore="1.04" minCrapScore="1.04" visitedClasses="0" numClasses="0" visitedMethods="1" numMethods="1" />
              <MetadataToken>100663310</MetadataToken>
              <Name>System.Void DrawingForm.Tests.Robot::Initialize(System.String,System.String)</Name>
              <FileRef uid="3" />
              <SequencePoints>
                <SequencePoint vc="1" uspid="115" ordinal="0" offset="0" sl="31" sc="9" el="31" ec="10" bec="0" bev="0" fileid="3" />
                <SequencePoint vc="1" uspid="116" ordinal="1" offset="1" sl="32" sc="13" el="32" ec="26" bec="0" bev="0" fileid="3" />
                <SequencePoint vc="1" uspid="117" ordinal="2" offset="8" sl="33" sc="13" el="33" ec="47" bec="0" bev="0" fileid="3" />
                <SequencePoint vc="1" uspid="118" ordinal="3" offset="14" sl="34" sc="13" el="34" ec="67" bec="0" bev="0" fileid="3" />
                <SequencePoint vc="1" uspid="119" ordinal="4" offset="27" sl="35" sc="13" el="35" ec="72" bec="0" bev="0" fileid="3" />
                <SequencePoint vc="1" uspid="120" ordinal="5" offset="44" sl="37" sc="13" el="37" ec="95" bec="0" bev="0" fileid="3" />
                <SequencePoint vc="0" uspid="121" ordinal="6" offset="66" sl="38" sc="13" el="38" ec="80" bec="0" bev="0" fileid="3" />
                <SequencePoint vc="0" uspid="122" ordinal="7" offset="102" sl="39" sc="13" el="42" ec="15" bec="0" bev="0" fileid="3" />
                <SequencePoint vc="0" uspid="123" ordinal="8" offset="137" sl="43" sc="9" el="43" ec="10" bec="0" bev="0" fileid="3" />
              </SequencePoints>
              <BranchPoints />
              <MethodPoint xsi:type="SequencePoint" vc="1" uspid="115" ordinal="0" offset="0" sl="31" sc="9" el="31" ec="10" bec="0" bev="0" fileid="3" />
            </Method>
            <Method visited="false" cyclomaticComplexity="1" nPathComplexity="0" sequenceCoverage="0" branchCoverage="0" crapScore="2" isConstructor="false" isStatic="false" isGetter="false" isSetter="false">
              <Summary numSequencePoints="4" visitedSequencePoints="0" numBranchPoints="1" visitedBranchPoints="0" sequenceCoverage="0" branchCoverage="0" maxCyclomaticComplexity="1" minCyclomaticComplexity="1" maxCrapScore="2" minCrapScore="2" visitedClasses="0" numClasses="0" visitedMethods="0" numMethods="1" />
              <MetadataToken>100663311</MetadataToken>
              <Name>System.Void DrawingForm.Tests.Robot::Draw(System.String,System.Int32,System.Int32,System.Int32,System.Int32)</Name>
              <FileRef uid="3" />
              <SequencePoints>
                <SequencePoint vc="0" uspid="124" ordinal="0" offset="0" sl="47" sc="9" el="47" ec="10" bec="0" bev="0" fileid="3" />
                <SequencePoint vc="0" uspid="125" ordinal="1" offset="1" sl="48" sc="13" el="48" ec="59" bec="0" bev="0" fileid="3" />
                <SequencePoint vc="0" uspid="126" ordinal="2" offset="13" sl="49" sc="13" el="49" ec="170" bec="0" bev="0" fileid="3" />
                <SequencePoint vc="0" uspid="127" ordinal="3" offset="67" sl="50" sc="9" el="50" ec="10" bec="0" bev="0" fileid="3" />
              </SequencePoints>
              <BranchPoints />
              <MethodPoint xsi:type="SequencePoint" vc="0" uspid="124" ordinal="0" offset="0" sl="47" sc="9" el="47" ec="10" bec="0" bev="0" fileid="3" />
            </Method>
            <Method visited="false" cyclomaticComplexity="1" nPathComplexity="0" sequenceCoverage="0" branchCoverage="0" crapScore="2" isConstructor="false" isStatic="false" isGetter="false" isSetter="false">
              <Summary numSequencePoints="5" visitedSequencePoints="0" numBranchPoints="1" visitedBranchPoints="0" sequenceCoverage="0" branchCoverage="0" maxCyclomaticComplexity="1" minCyclomaticComplexity="1" maxCrapScore="2" minCrapScore="2" visitedClasses="0" numClasses="0" visitedMethods="0" numMethods="1" />
              <MetadataToken>100663312</MetadataToken>
              <Name>System.Void DrawingForm.Tests.Robot::CleanUp()</Name>
              <FileRef uid="3" />
              <SequencePoints>
                <SequencePoint vc="0" uspid="128" ordinal="0" offset="0" sl="54" sc="9" el="54" ec="10" bec="0" bev="0" fileid="3" />
                <SequencePoint vc="0" uspid="129" ordinal="1" offset="1" sl="55" sc="13" el="55" ec="29" bec="0" bev="0" fileid="3" />
                <SequencePoint vc="0" uspid="130" ordinal="2" offset="14" sl="56" sc="13" el="56" ec="32" bec="0" bev="0" fileid="3" />
                <SequencePoint vc="0" uspid="131" ordinal="3" offset="26" sl="57" sc="13" el="57" ec="31" bec="0" bev="0" fileid="3" />
                <SequencePoint vc="0" uspid="132" ordinal="4" offset="38" sl="58" sc="9" el="58" ec="10" bec="0" bev="0" fileid="3" />
              </SequencePoints>
              <BranchPoints />
              <MethodPoint xsi:type="SequencePoint" vc="0" uspid="128" ordinal="0" offset="0" sl="54" sc="9" el="54" ec="10" bec="0" bev="0" fileid="3" />
            </Method>
            <Method visited="false" cyclomaticComplexity="4" nPathComplexity="2" sequenceCoverage="0" branchCoverage="0" crapScore="20" isConstructor="false" isStatic="false" isGetter="false" isSetter="false">
              <Summary numSequencePoints="22" visitedSequencePoints="0" numBranchPoints="3" visitedBranchPoints="0" sequenceCoverage="0" branchCoverage="0" maxCyclomaticComplexity="4" minCyclomaticComplexity="4" maxCrapScore="20" minCrapScore="20" visitedClasses="0" numClasses="0" visitedMethods="0" numMethods="1" />
              <MetadataToken>100663313</MetadataToken>
              <Name>System.Void DrawingForm.Tests.Robot::SwitchTo(System.String)</Name>
              <FileRef uid="3" />
              <SequencePoints>
                <SequencePoint vc="0" uspid="133" ordinal="0" offset="0" sl="62" sc="9" el="62" ec="10" bec="0" bev="0" fileid="3" />
                <SequencePoint vc="0" uspid="134" ordinal="1" offset="1" sl="63" sc="13" el="63" ec="54" bec="2" bev="0" fileid="3" />
                <SequencePoint vc="0" uspid="135" ordinal="2" offset="17" sl="64" sc="13" el="64" ec="14" bec="0" bev="0" fileid="3" />
                <SequencePoint vc="0" uspid="136" ordinal="3" offset="18" sl="65" sc="17" el="65" ec="69" bec="0" bev="0" fileid="3" />
                <SequencePoint vc="0" uspid="137" ordinal="4" offset="47" sl="66" sc="13" el="66" ec="14" bec="0" bev="0" fileid="3" />
                <SequencePoint vc="0" uspid="138" ordinal="5" offset="50" sl="68" sc="13" el="68" ec="14" bec="0" bev="0" fileid="3" />
                <SequencePoint vc="0" uspid="139" ordinal="6" offset="51" sl="69" sc="17" el="69" ec="24" bec="0" bev="0" fileid="3" />
                <SequencePoint vc="0" uspid="140" ordinal="7" offset="52" sl="69" sc="46" el="69" ec="67" bec="0" bev="0" fileid="3" />
                <SequencePoint vc="0" uspid="141" ordinal="8" offset="71" sl="69" sc="26" el="69" ec="42" bec="0" bev="0" fileid="3" />
                <SequencePoint vc="0" uspid="142" ordinal="9" offset="78" sl="70" sc="17" el="70" ec="18" bec="0" bev="0" fileid="3" />
                <SequencePoint vc="0" uspid="143" ordinal="10" offset="79" sl="71" sc="21" el="71" ec="61" bec="0" bev="0" fileid="3" />
                <SequencePoint vc="0" uspid="144" ordinal="11" offset="97" sl="73" sc="21" el="73" ec="22" bec="0" bev="0" fileid="3" />
                <SequencePoint vc="0" uspid="145" ordinal="12" offset="98" sl="74" sc="25" el="74" ec="72" bec="0" bev="0" fileid="3" />
                <SequencePoint vc="0" uspid="146" ordinal="13" offset="111" sl="75" sc="25" el="75" ec="68" bec="0" bev="0" fileid="3" />
                <SequencePoint vc="0" uspid="147" ordinal="14" offset="125" sl="76" sc="25" el="76" ec="32" bec="0" bev="0" fileid="3" />
                <SequencePoint vc="0" uspid="148" ordinal="15" offset="127" sl="78" sc="21" el="78" ec="26" bec="0" bev="0" fileid="3" />
                <SequencePoint vc="0" uspid="149" ordinal="16" offset="128" sl="79" sc="21" el="79" ec="22" bec="0" bev="0" fileid="3" />
                <SequencePoint vc="0" uspid="150" ordinal="17" offset="129" sl="81" sc="21" el="81" ec="22" bec="0" bev="0" fileid="3" />
                <SequencePoint vc="0" uspid="151" ordinal="18" offset="132" sl="82" sc="17" el="82" ec="18" bec="0" bev="0" fileid="3" />
                <SequencePoint vc="0" uspid="152" ordinal="19" offset="133" sl="69" sc="43" el="69" ec="45" bec="0" bev="0" fileid="3" />
                <SequencePoint vc="0" uspid="153" ordinal="20" offset="154" sl="83" sc="13" el="83" ec="14" bec="0" bev="0" fileid="3" />
                <SequencePoint vc="0" uspid="154" ordinal="21" offset="155" sl="84" sc="9" el="84" ec="10" bec="0" bev="0" fileid="3" />
              </SequencePoints>
              <BranchPoints>
                <BranchPoint vc="0" uspid="155" ordinal="0" offset="15" sl="63" path="0" offsetend="17" fileid="3" />
                <BranchPoint vc="0" uspid="156" ordinal="1" offset="15" sl="63" path="1" offsetend="50" fileid="3" />
              </BranchPoints>
              <MethodPoint xsi:type="SequencePoint" vc="0" uspid="133" ordinal="0" offset="0" sl="62" sc="9" el="62" ec="10" bec="0" bev="0" fileid="3" />
            </Method>
            <Method visited="false" cyclomaticComplexity="1" nPathComplexity="0" sequenceCoverage="0" branchCoverage="0" crapScore="2" isConstructor="false" isStatic="false" isGetter="false" isSetter="false">
              <Summary numSequencePoints="3" visitedSequencePoints="0" numBranchPoints="1" visitedBranchPoints="0" sequenceCoverage="0" branchCoverage="0" maxCyclomaticComplexity="1" minCyclomaticComplexity="1" maxCrapScore="2" minCrapScore="2" visitedClasses="0" numClasses="0" visitedMethods="0" numMethods="1" />
              <MetadataToken>100663314</MetadataToken>
              <Name>System.Void DrawingForm.Tests.Robot::ClearText(System.String)</Name>
              <FileRef uid="3" />
              <SequencePoints>
                <SequencePoint vc="0" uspid="159" ordinal="0" offset="0" sl="88" sc="9" el="88" ec="10" bec="0" bev="0" fileid="3" />
                <SequencePoint vc="0" uspid="160" ordinal="1" offset="1" sl="89" sc="13" el="89" ec="64" bec="0" bev="0" fileid="3" />
                <SequencePoint vc="0" uspid="161" ordinal="2" offset="19" sl="90" sc="9" el="90" ec="10" bec="0" bev="0" fileid="3" />
              </SequencePoints>
              <BranchPoints />
              <MethodPoint xsi:type="SequencePoint" vc="0" uspid="159" ordinal="0" offset="0" sl="88" sc="9" el="88" ec="10" bec="0" bev="0" fileid="3" />
            </Method>
            <Method visited="false" cyclomaticComplexity="1" nPathComplexity="0" sequenceCoverage="0" branchCoverage="0" crapScore="2" isConstructor="false" isStatic="false" isGetter="false" isSetter="false">
              <Summary numSequencePoints="4" visitedSequencePoints="0" numBranchPoints="1" visitedBranchPoints="0" sequenceCoverage="0" branchCoverage="0" maxCyclomaticComplexity="1" minCyclomaticComplexity="1" maxCrapScore="2" minCrapScore="2" visitedClasses="0" numClasses="0" visitedMethods="0" numMethods="1" />
              <MetadataToken>100663315</MetadataToken>
              <Name>System.Void DrawingForm.Tests.Robot::AddText(System.String,System.String)</Name>
              <FileRef uid="3" />
              <SequencePoints>
                <SequencePoint vc="0" uspid="162" ordinal="0" offset="0" sl="94" sc="9" el="94" ec="10" bec="0" bev="0" fileid="3" />
                <SequencePoint vc="0" uspid="163" ordinal="1" offset="1" sl="95" sc="13" el="95" ec="64" bec="0" bev="0" fileid="3" />
                <SequencePoint vc="0" uspid="164" ordinal="2" offset="19" sl="96" sc="13" el="96" ec="71" bec="0" bev="0" fileid="3" />
                <SequencePoint vc="0" uspid="165" ordinal="3" offset="38" sl="97" sc="9" el="97" ec="10" bec="0" bev="0" fileid="3" />
              </SequencePoints>
              <BranchPoints />
              <MethodPoint xsi:type="SequencePoint" vc="0" uspid="162" ordinal="0" offset="0" sl="94" sc="9" el="94" ec="10" bec="0" bev="0" fileid="3" />
            </Method>
            <Method visited="false" cyclomaticComplexity="1" nPathComplexity="0" sequenceCoverage="0" branchCoverage="0" crapScore="2" isConstructor="false" isStatic="false" isGetter="false" isSetter="false">
              <Summary numSequencePoints="4" visitedSequencePoints="0" numBranchPoints="1" visitedBranchPoints="0" sequenceCoverage="0" branchCoverage="0" maxCyclomaticComplexity="1" minCyclomaticComplexity="1" maxCrapScore="2" minCrapScore="2" visitedClasses="0" numClasses="0" visitedMethods="0" numMethods="1" />
              <MetadataToken>100663316</MetadataToken>
              <Name>System.Void DrawingForm.Tests.Robot::SetText(System.String,System.String)</Name>
              <FileRef uid="3" />
              <SequencePoints>
                <SequencePoint vc="0" uspid="166" ordinal="0" offset="0" sl="101" sc="9" el="101" ec="10" bec="0" bev="0" fileid="3" />
                <SequencePoint vc="0" uspid="167" ordinal="1" offset="1" sl="102" sc="13" el="102" ec="29" bec="0" bev="0" fileid="3" />
                <SequencePoint vc="0" uspid="168" ordinal="2" offset="9" sl="103" sc="13" el="103" ec="33" bec="0" bev="0" fileid="3" />
                <SequencePoint vc="0" uspid="169" ordinal="3" offset="18" sl="104" sc="9" el="104" ec="10" bec="0" bev="0" fileid="3" />
              </SequencePoints>
              <BranchPoints />
              <MethodPoint xsi:type="SequencePoint" vc="0" uspid="166" ordinal="0" offset="0" sl="101" sc="9" el="101" ec="10" bec="0" bev="0" fileid="3" />
            </Method>
            <Method visited="false" cyclomaticComplexity="1" nPathComplexity="0" sequenceCoverage="0" branchCoverage="0" crapScore="2" isConstructor="false" isStatic="false" isGetter="false" isSetter="false">
              <Summary numSequencePoints="3" visitedSequencePoints="0" numBranchPoints="1" visitedBranchPoints="0" sequenceCoverage="0" branchCoverage="0" maxCyclomaticComplexity="1" minCyclomaticComplexity="1" maxCrapScore="2" minCrapScore="2" visitedClasses="0" numClasses="0" visitedMethods="0" numMethods="1" />
              <MetadataToken>100663317</MetadataToken>
              <Name>System.Void DrawingForm.Tests.Robot::Sleep(System.Double)</Name>
              <FileRef uid="3" />
              <SequencePoints>
                <SequencePoint vc="0" uspid="170" ordinal="0" offset="0" sl="108" sc="9" el="108" ec="10" bec="0" bev="0" fileid="3" />
                <SequencePoint vc="0" uspid="171" ordinal="1" offset="1" sl="109" sc="13" el="109" ec="54" bec="0" bev="0" fileid="3" />
                <SequencePoint vc="0" uspid="172" ordinal="2" offset="13" sl="110" sc="9" el="110" ec="10" bec="0" bev="0" fileid="3" />
              </SequencePoints>
              <BranchPoints />
              <MethodPoint xsi:type="SequencePoint" vc="0" uspid="170" ordinal="0" offset="0" sl="108" sc="9" el="108" ec="10" bec="0" bev="0" fileid="3" />
            </Method>
            <Method visited="false" cyclomaticComplexity="1" nPathComplexity="0" sequenceCoverage="0" branchCoverage="0" crapScore="2" isConstructor="false" isStatic="false" isGetter="false" isSetter="false">
              <Summary numSequencePoints="3" visitedSequencePoints="0" numBranchPoints="1" visitedBranchPoints="0" sequenceCoverage="0" branchCoverage="0" maxCyclomaticComplexity="1" minCyclomaticComplexity="1" maxCrapScore="2" minCrapScore="2" visitedClasses="0" numClasses="0" visitedMethods="0" numMethods="1" />
              <MetadataToken>100663318</MetadataToken>
              <Name>System.Void DrawingForm.Tests.Robot::ClickButton(System.String)</Name>
              <FileRef uid="3" />
              <SequencePoints>
                <SequencePoint vc="0" uspid="173" ordinal="0" offset="0" sl="114" sc="9" el="114" ec="10" bec="0" bev="0" fileid="3" />
                <SequencePoint vc="0" uspid="174" ordinal="1" offset="1" sl="115" sc="13" el="115" ec="53" bec="0" bev="0" fileid="3" />
                <SequencePoint vc="0" uspid="175" ordinal="2" offset="19" sl="116" sc="9" el="116" ec="10" bec="0" bev="0" fileid="3" />
              </SequencePoints>
              <BranchPoints />
              <MethodPoint xsi:type="SequencePoint" vc="0" uspid="173" ordinal="0" offset="0" sl="114" sc="9" el="114" ec="10" bec="0" bev="0" fileid="3" />
            </Method>
            <Method visited="false" cyclomaticComplexity="1" nPathComplexity="0" sequenceCoverage="0" branchCoverage="0" crapScore="2" isConstructor="false" isStatic="false" isGetter="false" isSetter="false">
              <Summary numSequencePoints="3" visitedSequencePoints="0" numBranchPoints="1" visitedBranchPoints="0" sequenceCoverage="0" branchCoverage="0" maxCyclomaticComplexity="1" minCyclomaticComplexity="1" maxCrapScore="2" minCrapScore="2" visitedClasses="0" numClasses="0" visitedMethods="0" numMethods="1" />
              <MetadataToken>100663319</MetadataToken>
              <Name>System.Void DrawingForm.Tests.Robot::ClickControl(System.String)</Name>
              <FileRef uid="3" />
              <SequencePoints>
                <SequencePoint vc="0" uspid="176" ordinal="0" offset="0" sl="120" sc="9" el="120" ec="10" bec="0" bev="0" fileid="3" />
                <SequencePoint vc="0" uspid="177" ordinal="1" offset="1" sl="121" sc="13" el="121" ec="64" bec="0" bev="0" fileid="3" />
                <SequencePoint vc="0" uspid="178" ordinal="2" offset="19" sl="122" sc="9" el="122" ec="10" bec="0" bev="0" fileid="3" />
              </SequencePoints>
              <BranchPoints />
              <MethodPoint xsi:type="SequencePoint" vc="0" uspid="176" ordinal="0" offset="0" sl="120" sc="9" el="120" ec="10" bec="0" bev="0" fileid="3" />
            </Method>
            <Method visited="false" cyclomaticComplexity="4" nPathComplexity="2" sequenceCoverage="0" branchCoverage="0" crapScore="20" isConstructor="false" isStatic="false" isGetter="false" isSetter="false">
              <Summary numSequencePoints="11" visitedSequencePoints="0" numBranchPoints="3" visitedBranchPoints="0" sequenceCoverage="0" branchCoverage="0" maxCyclomaticComplexity="4" minCyclomaticComplexity="4" maxCrapScore="20" minCrapScore="20" visitedClasses="0" numClasses="0" visitedMethods="0" numMethods="1" />
              <MetadataToken>100663320</MetadataToken>
              <Name>System.Void DrawingForm.Tests.Robot::ClickTabControl(System.String)</Name>
              <FileRef uid="3" />
              <SequencePoints>
                <SequencePoint vc="0" uspid="179" ordinal="0" offset="0" sl="126" sc="9" el="126" ec="10" bec="0" bev="0" fileid="3" />
                <SequencePoint vc="0" uspid="180" ordinal="1" offset="1" sl="127" sc="13" el="127" ec="61" bec="0" bev="0" fileid="3" />
                <SequencePoint vc="0" uspid="181" ordinal="2" offset="14" sl="128" sc="13" el="128" ec="20" bec="0" bev="0" fileid="3" />
                <SequencePoint vc="0" uspid="182" ordinal="3" offset="15" sl="128" sc="37" el="128" ec="45" bec="0" bev="0" fileid="3" />
                <SequencePoint vc="0" uspid="183" ordinal="4" offset="24" sl="128" sc="22" el="128" ec="33" bec="0" bev="0" fileid="3" />
                <SequencePoint vc="0" uspid="184" ordinal="5" offset="31" sl="129" sc="13" el="129" ec="14" bec="0" bev="0" fileid="3" />
                <SequencePoint vc="0" uspid="185" ordinal="6" offset="32" sl="130" sc="17" el="130" ec="62" bec="2" bev="0" fileid="3" />
                <SequencePoint vc="0" uspid="186" ordinal="7" offset="52" sl="131" sc="21" el="131" ec="37" bec="0" bev="0" fileid="3" />
                <SequencePoint vc="0" uspid="187" ordinal="8" offset="59" sl="132" sc="13" el="132" ec="14" bec="0" bev="0" fileid="3" />
                <SequencePoint vc="0" uspid="188" ordinal="9" offset="60" sl="128" sc="34" el="128" ec="36" bec="0" bev="0" fileid="3" />
                <SequencePoint vc="0" uspid="189" ordinal="10" offset="81" sl="133" sc="9" el="133" ec="10" bec="0" bev="0" fileid="3" />
              </SequencePoints>
              <BranchPoints>
                <BranchPoint vc="0" uspid="190" ordinal="0" offset="50" sl="130" path="0" offsetend="52" fileid="3" />
                <BranchPoint vc="0" uspid="191" ordinal="1" offset="50" sl="130" path="1" offsetend="59" fileid="3" />
              </BranchPoints>
              <MethodPoint xsi:type="SequencePoint" vc="0" uspid="179" ordinal="0" offset="0" sl="126" sc="9" el="126" ec="10" bec="0" bev="0" fileid="3" />
            </Method>
            <Method visited="false" cyclomaticComplexity="1" nPathComplexity="0" sequenceCoverage="0" branchCoverage="0" crapScore="2" isConstructor="false" isStatic="false" isGetter="false" isSetter="false">
              <Summary numSequencePoints="3" visitedSequencePoints="0" numBranchPoints="1" visitedBranchPoints="0" sequenceCoverage="0" branchCoverage="0" maxCyclomaticComplexity="1" minCyclomaticComplexity="1" maxCrapScore="2" minCrapScore="2" visitedClasses="0" numClasses="0" visitedMethods="0" numMethods="1" />
              <MetadataToken>100663321</MetadataToken>
              <Name>System.Void DrawingForm.Tests.Robot::CloseWindow()</Name>
              <FileRef uid="3" />
              <SequencePoints>
                <SequencePoint vc="0" uspid="194" ordinal="0" offset="0" sl="137" sc="9" el="137" ec="10" bec="0" bev="0" fileid="3" />
                <SequencePoint vc="0" uspid="195" ordinal="1" offset="1" sl="138" sc="13" el="138" ec="40" bec="0" bev="0" fileid="3" />
                <SequencePoint vc="0" uspid="196" ordinal="2" offset="12" sl="139" sc="9" el="139" ec="10" bec="0" bev="0" fileid="3" />
              </SequencePoints>
              <BranchPoints />
              <MethodPoint xsi:type="SequencePoint" vc="0" uspid="194" ordinal="0" offset="0" sl="137" sc="9" el="137" ec="10" bec="0" bev="0" fileid="3" />
            </Method>
            <Method visited="false" cyclomaticComplexity="1" nPathComplexity="0" sequenceCoverage="0" branchCoverage="0" crapScore="2" isConstructor="false" isStatic="false" isGetter="false" isSetter="false">
              <Summary numSequencePoints="3" visitedSequencePoints="0" numBranchPoints="1" visitedBranchPoints="0" sequenceCoverage="0" branchCoverage="0" maxCyclomaticComplexity="1" minCyclomaticComplexity="1" maxCrapScore="2" minCrapScore="2" visitedClasses="0" numClasses="0" visitedMethods="0" numMethods="1" />
              <MetadataToken>100663322</MetadataToken>
              <Name>System.Void DrawingForm.Tests.Robot::CloseMessageBox()</Name>
              <FileRef uid="3" />
              <SequencePoints>
                <SequencePoint vc="0" uspid="197" ordinal="0" offset="0" sl="143" sc="9" el="143" ec="10" bec="0" bev="0" fileid="3" />
                <SequencePoint vc="0" uspid="198" ordinal="1" offset="1" sl="144" sc="13" el="144" ec="53" bec="0" bev="0" fileid="3" />
                <SequencePoint vc="0" uspid="199" ordinal="2" offset="23" sl="145" sc="9" el="145" ec="10" bec="0" bev="0" fileid="3" />
              </SequencePoints>
              <BranchPoints />
              <MethodPoint xsi:type="SequencePoint" vc="0" uspid="197" ordinal="0" offset="0" sl="143" sc="9" el="143" ec="10" bec="0" bev="0" fileid="3" />
            </Method>
            <Method visited="false" cyclomaticComplexity="1" nPathComplexity="0" sequenceCoverage="0" branchCoverage="0" crapScore="2" isConstructor="false" isStatic="false" isGetter="false" isSetter="false">
              <Summary numSequencePoints="4" visitedSequencePoints="0" numBranchPoints="1" visitedBranchPoints="0" sequenceCoverage="0" branchCoverage="0" maxCyclomaticComplexity="1" minCyclomaticComplexity="1" maxCrapScore="2" minCrapScore="2" visitedClasses="0" numClasses="0" visitedMethods="0" numMethods="1" />
              <MetadataToken>100663323</MetadataToken>
              <Name>System.Void DrawingForm.Tests.Robot::AssertExists(System.String)</Name>
              <FileRef uid="3" />
              <SequencePoints>
                <SequencePoint vc="0" uspid="200" ordinal="0" offset="0" sl="149" sc="9" el="149" ec="10" bec="0" bev="0" fileid="3" />
                <SequencePoint vc="0" uspid="201" ordinal="1" offset="1" sl="150" sc="13" el="150" ec="70" bec="0" bev="0" fileid="3" />
                <SequencePoint vc="0" uspid="202" ordinal="2" offset="14" sl="151" sc="13" el="151" ec="39" bec="0" bev="0" fileid="3" />
                <SequencePoint vc="0" uspid="203" ordinal="3" offset="21" sl="152" sc="9" el="152" ec="10" bec="0" bev="0" fileid="3" />
              </SequencePoints>
              <BranchPoints />
              <MethodPoint xsi:type="SequencePoint" vc="0" uspid="200" ordinal="0" offset="0" sl="149" sc="9" el="149" ec="10" bec="0" bev="0" fileid="3" />
            </Method>
            <Method visited="false" cyclomaticComplexity="1" nPathComplexity="0" sequenceCoverage="0" branchCoverage="0" crapScore="2" isConstructor="false" isStatic="false" isGetter="false" isSetter="false">
              <Summary numSequencePoints="4" visitedSequencePoints="0" numBranchPoints="1" visitedBranchPoints="0" sequenceCoverage="0" branchCoverage="0" maxCyclomaticComplexity="1" minCyclomaticComplexity="1" maxCrapScore="2" minCrapScore="2" visitedClasses="0" numClasses="0" visitedMethods="0" numMethods="1" />
              <MetadataToken>100663324</MetadataToken>
              <Name>System.Void DrawingForm.Tests.Robot::AssertEnable(System.String,System.Boolean)</Name>
              <FileRef uid="3" />
              <SequencePoints>
                <SequencePoint vc="0" uspid="204" ordinal="0" offset="0" sl="156" sc="9" el="156" ec="10" bec="0" bev="0" fileid="3" />
                <SequencePoint vc="0" uspid="205" ordinal="1" offset="1" sl="157" sc="13" el="157" ec="70" bec="0" bev="0" fileid="3" />
                <SequencePoint vc="0" uspid="206" ordinal="2" offset="14" sl="158" sc="13" el="158" ec="53" bec="0" bev="0" fileid="3" />
                <SequencePoint vc="0" uspid="207" ordinal="3" offset="27" sl="159" sc="9" el="159" ec="10" bec="0" bev="0" fileid="3" />
              </SequencePoints>
              <BranchPoints />
              <MethodPoint xsi:type="SequencePoint" vc="0" uspid="204" ordinal="0" offset="0" sl="156" sc="9" el="156" ec="10" bec="0" bev="0" fileid="3" />
            </Method>
            <Method visited="false" cyclomaticComplexity="1" nPathComplexity="0" sequenceCoverage="0" branchCoverage="0" crapScore="2" isConstructor="false" isStatic="false" isGetter="false" isSetter="false">
              <Summary numSequencePoints="4" visitedSequencePoints="0" numBranchPoints="1" visitedBranchPoints="0" sequenceCoverage="0" branchCoverage="0" maxCyclomaticComplexity="1" minCyclomaticComplexity="1" maxCrapScore="2" minCrapScore="2" visitedClasses="0" numClasses="0" visitedMethods="0" numMethods="1" />
              <MetadataToken>100663325</MetadataToken>
              <Name>System.Void DrawingForm.Tests.Robot::AssertText(System.String,System.String)</Name>
              <FileRef uid="3" />
              <SequencePoints>
                <SequencePoint vc="0" uspid="208" ordinal="0" offset="0" sl="163" sc="9" el="163" ec="10" bec="0" bev="0" fileid="3" />
                <SequencePoint vc="0" uspid="209" ordinal="1" offset="1" sl="164" sc="13" el="164" ec="81" bec="0" bev="0" fileid="3" />
                <SequencePoint vc="0" uspid="210" ordinal="2" offset="14" sl="165" sc="13" el="165" ec="49" bec="0" bev="0" fileid="3" />
                <SequencePoint vc="0" uspid="211" ordinal="3" offset="27" sl="166" sc="9" el="166" ec="10" bec="0" bev="0" fileid="3" />
              </SequencePoints>
              <BranchPoints />
              <MethodPoint xsi:type="SequencePoint" vc="0" uspid="208" ordinal="0" offset="0" sl="163" sc="9" el="163" ec="10" bec="0" bev="0" fileid="3" />
            </Method>
            <Method visited="false" cyclomaticComplexity="1" nPathComplexity="0" sequenceCoverage="0" branchCoverage="0" crapScore="2" isConstructor="false" isStatic="false" isGetter="false" isSetter="false">
              <Summary numSequencePoints="4" visitedSequencePoints="0" numBranchPoints="1" visitedBranchPoints="0" sequenceCoverage="0" branchCoverage="0" maxCyclomaticComplexity="1" minCyclomaticComplexity="1" maxCrapScore="2" minCrapScore="2" visitedClasses="0" numClasses="0" visitedMethods="0" numMethods="1" />
              <MetadataToken>100663326</MetadataToken>
              <Name>System.Void DrawingForm.Tests.Robot::AssertDataGridViewRowCountBy(System.String,System.Int32)</Name>
              <FileRef uid="3" />
              <SequencePoints>
                <SequencePoint vc="0" uspid="212" ordinal="0" offset="0" sl="170" sc="9" el="170" ec="10" bec="0" bev="0" fileid="3" />
                <SequencePoint vc="0" uspid="213" ordinal="1" offset="1" sl="171" sc="13" el="171" ec="75" bec="0" bev="0" fileid="3" />
                <SequencePoint vc="0" uspid="214" ordinal="2" offset="14" sl="172" sc="13" el="172" ec="94" bec="0" bev="0" fileid="3" />
                <SequencePoint vc="0" uspid="215" ordinal="3" offset="38" sl="173" sc="9" el="173" ec="10" bec="0" bev="0" fileid="3" />
              </SequencePoints>
              <BranchPoints />
              <MethodPoint xsi:type="SequencePoint" vc="0" uspid="212" ordinal="0" offset="0" sl="170" sc="9" el="170" ec="10" bec="0" bev="0" fileid="3" />
            </Method>
          </Methods>
        </Class>
        <Class>
          <Summary numSequencePoints="34" visitedSequencePoints="7" numBranchPoints="3" visitedBranchPoints="2" sequenceCoverage="20.59" branchCoverage="66.67" maxCyclomaticComplexity="1" minCyclomaticComplexity="1" maxCrapScore="2" minCrapScore="1.00" visitedClasses="1" numClasses="1" visitedMethods="2" numMethods="3" />
          <FullName>DrawingForm.Tests.UITest</FullName>
          <Methods>
            <Method visited="true" cyclomaticComplexity="1" nPathComplexity="0" sequenceCoverage="83.33" branchCoverage="100" crapScore="1.00" isConstructor="false" isStatic="false" isGetter="false" isSetter="false">
              <Summary numSequencePoints="6" visitedSequencePoints="5" numBranchPoints="1" visitedBranchPoints="1" sequenceCoverage="83.33" branchCoverage="100" maxCyclomaticComplexity="1" minCyclomaticComplexity="1" maxCrapScore="1.00" minCrapScore="1.00" visitedClasses="0" numClasses="0" visitedMethods="1" numMethods="1" />
              <MetadataToken>100663327</MetadataToken>
              <Name>System.Void DrawingForm.Tests.UITest::Initialize()</Name>
              <FileRef uid="4" />
              <SequencePoints>
                <SequencePoint vc="1" uspid="216" ordinal="0" offset="0" sl="20" sc="9" el="20" ec="10" bec="0" bev="0" fileid="4" />
                <SequencePoint vc="1" uspid="217" ordinal="1" offset="1" sl="21" sc="13" el="21" ec="50" bec="0" bev="0" fileid="4" />
                <SequencePoint vc="1" uspid="218" ordinal="2" offset="7" sl="22" sc="13" el="22" ec="121" bec="0" bev="0" fileid="4" />
                <SequencePoint vc="1" uspid="219" ordinal="3" offset="33" sl="25" sc="13" el="25" ec="104" bec="0" bev="0" fileid="4" />
                <SequencePoint vc="1" uspid="220" ordinal="4" offset="82" sl="26" sc="13" el="26" ec="58" bec="0" bev="0" fileid="4" />
                <SequencePoint vc="0" uspid="221" ordinal="5" offset="104" sl="27" sc="9" el="27" ec="10" bec="0" bev="0" fileid="4" />
              </SequencePoints>
              <BranchPoints />
              <MethodPoint xsi:type="SequencePoint" vc="1" uspid="216" ordinal="0" offset="0" sl="20" sc="9" el="20" ec="10" bec="0" bev="0" fileid="4" />
            </Method>
            <Method visited="true" cyclomaticComplexity="1" nPathComplexity="0" sequenceCoverage="66.67" branchCoverage="100" crapScore="1.04" isConstructor="false" isStatic="false" isGetter="false" isSetter="false">
              <Summary numSequencePoints="3" visitedSequencePoints="2" numBranchPoints="1" visitedBranchPoints="1" sequenceCoverage="66.67" branchCoverage="100" maxCyclomaticComplexity="1" minCyclomaticComplexity="1" maxCrapScore="1.04" minCrapScore="1.04" visitedClasses="0" numClasses="0" visitedMethods="1" numMethods="1" />
              <MetadataToken>100663328</MetadataToken>
              <Name>System.Void DrawingForm.Tests.UITest::Cleanup()</Name>
              <FileRef uid="4" />
              <SequencePoints>
                <SequencePoint vc="1" uspid="222" ordinal="0" offset="0" sl="32" sc="9" el="32" ec="10" bec="0" bev="0" fileid="4" />
                <SequencePoint vc="1" uspid="223" ordinal="1" offset="1" sl="33" sc="13" el="33" ec="30" bec="0" bev="0" fileid="4" />
                <SequencePoint vc="0" uspid="224" ordinal="2" offset="13" sl="34" sc="9" el="34" ec="10" bec="0" bev="0" fileid="4" />
              </SequencePoints>
              <BranchPoints />
              <MethodPoint xsi:type="SequencePoint" vc="1" uspid="222" ordinal="0" offset="0" sl="32" sc="9" el="32" ec="10" bec="0" bev="0" fileid="4" />
            </Method>
            <Method visited="false" cyclomaticComplexity="1" nPathComplexity="0" sequenceCoverage="0" branchCoverage="0" crapScore="2" isConstructor="false" isStatic="false" isGetter="false" isSetter="false">
              <Summary numSequencePoints="25" visitedSequencePoints="0" numBranchPoints="1" visitedBranchPoints="0" sequenceCoverage="0" branchCoverage="0" maxCyclomaticComplexity="1" minCyclomaticComplexity="1" maxCrapScore="2" minCrapScore="2" visitedClasses="0" numClasses="0" visitedMethods="0" numMethods="1" />
              <MetadataToken>100663329</MetadataToken>
              <Name>System.Void DrawingForm.Tests.UITest::DrawSnowMan()</Name>
              <FileRef uid="4" />
              <SequencePoints>
                <SequencePoint vc="0" uspid="225" ordinal="0" offset="0" sl="39" sc="9" el="39" ec="10" bec="0" bev="0" fileid="4" />
                <SequencePoint vc="0" uspid="226" ordinal="1" offset="1" sl="41" sc="13" el="41" ec="41" bec="0" bev="0" fileid="4" />
                <SequencePoint vc="0" uspid="227" ordinal="2" offset="18" sl="42" sc="13" el="42" ec="53" bec="0" bev="0" fileid="4" />
                <SequencePoint vc="0" uspid="228" ordinal="3" offset="55" sl="43" sc="13" el="43" ec="41" bec="0" bev="0" fileid="4" />
                <SequencePoint vc="0" uspid="229" ordinal="4" offset="72" sl="44" sc="13" el="44" ec="53" bec="0" bev="0" fileid="4" />
                <SequencePoint vc="0" uspid="230" ordinal="5" offset="109" sl="45" sc="13" el="45" ec="41" bec="0" bev="0" fileid="4" />
                <SequencePoint vc="0" uspid="231" ordinal="6" offset="126" sl="46" sc="13" el="46" ec="53" bec="0" bev="0" fileid="4" />
                <SequencePoint vc="0" uspid="232" ordinal="7" offset="163" sl="48" sc="13" el="48" ec="43" bec="0" bev="0" fileid="4" />
                <SequencePoint vc="0" uspid="233" ordinal="8" offset="180" sl="49" sc="13" el="49" ec="53" bec="0" bev="0" fileid="4" />
                <SequencePoint vc="0" uspid="234" ordinal="9" offset="217" sl="50" sc="13" el="50" ec="43" bec="0" bev="0" fileid="4" />
                <SequencePoint vc="0" uspid="235" ordinal="10" offset="234" sl="51" sc="13" el="51" ec="53" bec="0" bev="0" fileid="4" />
                <SequencePoint vc="0" uspid="236" ordinal="11" offset="271" sl="53" sc="13" el="53" ec="41" bec="0" bev="0" fileid="4" />
                <SequencePoint vc="0" uspid="237" ordinal="12" offset="288" sl="54" sc="13" el="54" ec="53" bec="0" bev="0" fileid="4" />
                <SequencePoint vc="0" uspid="238" ordinal="13" offset="325" sl="56" sc="13" el="56" ec="41" bec="0" bev="0" fileid="4" />
                <SequencePoint vc="0" uspid="239" ordinal="14" offset="342" sl="57" sc="13" el="57" ec="53" bec="0" bev="0" fileid="4" />
                <SequencePoint vc="0" uspid="240" ordinal="15" offset="379" sl="58" sc="13" el="58" ec="41" bec="0" bev="0" fileid="4" />
                <SequencePoint vc="0" uspid="241" ordinal="16" offset="396" sl="59" sc="13" el="59" ec="53" bec="0" bev="0" fileid="4" />
                <SequencePoint vc="0" uspid="242" ordinal="17" offset="433" sl="61" sc="13" el="61" ec="43" bec="0" bev="0" fileid="4" />
                <SequencePoint vc="0" uspid="243" ordinal="18" offset="450" sl="62" sc="13" el="62" ec="53" bec="0" bev="0" fileid="4" />
                <SequencePoint vc="0" uspid="244" ordinal="19" offset="487" sl="64" sc="13" el="64" ec="43" bec="0" bev="0" fileid="4" />
                <SequencePoint vc="0" uspid="245" ordinal="20" offset="504" sl="65" sc="13" el="65" ec="53" bec="0" bev="0" fileid="4" />
                <SequencePoint vc="0" uspid="246" ordinal="21" offset="541" sl="66" sc="13" el="66" ec="43" bec="0" bev="0" fileid="4" />
                <SequencePoint vc="0" uspid="247" ordinal="22" offset="558" sl="67" sc="13" el="67" ec="53" bec="0" bev="0" fileid="4" />
                <SequencePoint vc="0" uspid="248" ordinal="23" offset="595" sl="69" sc="13" el="69" ec="29" bec="0" bev="0" fileid="4" />
                <SequencePoint vc="0" uspid="249" ordinal="24" offset="616" sl="70" sc="9" el="70" ec="10" bec="0" bev="0" fileid="4" />
              </SequencePoints>
              <BranchPoints />
              <MethodPoint xsi:type="SequencePoint" vc="0" uspid="225" ordinal="0" offset="0" sl="39" sc="9" el="39" ec="10" bec="0" bev="0" fileid="4" />
            </Method>
            <Method visited="false" cyclomaticComplexity="1" nPathComplexity="0" sequenceCoverage="0" branchCoverage="0" crapScore="2" isConstructor="true" isStatic="false" isGetter="false" isSetter="false">
              <Summary numSequencePoints="0" visitedSequencePoints="0" numBranchPoints="0" visitedBranchPoints="0" sequenceCoverage="0" branchCoverage="0" maxCyclomaticComplexity="1" minCyclomaticComplexity="1" maxCrapScore="2" minCrapScore="2" visitedClasses="0" numClasses="0" visitedMethods="0" numMethods="0" />
              <MetadataToken>100663330</MetadataToken>
              <Name>System.Void DrawingForm.Tests.UITest::.ctor()</Name>
              <SequencePoints />
              <BranchPoints />
              <MethodPoint vc="0" uspid="250" ordinal="0" offset="0" />
            </Method>
          </Methods>
        </Class>
        <Class>
          <Summary numSequencePoints="18" visitedSequencePoints="4" numBranchPoints="6" visitedBranchPoints="2" sequenceCoverage="22.22" branchCoverage="33.33" maxCyclomaticComplexity="1" minCyclomaticComplexity="1" maxCrapScore="2" minCrapScore="1" visitedClasses="1" numClasses="1" visitedMethods="2" numMethods="6" />
          <FullName>DrawingTests.UnitTestGraphicsAdaptor</FullName>
          <Methods>
            <Method visited="true" cyclomaticComplexity="1" nPathComplexity="0" sequenceCoverage="100" branchCoverage="100" crapScore="1" isConstructor="false" isStatic="false" isGetter="false" isSetter="false">
              <Summary numSequencePoints="3" visitedSequencePoints="3" numBranchPoints="1" visitedBranchPoints="1" sequenceCoverage="100" branchCoverage="100" maxCyclomaticComplexity="1" minCyclomaticComplexity="1" maxCrapScore="1" minCrapScore="1" visitedClasses="0" numClasses="0" visitedMethods="1" numMethods="1" />
              <MetadataToken>100663331</MetadataToken>
              <Name>System.Void DrawingTests.UnitTestGraphicsAdaptor::ClearAll()</Name>
              <FileRef uid="5" />
              <SequencePoints>
                <SequencePoint vc="2" uspid="251" ordinal="0" offset="0" sl="16" sc="9" el="16" ec="10" bec="0" bev="0" fileid="5" />
                <SequencePoint vc="2" uspid="252" ordinal="1" offset="1" sl="17" sc="13" el="17" ec="29" bec="0" bev="0" fileid="5" />
                <SequencePoint vc="2" uspid="253" ordinal="2" offset="13" sl="18" sc="9" el="18" ec="10" bec="0" bev="0" fileid="5" />
              </SequencePoints>
              <BranchPoints />
              <MethodPoint xsi:type="SequencePoint" vc="2" uspid="251" ordinal="0" offset="0" sl="16" sc="9" el="16" ec="10" bec="0" bev="0" fileid="5" />
            </Method>
            <Method visited="false" cyclomaticComplexity="1" nPathComplexity="0" sequenceCoverage="0" branchCoverage="0" crapScore="2" isConstructor="false" isStatic="false" isGetter="false" isSetter="false">
              <Summary numSequencePoints="4" visitedSequencePoints="0" numBranchPoints="1" visitedBranchPoints="0" sequenceCoverage="0" branchCoverage="0" maxCyclomaticComplexity="1" minCyclomaticComplexity="1" maxCrapScore="2" minCrapScore="2" visitedClasses="0" numClasses="0" visitedMethods="0" numMethods="1" />
              <MetadataToken>100663332</MetadataToken>
              <Name>System.Void DrawingTests.UnitTestGraphicsAdaptor::DrawEllipse(DrawingModel.Point,System.Double,System.Double)</Name>
              <FileRef uid="5" />
              <SequencePoints>
                <SequencePoint vc="0" uspid="254" ordinal="0" offset="0" sl="22" sc="9" el="22" ec="10" bec="0" bev="0" fileid="5" />
                <SequencePoint vc="0" uspid="255" ordinal="1" offset="1" sl="23" sc="13" el="23" ec="65" bec="0" bev="0" fileid="5" />
                <SequencePoint vc="0" uspid="256" ordinal="2" offset="10" sl="24" sc="13" el="24" ec="34" bec="0" bev="0" fileid="5" />
                <SequencePoint vc="0" uspid="257" ordinal="3" offset="23" sl="25" sc="9" el="25" ec="10" bec="0" bev="0" fileid="5" />
              </SequencePoints>
              <BranchPoints />
              <MethodPoint xsi:type="SequencePoint" vc="0" uspid="254" ordinal="0" offset="0" sl="22" sc="9" el="22" ec="10" bec="0" bev="0" fileid="5" />
            </Method>
            <Method visited="false" cyclomaticComplexity="1" nPathComplexity="0" sequenceCoverage="0" branchCoverage="0" crapScore="2" isConstructor="false" isStatic="false" isGetter="false" isSetter="false">
              <Summary numSequencePoints="4" visitedSequencePoints="0" numBranchPoints="1" visitedBranchPoints="0" sequenceCoverage="0" branchCoverage="0" maxCyclomaticComplexity="1" minCyclomaticComplexity="1" maxCrapScore="2" minCrapScore="2" visitedClasses="0" numClasses="0" visitedMethods="0" numMethods="1" />
              <MetadataToken>100663333</MetadataToken>
              <Name>System.Void DrawingTests.UnitTestGraphicsAdaptor::DrawRectangle(DrawingModel.Point,System.Double,System.Double)</Name>
              <FileRef uid="5" />
              <SequencePoints>
                <SequencePoint vc="0" uspid="258" ordinal="0" offset="0" sl="29" sc="9" el="29" ec="10" bec="0" bev="0" fileid="5" />
                <SequencePoint vc="0" uspid="259" ordinal="1" offset="1" sl="30" sc="13" el="30" ec="71" bec="0" bev="0" fileid="5" />
                <SequencePoint vc="0" uspid="260" ordinal="2" offset="10" sl="31" sc="13" el="31" ec="36" bec="0" bev="0" fileid="5" />
                <SequencePoint vc="0" uspid="261" ordinal="3" offset="23" sl="32" sc="9" el="32" ec="10" bec="0" bev="0" fileid="5" />
              </SequencePoints>
              <BranchPoints />
              <MethodPoint xsi:type="SequencePoint" vc="0" uspid="258" ordinal="0" offset="0" sl="29" sc="9" el="29" ec="10" bec="0" bev="0" fileid="5" />
            </Method>
            <Method visited="false" cyclomaticComplexity="1" nPathComplexity="0" sequenceCoverage="0" branchCoverage="0" crapScore="2" isConstructor="false" isStatic="false" isGetter="false" isSetter="false">
              <Summary numSequencePoints="3" visitedSequencePoints="0" numBranchPoints="1" visitedBranchPoints="0" sequenceCoverage="0" branchCoverage="0" maxCyclomaticComplexity="1" minCyclomaticComplexity="1" maxCrapScore="2" minCrapScore="2" visitedClasses="0" numClasses="0" visitedMethods="0" numMethods="1" />
              <MetadataToken>100663334</MetadataToken>
              <Name>DrawingModel.Shape DrawingTests.UnitTestGraphicsAdaptor::GetLastDraw()</Name>
              <FileRef uid="5" />
              <SequencePoints>
                <SequencePoint vc="0" uspid="262" ordinal="0" offset="0" sl="36" sc="9" el="36" ec="10" bec="0" bev="0" fileid="5" />
                <SequencePoint vc="0" uspid="263" ordinal="1" offset="1" sl="37" sc="13" el="37" ec="35" bec="0" bev="0" fileid="5" />
                <SequencePoint vc="0" uspid="264" ordinal="2" offset="15" sl="38" sc="9" el="38" ec="10" bec="0" bev="0" fileid="5" />
              </SequencePoints>
              <BranchPoints />
              <MethodPoint xsi:type="SequencePoint" vc="0" uspid="262" ordinal="0" offset="0" sl="36" sc="9" el="36" ec="10" bec="0" bev="0" fileid="5" />
            </Method>
            <Method visited="false" cyclomaticComplexity="1" nPathComplexity="0" sequenceCoverage="0" branchCoverage="0" crapScore="2" isConstructor="false" isStatic="false" isGetter="false" isSetter="false">
              <Summary numSequencePoints="3" visitedSequencePoints="0" numBranchPoints="1" visitedBranchPoints="0" sequenceCoverage="0" branchCoverage="0" maxCyclomaticComplexity="1" minCyclomaticComplexity="1" maxCrapScore="2" minCrapScore="2" visitedClasses="0" numClasses="0" visitedMethods="0" numMethods="1" />
              <MetadataToken>100663335</MetadataToken>
              <Name>System.Collections.Generic.List`1&lt;DrawingModel.Shape&gt; DrawingTests.UnitTestGraphicsAdaptor::GetAll()</Name>
              <FileRef uid="5" />
              <SequencePoints>
                <SequencePoint vc="0" uspid="265" ordinal="0" offset="0" sl="42" sc="9" el="42" ec="10" bec="0" bev="0" fileid="5" />
                <SequencePoint vc="0" uspid="266" ordinal="1" offset="1" sl="43" sc="13" el="43" ec="28" bec="0" bev="0" fileid="5" />
                <SequencePoint vc="0" uspid="267" ordinal="2" offset="10" sl="44" sc="9" el="44" ec="10" bec="0" bev="0" fileid="5" />
              </SequencePoints>
              <BranchPoints />
              <MethodPoint xsi:type="SequencePoint" vc="0" uspid="265" ordinal="0" offset="0" sl="42" sc="9" el="42" ec="10" bec="0" bev="0" fileid="5" />
            </Method>
            <Method visited="true" cyclomaticComplexity="1" nPathComplexity="0" sequenceCoverage="100" branchCoverage="100" crapScore="1" isConstructor="true" isStatic="false" isGetter="false" isSetter="false">
[...]
              <MetadataToken>100663363</MetadataToken>
              <Name>System.Void DrawingModel.Shape::set__point1(DrawingModel.Point)</Name>
              <FileRef uid="21" />
              <SequencePoints>
                <SequencePoint vc="4" uspid="558" ordinal="0" offset="0" sl="17" sc="13" el="17" ec="17" bec="0" bev="0" fileid="21" />
              </SequencePoints>
              <BranchPoints />
              <MethodPoint xsi:type="SequencePoint" vc="4" uspid="558" ordinal="0" offset="0" sl="17" sc="13" el="17" ec="17" bec="0" bev="0" fileid="21" />
            </Method>
            <Method visited="true" cyclomaticComplexity="1" nPathComplexity="0" sequenceCoverage="100" branchCoverage="100" crapScore="1" isConstructor="false" isStatic="false" isGetter="true" isSetter="false">
              <Summary numSequencePoints="1" visitedSequencePoints="1" numBranchPoints="1" visitedBranchPoints="1" sequenceCoverage="100" branchCoverage="100" maxCyclomaticComplexity="1" minCyclomaticComplexity="1" maxCrapScore="1" minCrapScore="1" visitedClasses="0" numClasses="0" visitedMethods="1" numMethods="1" />
              <MetadataToken>100663364</MetadataToken>
              <Name>DrawingModel.Point DrawingModel.Shape::get__point2()</Name>
              <FileRef uid="21" />
              <SequencePoints>
                <SequencePoint vc="8" uspid="559" ordinal="0" offset="0" sl="22" sc="13" el="22" ec="17" bec="0" bev="0" fileid="21" />
              </SequencePoints>
              <BranchPoints />
              <MethodPoint xsi:type="SequencePoint" vc="8" uspid="559" ordinal="0" offset="0" sl="22" sc="13" el="22" ec="17" bec="0" bev="0" fileid="21" />
            </Method>
            <Method visited="true" cyclomaticComplexity="1" nPathComplexity="0" sequenceCoverage="100" branchCoverage="100" crapScore="1" isConstructor="false" isStatic="false" isGetter="false" isSetter="true">
              <Summary numSequencePoints="1" visitedSequencePoints="1" numBranchPoints="1" visitedBranchPoints="1" sequenceCoverage="100" branchCoverage="100" maxCyclomaticComplexity="1" minCyclomaticComplexity="1" maxCrapScore="1" minCrapScore="1" visitedClasses="0" numClasses="0" visitedMethods="1" numMethods="1" />
              <MetadataToken>100663365</MetadataToken>
              <Name>System.Void DrawingModel.Shape::set__point2(DrawingModel.Point)</Name>
              <FileRef uid="21" />
              <SequencePoints>
                <SequencePoint vc="2" uspid="560" ordinal="0" offset="0" sl="23" sc="13" el="23" ec="17" bec="0" bev="0" fileid="21" />
              </SequencePoints>
              <BranchPoints />
              <MethodPoint xsi:type="SequencePoint" vc="2" uspid="560" ordinal="0" offset="0" sl="23" sc="13" el="23" ec="17" bec="0" bev="0" fileid="21" />
            </Method>
            <Method visited="true" cyclomaticComplexity="1" nPathComplexity="0" sequenceCoverage="100" branchCoverage="100" crapScore="1" isConstructor="false" isStatic="false" isGetter="true" isSetter="false">
              <Summary numSequencePoints="3" visitedSequencePoints="3" numBranchPoints="1" visitedBranchPoints="1" sequenceCoverage="100" branchCoverage="100" maxCyclomaticComplexity="1" minCyclomaticComplexity="1" maxCrapScore="1" minCrapScore="1" visitedClasses="0" numClasses="0" visitedMethods="1" numMethods="1" />
              <MetadataToken>100663366</MetadataToken>
              <Name>DrawingModel.Point DrawingModel.Shape::get_UpperLeft()</Name>
              <FileRef uid="21" />
              <SequencePoints>
                <SequencePoint vc="2" uspid="561" ordinal="0" offset="0" sl="29" sc="13" el="29" ec="14" bec="0" bev="0" fileid="21" />
                <SequencePoint vc="2" uspid="562" ordinal="1" offset="1" sl="30" sc="17" el="30" ec="98" bec="0" bev="0" fileid="21" />
                <SequencePoint vc="2" uspid="563" ordinal="2" offset="75" sl="31" sc="13" el="31" ec="14" bec="0" bev="0" fileid="21" />
              </SequencePoints>
              <BranchPoints />
              <MethodPoint xsi:type="SequencePoint" vc="2" uspid="561" ordinal="0" offset="0" sl="29" sc="13" el="29" ec="14" bec="0" bev="0" fileid="21" />
            </Method>
            <Method visited="true" cyclomaticComplexity="1" nPathComplexity="0" sequenceCoverage="100" branchCoverage="100" crapScore="1" isConstructor="false" isStatic="false" isGetter="true" isSetter="false">
              <Summary numSequencePoints="3" visitedSequencePoints="3" numBranchPoints="1" visitedBranchPoints="1" sequenceCoverage="100" branchCoverage="100" maxCyclomaticComplexity="1" minCyclomaticComplexity="1" maxCrapScore="1" minCrapScore="1" visitedClasses="0" numClasses="0" visitedMethods="1" numMethods="1" />
              <MetadataToken>100663367</MetadataToken>
              <Name>DrawingModel.Point DrawingModel.Shape::get_LowerRight()</Name>
              <FileRef uid="21" />
              <SequencePoints>
                <SequencePoint vc="2" uspid="564" ordinal="0" offset="0" sl="37" sc="13" el="37" ec="14" bec="0" bev="0" fileid="21" />
                <SequencePoint vc="2" uspid="565" ordinal="1" offset="1" sl="38" sc="17" el="38" ec="98" bec="0" bev="0" fileid="21" />
                <SequencePoint vc="2" uspid="566" ordinal="2" offset="75" sl="39" sc="13" el="39" ec="14" bec="0" bev="0" fileid="21" />
              </SequencePoints>
              <BranchPoints />
              <MethodPoint xsi:type="SequencePoint" vc="2" uspid="564" ordinal="0" offset="0" sl="37" sc="13" el="37" ec="14" bec="0" bev="0" fileid="21" />
            </Method>
            <Method visited="false" cyclomaticComplexity="1" nPathComplexity="0" sequenceCoverage="0" branchCoverage="0" crapScore="2" isConstructor="false" isStatic="false" isGetter="true" isSetter="false">
              <Summary numSequencePoints="3" visitedSequencePoints="0" numBranchPoints="1" visitedBranchPoints="0" sequenceCoverage="0" branchCoverage="0" maxCyclomaticComplexity="1" minCyclomaticComplexity="1" maxCrapScore="2" minCrapScore="2" visitedClasses="0" numClasses="0" visitedMethods="0" numMethods="1" />
              <MetadataToken>100663368</MetadataToken>
              <Name>System.Double DrawingModel.Shape::get_Height()</Name>
              <FileRef uid="21" />
              <SequencePoints>
                <SequencePoint vc="0" uspid="567" ordinal="0" offset="0" sl="45" sc="13" el="45" ec="14" bec="0" bev="0" fileid="21" />
                <SequencePoint vc="0" uspid="568" ordinal="1" offset="1" sl="46" sc="17" el="46" ec="56" bec="0" bev="0" fileid="21" />
                <SequencePoint vc="0" uspid="569" ordinal="2" offset="38" sl="47" sc="13" el="47" ec="14" bec="0" bev="0" fileid="21" />
              </SequencePoints>
              <BranchPoints />
              <MethodPoint xsi:type="SequencePoint" vc="0" uspid="567" ordinal="0" offset="0" sl="45" sc="13" el="45" ec="14" bec="0" bev="0" fileid="21" />
            </Method>
            <Method visited="false" cyclomaticComplexity="1" nPathComplexity="0" sequenceCoverage="0" branchCoverage="0" crapScore="2" isConstructor="false" isStatic="false" isGetter="true" isSetter="false">
              <Summary numSequencePoints="3" visitedSequencePoints="0" numBranchPoints="1" visitedBranchPoints="0" sequenceCoverage="0" branchCoverage="0" maxCyclomaticComplexity="1" minCyclomaticComplexity="1" maxCrapScore="2" minCrapScore="2" visitedClasses="0" numClasses="0" visitedMethods="0" numMethods="1" />
              <MetadataToken>100663369</MetadataToken>
              <Name>System.Double DrawingModel.Shape::get_Width()</Name>
              <FileRef uid="21" />
              <SequencePoints>
                <SequencePoint vc="0" uspid="570" ordinal="0" offset="0" sl="52" sc="13" el="52" ec="14" bec="0" bev="0" fileid="21" />
                <SequencePoint vc="0" uspid="571" ordinal="1" offset="1" sl="53" sc="17" el="53" ec="56" bec="0" bev="0" fileid="21" />
                <SequencePoint vc="0" uspid="572" ordinal="2" offset="38" sl="54" sc="13" el="54" ec="14" bec="0" bev="0" fileid="21" />
              </SequencePoints>
              <BranchPoints />
              <MethodPoint xsi:type="SequencePoint" vc="0" uspid="570" ordinal="0" offset="0" sl="52" sc="13" el="52" ec="14" bec="0" bev="0" fileid="21" />
            </Method>
            <Method visited="false" cyclomaticComplexity="1" nPathComplexity="0" sequenceCoverage="0" branchCoverage="0" crapScore="2" isConstructor="true" isStatic="false" isGetter="false" isSetter="false">
              <Summary numSequencePoints="0" visitedSequencePoints="0" numBranchPoints="0" visitedBranchPoints="0" sequenceCoverage="0" branchCoverage="0" maxCyclomaticComplexity="1" minCyclomaticComplexity="1" maxCrapScore="2" minCrapScore="2" visitedClasses="0" numClasses="0" visitedMethods="0" numMethods="0" />
              <MetadataToken>100663370</MetadataToken>
              <Name>System.Void DrawingModel.Shape::.ctor()</Name>
              <SequencePoints />
              <BranchPoints />
              <MethodPoint vc="0" uspid="573" ordinal="0" offset="0" />
            </Method>
          </Methods>
        </Class>
        <Class>
          <Summary numSequencePoints="6" visitedSequencePoints="6" numBranchPoints="5" visitedBranchPoints="5" sequenceCoverage="100" branchCoverage="100" maxCyclomaticComplexity="3" minCyclomaticComplexity="1" maxCrapScore="3" minCrapScore="2" visitedClasses="1" numClasses="1" visitedMethods="1" numMethods="1" />
          <FullName>DrawingModel.ShapeFactory</FullName>
          <Methods>
            <Method visited="true" cyclomaticComplexity="3" nPathComplexity="4" sequenceCoverage="100" branchCoverage="100" crapScore="3" isConstructor="false" isStatic="true" isGetter="false" isSetter="false">
              <Summary numSequencePoints="6" visitedSequencePoints="6" numBranchPoints="5" visitedBranchPoints="5" sequenceCoverage="100" branchCoverage="100" maxCyclomaticComplexity="3" minCyclomaticComplexity="3" maxCrapScore="3" minCrapScore="3" visitedClasses="0" numClasses="0" visitedMethods="1" numMethods="1" />
              <MetadataToken>100663371</MetadataToken>
              <Name>DrawingModel.Shape DrawingModel.ShapeFactory::CreateShape(DrawingModel.ShapeFactory/ShapeType)</Name>
              <FileRef uid="22" />
              <SequencePoints>
                <SequencePoint vc="18" uspid="574" ordinal="0" offset="0" sl="24" sc="9" el="24" ec="10" bec="0" bev="0" fileid="22" />
                <SequencePoint vc="18" uspid="575" ordinal="1" offset="1" sl="26" sc="13" el="26" ec="26" bec="4" bev="4" fileid="22" />
                <SequencePoint vc="4" uspid="576" ordinal="2" offset="17" sl="29" sc="21" el="29" ec="44" bec="0" bev="0" fileid="22" />
                <SequencePoint vc="8" uspid="577" ordinal="3" offset="25" sl="31" sc="21" el="31" ec="42" bec="0" bev="0" fileid="22" />
                <SequencePoint vc="6" uspid="578" ordinal="4" offset="33" sl="33" sc="13" el="33" ec="25" bec="0" bev="0" fileid="22" />
                <SequencePoint vc="18" uspid="579" ordinal="5" offset="37" sl="34" sc="9" el="34" ec="10" bec="0" bev="0" fileid="22" />
              </SequencePoints>
              <BranchPoints>
                <BranchPoint vc="14" uspid="580" ordinal="0" offset="7" sl="26" path="0" offsetchain="9" offsetend="11" fileid="22" />
                <BranchPoint vc="4" uspid="581" ordinal="1" offset="7" sl="26" path="1" offsetend="17" fileid="22" />
                <BranchPoint vc="6" uspid="582" ordinal="2" offset="13" sl="26" path="0" offsetchain="15" offsetend="33" fileid="22" />
                <BranchPoint vc="8" uspid="583" ordinal="3" offset="13" sl="26" path="1" offsetend="25" fileid="22" />
              </BranchPoints>
              <MethodPoint xsi:type="SequencePoint" vc="18" uspid="574" ordinal="0" offset="0" sl="24" sc="9" el="24" ec="10" bec="0" bev="0" fileid="22" />
            </Method>
            <Method visited="false" cyclomaticComplexity="1" nPathComplexity="0" sequenceCoverage="0" branchCoverage="0" crapScore="2" isConstructor="true" isStatic="false" isGetter="false" isSetter="false">
              <Summary numSequencePoints="0" visitedSequencePoints="0" numBranchPoints="0" visitedBranchPoints="0" sequenceCoverage="0" branchCoverage="0" maxCyclomaticComplexity="1" minCyclomaticComplexity="1" maxCrapScore="2" minCrapScore="2" visitedClasses="0" numClasses="0" visitedMethods="0" numMethods="0" />
              <MetadataToken>100663372</MetadataToken>
              <Name>System.Void DrawingModel.ShapeFactory::.ctor()</Name>
              <SequencePoints />
              <BranchPoints />
              <MethodPoint vc="0" uspid="584" ordinal="0" offset="0" />
            </Method>
          </Methods>
        </Class>
        <Class>
          <Summary numSequencePoints="20" visitedSequencePoints="16" numBranchPoints="4" visitedBranchPoints="4" sequenceCoverage="80" branchCoverage="100" maxCyclomaticComplexity="2" minCyclomaticComplexity="1" maxCrapScore="2.26" minCrapScore="1" visitedClasses="1" numClasses="1" visitedMethods="4" numMethods="4" />
          <FullName>DrawingModel.Shapes</FullName>
          <Methods>
            <Method visited="true" cyclomaticComplexity="2" nPathComplexity="0" sequenceCoverage="60" branchCoverage="100" crapScore="2.26" isConstructor="false" isStatic="false" isGetter="false" isSetter="false">
              <Summary numSequencePoints="10" visitedSequencePoints="6" numBranchPoints="1" visitedBranchPoints="1" sequenceCoverage="60" branchCoverage="100" maxCyclomaticComplexity="2" minCyclomaticComplexity="2" maxCrapScore="2.26" minCrapScore="2.26" visitedClasses="0" numClasses="0" visitedMethods="1" numMethods="1" />
              <MetadataToken>100663373</MetadataToken>
              <Name>System.Void DrawingModel.Shapes::Draw(DrawingModel.IGraphics)</Name>
              <FileRef uid="23" />
              <SequencePoints>
                <SequencePoint vc="2" uspid="585" ordinal="0" offset="0" sl="15" sc="9" el="15" ec="10" bec="0" bev="0" fileid="23" />
                <SequencePoint vc="2" uspid="586" ordinal="1" offset="1" sl="16" sc="13" el="16" ec="33" bec="0" bev="0" fileid="23" />
                <SequencePoint vc="2" uspid="587" ordinal="2" offset="8" sl="17" sc="13" el="17" ec="20" bec="0" bev="0" fileid="23" />
                <SequencePoint vc="2" uspid="588" ordinal="3" offset="9" sl="17" sc="37" el="17" ec="44" bec="0" bev="0" fileid="23" />
                <SequencePoint vc="0" uspid="589" ordinal="4" offset="23" sl="17" sc="22" el="17" ec="33" bec="0" bev="0" fileid="23" />
                <SequencePoint vc="0" uspid="590" ordinal="5" offset="31" sl="18" sc="13" el="18" ec="14" bec="0" bev="0" fileid="23" />
                <SequencePoint vc="0" uspid="591" ordinal="6" offset="32" sl="19" sc="17" el="19" ec="38" bec="0" bev="0" fileid="23" />
                <SequencePoint vc="0" uspid="592" ordinal="7" offset="40" sl="20" sc="13" el="20" ec="14" bec="0" bev="0" fileid="23" />
                <SequencePoint vc="2" uspid="593" ordinal="8" offset="41" sl="17" sc="34" el="17" ec="36" bec="0" bev="0" fileid="23" />
                <SequencePoint vc="2" uspid="594" ordinal="9" offset="67" sl="21" sc="9" el="21" ec="10" bec="0" bev="0" fileid="23" />
              </SequencePoints>
              <BranchPoints />
              <MethodPoint xsi:type="SequencePoint" vc="2" uspid="585" ordinal="0" offset="0" sl="15" sc="9" el="15" ec="10" bec="0" bev="0" fileid="23" />
            </Method>
            <Method visited="true" cyclomaticComplexity="1" nPathComplexity="0" sequenceCoverage="100" branchCoverage="100" crapScore="1" isConstructor="false" isStatic="false" isGetter="false" isSetter="false">
              <Summary numSequencePoints="3" visitedSequencePoints="3" numBranchPoints="1" visitedBranchPoints="1" sequenceCoverage="100" branchCoverage="100" maxCyclomaticComplexity="1" minCyclomaticComplexity="1" maxCrapScore="1" minCrapScore="1" visitedClasses="0" numClasses="0" visitedMethods="1" numMethods="1" />
              <MetadataToken>100663374</MetadataToken>
              <Name>System.Void DrawingModel.Shapes::Clear()</Name>
              <FileRef uid="23" />
              <SequencePoints>
                <SequencePoint vc="4" uspid="597" ordinal="0" offset="0" sl="25" sc="9" el="25" ec="10" bec="0" bev="0" fileid="23" />
                <SequencePoint vc="4" uspid="598" ordinal="1" offset="1" sl="26" sc="13" el="26" ec="29" bec="0" bev="0" fileid="23" />
                <SequencePoint vc="4" uspid="599" ordinal="2" offset="13" sl="27" sc="9" el="27" ec="10" bec="0" bev="0" fileid="23" />
              </SequencePoints>
              <BranchPoints />
              <MethodPoint xsi:type="SequencePoint" vc="4" uspid="597" ordinal="0" offset="0" sl="25" sc="9" el="25" ec="10" bec="0" bev="0" fileid="23" />
            </Method>
            <Method visited="true" cyclomaticComplexity="1" nPathComplexity="0" sequenceCoverage="100" branchCoverage="100" crapScore="1" isConstructor="false" isStatic="false" isGetter="false" isSetter="false">
              <Summary numSequencePoints="6" visitedSequencePoints="6" numBranchPoints="1" visitedBranchPoints="1" sequenceCoverage="100" branchCoverage="100" maxCyclomaticComplexity="1" minCyclomaticComplexity="1" maxCrapScore="1" minCrapScore="1" visitedClasses="0" numClasses="0" visitedMethods="1" numMethods="1" />
              <MetadataToken>100663375</MetadataToken>
              <Name>System.Void DrawingModel.Shapes::AddShape(DrawingModel.ShapeFactory/ShapeType,DrawingModel.Point,DrawingModel.Point)</Name>
              <FileRef uid="23" />
              <SequencePoints>
                <SequencePoint vc="1" uspid="600" ordinal="0" offset="0" sl="31" sc="9" el="31" ec="10" bec="0" bev="0" fileid="23" />
                <SequencePoint vc="1" uspid="601" ordinal="1" offset="1" sl="32" sc="13" el="32" ec="66" bec="0" bev="0" fileid="23" />
                <SequencePoint vc="1" uspid="602" ordinal="2" offset="8" sl="33" sc="13" el="33" ec="39" bec="0" bev="0" fileid="23" />
                <SequencePoint vc="1" uspid="603" ordinal="3" offset="16" sl="34" sc="13" el="34" ec="39" bec="0" bev="0" fileid="23" />
                <SequencePoint vc="1" uspid="604" ordinal="4" offset="24" sl="35" sc="13" el="35" ec="35" bec="0" bev="0" fileid="23" />
                <SequencePoint vc="1" uspid="605" ordinal="5" offset="37" sl="36" sc="9" el="36" ec="10" bec="0" bev="0" fileid="23" />
              </SequencePoints>
              <BranchPoints />
              <MethodPoint xsi:type="SequencePoint" vc="1" uspid="600" ordinal="0" offset="0" sl="31" sc="9" el="31" ec="10" bec="0" bev="0" fileid="23" />
            </Method>
            <Method visited="true" cyclomaticComplexity="1" nPathComplexity="0" sequenceCoverage="100" branchCoverage="100" crapScore="1" isConstructor="true" isStatic="false" isGetter="false" isSetter="false">
              <Summary numSequencePoints="1" visitedSequencePoints="1" numBranchPoints="1" visitedBranchPoints="1" sequenceCoverage="100" branchCoverage="100" maxCyclomaticComplexity="1" minCyclomaticComplexity="1" maxCrapScore="1" minCrapScore="1" visitedClasses="0" numClasses="0" visitedMethods="1" numMethods="1" />
              <MetadataToken>100663376</MetadataToken>
              <Name>System.Void DrawingModel.Shapes::.ctor()</Name>
              <FileRef uid="23" />
              <SequencePoints>
                <SequencePoint vc="10" uspid="606" ordinal="0" offset="0" sl="11" sc="9" el="11" ec="49" bec="0" bev="0" fileid="23" />
              </SequencePoints>
              <BranchPoints />
              <MethodPoint xsi:type="SequencePoint" vc="10" uspid="606" ordinal="0" offset="0" sl="11" sc="9" el="11" ec="49" bec="0" bev="0" fileid="23" />
            </Method>
          </Methods>
        </Class>
      </Classes>
    </Module>
  </Modules>
</CoverageSession>