<?xml version="1.0" encoding="utf-8"?>
<CoverageSession xmlns:xsd="http://www.w3.org/2001/XMLSchema" xmlns:xsi="http://www.w3.org/2001/XMLSchema-instance" Version="4.7.922.0">
  <Summary numSequencePoints="991" visitedSequencePoints="511" numBranchPoints="248" visitedBranchPoints="138" sequenceCoverage="51.56" branchCoverage="55.65" maxCyclomaticComplexity="5" minCyclomaticComplexity="0" maxCrapScore="20" minCrapScore="0" visitedClasses="15" numClasses="20" visitedMethods="102" numMethods="168" />
  <Modules>
    <Module hash="B2-5C-1B-85-2C-AB-40-ED-A6-2C-A1-BD-4E-70-8B-8E-B8-E4-C2-DF">
      <Summary numSequencePoints="372" visitedSequencePoints="194" numBranchPoints="53" visitedBranchPoints="21" sequenceCoverage="52.15" branchCoverage="39.62" maxCyclomaticComplexity="4" minCyclomaticComplexity="1" maxCrapScore="20" minCrapScore="1" visitedClasses="5" numClasses="5" visitedMethods="21" numMethods="47" />
      <ModulePath>N:\Drive\北科\三上\視窗程式設計\homework\HW7\108590005\Drawing\DrawingFormTests\bin\Debug\fine-code-coverage\build-output\DrawingFormTests.dll</ModulePath>
      <ModuleTime>2022-01-10T14:02:32.8246551Z</ModuleTime>
      <ModuleName>DrawingFormTests</ModuleName>
      <Files>
        <File uid="1" fullPath="N:\Drive\北科\三上\視窗程式設計\homework\HW7\108590005\Drawing\DrawingFormTests\FormPresentationModelTests.cs" />
        <File uid="3" fullPath="N:\Drive\北科\三上\視窗程式設計\homework\HW7\108590005\Drawing\DrawingFormTests\Robot.cs" />
        <File uid="4" fullPath="N:\Drive\北科\三上\視窗程式設計\homework\HW7\108590005\Drawing\DrawingFormTests\UITest.cs" />
        <File uid="5" fullPath="N:\Drive\北科\三上\視窗程式設計\homework\HW7\108590005\Drawing\DrawingTests\UnitTestGraphicsAdaptor.cs" />
      </Files>
      <Classes>
        <Class>
          <Summary numSequencePoints="170" visitedSequencePoints="170" numBranchPoints="14" visitedBranchPoints="14" sequenceCoverage="100" branchCoverage="100" maxCyclomaticComplexity="1" minCyclomaticComplexity="1" maxCrapScore="2" minCrapScore="1" visitedClasses="1" numClasses="1" visitedMethods="14" numMethods="14" />
          <FullName>DrawingForm.Tests.FormPresentationModelTests</FullName>
          <Methods>
            <Method visited="true" cyclomaticComplexity="1" nPathComplexity="0" sequenceCoverage="100" branchCoverage="100" crapScore="1" isConstructor="false" isStatic="false" isGetter="false" isSetter="false">
              <Summary numSequencePoints="9" visitedSequencePoints="9" numBranchPoints="1" visitedBranchPoints="1" sequenceCoverage="100" branchCoverage="100" maxCyclomaticComplexity="1" minCyclomaticComplexity="1" maxCrapScore="1" minCrapScore="1" visitedClasses="0" numClasses="0" visitedMethods="1" numMethods="1" />
              <MetadataToken>100663297</MetadataToken>
              <Name>System.Void DrawingForm.Tests.FormPresentationModelTests::Initizlize()</Name>
              <FileRef uid="1" />
              <SequencePoints>
                <SequencePoint vc="13" uspid="1" ordinal="0" offset="0" sl="23" sc="9" el="23" ec="10" bec="0" bev="0" fileid="1" />
                <SequencePoint vc="13" uspid="2" ordinal="1" offset="1" sl="24" sc="13" el="24" ec="33" bec="0" bev="0" fileid="1" />
                <SequencePoint vc="13" uspid="3" ordinal="2" offset="12" sl="25" sc="13" el="25" ec="59" bec="0" bev="0" fileid="1" />
                <SequencePoint vc="13" uspid="4" ordinal="3" offset="29" sl="26" sc="13" el="26" ec="76" bec="0" bev="0" fileid="1" />
                <SequencePoint vc="13" uspid="5" ordinal="4" offset="51" sl="27" sc="13" el="27" ec="61" bec="0" bev="0" fileid="1" />
                <SequencePoint vc="13" uspid="6" ordinal="5" offset="63" sl="28" sc="13" el="28" ec="66" bec="0" bev="0" fileid="1" />
                <SequencePoint vc="13" uspid="7" ordinal="6" offset="80" sl="29" sc="13" el="29" ec="83" bec="0" bev="0" fileid="1" />
                <SequencePoint vc="13" uspid="8" ordinal="7" offset="97" sl="30" sc="13" el="30" ec="67" bec="0" bev="0" fileid="1" />
                <SequencePoint vc="13" uspid="9" ordinal="8" offset="108" sl="31" sc="9" el="31" ec="10" bec="0" bev="0" fileid="1" />
              </SequencePoints>
              <BranchPoints />
              <MethodPoint xsi:type="SequencePoint" vc="13" uspid="1" ordinal="0" offset="0" sl="23" sc="9" el="23" ec="10" bec="0" bev="0" fileid="1" />
            </Method>
            <Method visited="true" cyclomaticComplexity="1" nPathComplexity="0" sequenceCoverage="100" branchCoverage="100" crapScore="1" isConstructor="false" isStatic="false" isGetter="false" isSetter="false">
              <Summary numSequencePoints="3" visitedSequencePoints="3" numBranchPoints="1" visitedBranchPoints="1" sequenceCoverage="100" branchCoverage="100" maxCyclomaticComplexity="1" minCyclomaticComplexity="1" maxCrapScore="1" minCrapScore="1" visitedClasses="0" numClasses="0" visitedMethods="1" numMethods="1" />
              <MetadataToken>100663298</MetadataToken>
              <Name>System.Void DrawingForm.Tests.FormPresentationModelTests::GetModelTest()</Name>
              <FileRef uid="1" />
              <SequencePoints>
                <SequencePoint vc="1" uspid="10" ordinal="0" offset="0" sl="36" sc="9" el="36" ec="10" bec="0" bev="0" fileid="1" />
                <SequencePoint vc="1" uspid="11" ordinal="1" offset="1" sl="37" sc="13" el="37" ec="66" bec="0" bev="0" fileid="1" />
                <SequencePoint vc="1" uspid="12" ordinal="2" offset="24" sl="38" sc="9" el="38" ec="10" bec="0" bev="0" fileid="1" />
              </SequencePoints>
              <BranchPoints />
              <MethodPoint xsi:type="SequencePoint" vc="1" uspid="10" ordinal="0" offset="0" sl="36" sc="9" el="36" ec="10" bec="0" bev="0" fileid="1" />
            </Method>
            <Method visited="true" cyclomaticComplexity="1" nPathComplexity="0" sequenceCoverage="100" branchCoverage="100" crapScore="1" isConstructor="false" isStatic="false" isGetter="false" isSetter="false">
              <Summary numSequencePoints="9" visitedSequencePoints="9" numBranchPoints="1" visitedBranchPoints="1" sequenceCoverage="100" branchCoverage="100" maxCyclomaticComplexity="1" minCyclomaticComplexity="1" maxCrapScore="1" minCrapScore="1" visitedClasses="0" numClasses="0" visitedMethods="1" numMethods="1" />
              <MetadataToken>100663299</MetadataToken>
              <Name>System.Void DrawingForm.Tests.FormPresentationModelTests::PressPointerTest()</Name>
              <FileRef uid="1" />
              <SequencePoints>
                <SequencePoint vc="1" uspid="13" ordinal="0" offset="0" sl="43" sc="9" el="43" ec="10" bec="0" bev="0" fileid="1" />
                <SequencePoint vc="1" uspid="14" ordinal="1" offset="1" sl="44" sc="13" el="44" ec="76" bec="0" bev="0" fileid="1" />
                <SequencePoint vc="1" uspid="15" ordinal="2" offset="36" sl="45" sc="13" el="45" ec="65" bec="0" bev="0" fileid="1" />
                <SequencePoint vc="1" uspid="16" ordinal="3" offset="58" sl="46" sc="13" el="46" ec="88" bec="0" bev="0" fileid="1" />
                <SequencePoint vc="1" uspid="17" ordinal="4" offset="71" sl="47" sc="13" el="47" ec="76" bec="0" bev="0" fileid="1" />
                <SequencePoint vc="1" uspid="18" ordinal="5" offset="106" sl="48" sc="13" el="48" ec="71" bec="0" bev="0" fileid="1" />
                <SequencePoint vc="1" uspid="19" ordinal="6" offset="128" sl="49" sc="13" el="49" ec="48" bec="0" bev="0" fileid="1" />
                <SequencePoint vc="1" uspid="20" ordinal="7" offset="140" sl="50" sc="13" el="50" ec="62" bec="0" bev="0" fileid="1" />
                <SequencePoint vc="1" uspid="21" ordinal="8" offset="175" sl="51" sc="9" el="51" ec="10" bec="0" bev="0" fileid="1" />
              </SequencePoints>
              <BranchPoints />
              <MethodPoint xsi:type="SequencePoint" vc="1" uspid="13" ordinal="0" offset="0" sl="43" sc="9" el="43" ec="10" bec="0" bev="0" fileid="1" />
            </Method>
            <Method visited="true" cyclomaticComplexity="1" nPathComplexity="0" sequenceCoverage="100" branchCoverage="100" crapScore="1" isConstructor="false" isStatic="false" isGetter="false" isSetter="false">
              <Summary numSequencePoints="14" visitedSequencePoints="14" numBranchPoints="1" visitedBranchPoints="1" sequenceCoverage="100" branchCoverage="100" maxCyclomaticComplexity="1" minCyclomaticComplexity="1" maxCrapScore="1" minCrapScore="1" visitedClasses="0" numClasses="0" visitedMethods="1" numMethods="1" />
              <MetadataToken>100663300</MetadataToken>
              <Name>System.Void DrawingForm.Tests.FormPresentationModelTests::ReleasePointerTest()</Name>
              <FileRef uid="1" />
              <SequencePoints>
                <SequencePoint vc="1" uspid="22" ordinal="0" offset="0" sl="56" sc="9" el="56" ec="10" bec="0" bev="0" fileid="1" />
                <SequencePoint vc="1" uspid="23" ordinal="1" offset="1" sl="58" sc="13" el="58" ec="76" bec="0" bev="0" fileid="1" />
                <SequencePoint vc="1" uspid="24" ordinal="2" offset="36" sl="59" sc="13" el="59" ec="78" bec="0" bev="0" fileid="1" />
                <SequencePoint vc="1" uspid="25" ordinal="3" offset="71" sl="60" sc="13" el="60" ec="75" bec="0" bev="0" fileid="1" />
                <SequencePoint vc="1" uspid="26" ordinal="4" offset="93" sl="61" sc="13" el="61" ec="46" bec="0" bev="0" fileid="1" />
                <SequencePoint vc="1" uspid="27" ordinal="5" offset="106" sl="62" sc="13" el="62" ec="88" bec="0" bev="0" fileid="1" />
                <SequencePoint vc="1" uspid="28" ordinal="6" offset="119" sl="63" sc="13" el="63" ec="76" bec="0" bev="0" fileid="1" />
                <SequencePoint vc="1" uspid="29" ordinal="7" offset="154" sl="64" sc="13" el="64" ec="78" bec="0" bev="0" fileid="1" />
                <SequencePoint vc="1" uspid="30" ordinal="8" offset="189" sl="65" sc="13" el="65" ec="75" bec="0" bev="0" fileid="1" />
                <SequencePoint vc="1" uspid="31" ordinal="9" offset="211" sl="66" sc="13" el="66" ec="46" bec="0" bev="0" fileid="1" />
                <SequencePoint vc="1" uspid="32" ordinal="10" offset="224" sl="67" sc="13" el="67" ec="52" bec="0" bev="0" fileid="1" />
                <SequencePoint vc="1" uspid="33" ordinal="11" offset="242" sl="68" sc="13" el="68" ec="69" bec="0" bev="0" fileid="1" />
                <SequencePoint vc="1" uspid="34" ordinal="12" offset="283" sl="69" sc="13" el="69" ec="70" bec="0" bev="0" fileid="1" />
                <SequencePoint vc="1" uspid="35" ordinal="13" offset="324" sl="70" sc="9" el="70" ec="10" bec="0" bev="0" fileid="1" />
              </SequencePoints>
              <BranchPoints />
              <MethodPoint xsi:type="SequencePoint" vc="1" uspid="22" ordinal="0" offset="0" sl="56" sc="9" el="56" ec="10" bec="0" bev="0" fileid="1" />
            </Method>
            <Method visited="true" cyclomaticComplexity="1" nPathComplexity="0" sequenceCoverage="100" branchCoverage="100" crapScore="1" isConstructor="false" isStatic="false" isGetter="false" isSetter="false">
              <Summary numSequencePoints="13" visitedSequencePoints="13" numBranchPoints="1" visitedBranchPoints="1" sequenceCoverage="100" branchCoverage="100" maxCyclomaticComplexity="1" minCyclomaticComplexity="1" maxCrapScore="1" minCrapScore="1" visitedClasses="0" numClasses="0" visitedMethods="1" numMethods="1" />
              <MetadataToken>100663301</MetadataToken>
              <Name>System.Void DrawingForm.Tests.FormPresentationModelTests::MovePointerTest()</Name>
              <FileRef uid="1" />
              <SequencePoints>
                <SequencePoint vc="1" uspid="36" ordinal="0" offset="0" sl="75" sc="9" el="75" ec="10" bec="0" bev="0" fileid="1" />
                <SequencePoint vc="1" uspid="37" ordinal="1" offset="1" sl="76" sc="13" el="76" ec="76" bec="0" bev="0" fileid="1" />
                <SequencePoint vc="1" uspid="38" ordinal="2" offset="36" sl="77" sc="13" el="77" ec="75" bec="0" bev="0" fileid="1" />
                <SequencePoint vc="1" uspid="39" ordinal="3" offset="71" sl="78" sc="13" el="78" ec="71" bec="0" bev="0" fileid="1" />
                <SequencePoint vc="1" uspid="40" ordinal="4" offset="93" sl="79" sc="13" el="79" ec="34" bec="0" bev="0" fileid="1" />
                <SequencePoint vc="1" uspid="41" ordinal="5" offset="100" sl="80" sc="13" el="80" ec="88" bec="0" bev="0" fileid="1" />
                <SequencePoint vc="1" uspid="42" ordinal="6" offset="113" sl="81" sc="13" el="81" ec="76" bec="0" bev="0" fileid="1" />
                <SequencePoint vc="1" uspid="43" ordinal="7" offset="148" sl="82" sc="13" el="82" ec="75" bec="0" bev="0" fileid="1" />
                <SequencePoint vc="1" uspid="44" ordinal="8" offset="183" sl="83" sc="13" el="83" ec="65" bec="0" bev="0" fileid="1" />
                <SequencePoint vc="1" uspid="45" ordinal="9" offset="205" sl="84" sc="13" el="84" ec="48" bec="0" bev="0" fileid="1" />
                <SequencePoint vc="1" uspid="46" ordinal="10" offset="217" sl="85" sc="13" el="85" ec="65" bec="0" bev="0" fileid="1" />
                <SequencePoint vc="1" uspid="47" ordinal="11" offset="252" sl="86" sc="13" el="86" ec="66" bec="0" bev="0" fileid="1" />
                <SequencePoint vc="1" uspid="48" ordinal="12" offset="287" sl="87" sc="9" el="87" ec="10" bec="0" bev="0" fileid="1" />
              </SequencePoints>
              <BranchPoints />
              <MethodPoint xsi:type="SequencePoint" vc="1" uspid="36" ordinal="0" offset="0" sl="75" sc="9" el="75" ec="10" bec="0" bev="0" fileid="1" />
            </Method>
            <Method visited="true" cyclomaticComplexity="1" nPathComplexity="0" sequenceCoverage="100" branchCoverage="100" crapScore="1" isConstructor="false" isStatic="false" isGetter="false" isSetter="false">
              <Summary numSequencePoints="19" visitedSequencePoints="19" numBranchPoints="1" visitedBranchPoints="1" sequenceCoverage="100" branchCoverage="100" maxCyclomaticComplexity="1" minCyclomaticComplexity="1" maxCrapScore="1" minCrapScore="1" visitedClasses="0" numClasses="0" visitedMethods="1" numMethods="1" />
              <MetadataToken>100663302</MetadataToken>
              <Name>System.Void DrawingForm.Tests.FormPresentationModelTests::ClickTest()</Name>
              <FileRef uid="1" />
              <SequencePoints>
                <SequencePoint vc="1" uspid="49" ordinal="0" offset="0" sl="92" sc="9" el="92" ec="10" bec="0" bev="0" fileid="1" />
                <SequencePoint vc="1" uspid="50" ordinal="1" offset="1" sl="93" sc="13" el="93" ec="77" bec="0" bev="0" fileid="1" />
                <SequencePoint vc="1" uspid="51" ordinal="2" offset="14" sl="94" sc="13" el="94" ec="61" bec="0" bev="0" fileid="1" />
                <SequencePoint vc="1" uspid="52" ordinal="3" offset="49" sl="95" sc="13" el="95" ec="67" bec="0" bev="0" fileid="1" />
                <SequencePoint vc="1" uspid="53" ordinal="4" offset="84" sl="96" sc="13" el="96" ec="79" bec="0" bev="0" fileid="1" />
                <SequencePoint vc="1" uspid="54" ordinal="5" offset="106" sl="98" sc="13" el="98" ec="56" bec="0" bev="0" fileid="1" />
                <SequencePoint vc="1" uspid="55" ordinal="6" offset="141" sl="99" sc="13" el="99" ec="115" bec="0" bev="0" fileid="1" />
                <SequencePoint vc="1" uspid="56" ordinal="7" offset="163" sl="100" sc="13" el="100" ec="58" bec="0" bev="0" fileid="1" />
                <SequencePoint vc="1" uspid="57" ordinal="8" offset="198" sl="101" sc="13" el="101" ec="79" bec="0" bev="0" fileid="1" />
                <SequencePoint vc="1" uspid="58" ordinal="9" offset="220" sl="103" sc="13" el="103" ec="56" bec="0" bev="0" fileid="1" />
                <SequencePoint vc="1" uspid="59" ordinal="10" offset="255" sl="104" sc="13" el="104" ec="38" bec="0" bev="0" fileid="1" />
                <SequencePoint vc="1" uspid="60" ordinal="11" offset="267" sl="105" sc="13" el="105" ec="79" bec="0" bev="0" fileid="1" />
                <SequencePoint vc="1" uspid="61" ordinal="12" offset="289" sl="107" sc="13" el="107" ec="56" bec="0" bev="0" fileid="1" />
                <SequencePoint vc="1" uspid="62" ordinal="13" offset="324" sl="108" sc="13" el="108" ec="38" bec="0" bev="0" fileid="1" />
                <SequencePoint vc="1" uspid="63" ordinal="14" offset="336" sl="109" sc="13" el="109" ec="79" bec="0" bev="0" fileid="1" />
                <SequencePoint vc="1" uspid="64" ordinal="15" offset="358" sl="111" sc="13" el="111" ec="56" bec="0" bev="0" fileid="1" />
                <SequencePoint vc="1" uspid="65" ordinal="16" offset="393" sl="112" sc="13" el="112" ec="39" bec="0" bev="0" fileid="1" />
                <SequencePoint vc="1" uspid="66" ordinal="17" offset="405" sl="113" sc="13" el="113" ec="79" bec="0" bev="0" fileid="1" />
                <SequencePoint vc="1" uspid="67" ordinal="18" offset="427" sl="114" sc="9" el="114" ec="10" bec="0" bev="0" fileid="1" />
              </SequencePoints>
              <BranchPoints />
              <MethodPoint xsi:type="SequencePoint" vc="1" uspid="49" ordinal="0" offset="0" sl="92" sc="9" el="92" ec="10" bec="0" bev="0" fileid="1" />
            </Method>
            <Method visited="true" cyclomaticComplexity="1" nPathComplexity="0" sequenceCoverage="100" branchCoverage="100" crapScore="1" isConstructor="false" isStatic="false" isGetter="false" isSetter="false">
              <Summary numSequencePoints="30" visitedSequencePoints="30" numBranchPoints="1" visitedBranchPoints="1" sequenceCoverage="100" branchCoverage="100" maxCyclomaticComplexity="1" minCyclomaticComplexity="1" maxCrapScore="1" minCrapScore="1" visitedClasses="0" numClasses="0" visitedMethods="1" numMethods="1" />
              <MetadataToken>100663303</MetadataToken>
              <Name>System.Void DrawingForm.Tests.FormPresentationModelTests::RedoUndoTest()</Name>
              <FileRef uid="1" />
              <SequencePoints>
                <SequencePoint vc="1" uspid="68" ordinal="0" offset="0" sl="119" sc="9" el="119" ec="10" bec="0" bev="0" fileid="1" />
                <SequencePoint vc="1" uspid="69" ordinal="1" offset="1" sl="120" sc="13" el="120" ec="60" bec="0" bev="0" fileid="1" />
                <SequencePoint vc="1" uspid="70" ordinal="2" offset="18" sl="121" sc="13" el="121" ec="60" bec="0" bev="0" fileid="1" />
                <SequencePoint vc="1" uspid="71" ordinal="3" offset="35" sl="122" sc="13" el="122" ec="61" bec="0" bev="0" fileid="1" />
                <SequencePoint vc="1" uspid="72" ordinal="4" offset="70" sl="123" sc="13" el="123" ec="67" bec="0" bev="0" fileid="1" />
                <SequencePoint vc="1" uspid="73" ordinal="5" offset="105" sl="124" sc="13" el="124" ec="60" bec="0" bev="0" fileid="1" />
                <SequencePoint vc="1" uspid="74" ordinal="6" offset="122" sl="125" sc="13" el="125" ec="60" bec="0" bev="0" fileid="1" />
                <SequencePoint vc="1" uspid="75" ordinal="7" offset="139" sl="126" sc="13" el="126" ec="77" bec="0" bev="0" fileid="1" />
                <SequencePoint vc="1" uspid="76" ordinal="8" offset="152" sl="127" sc="13" el="127" ec="61" bec="0" bev="0" fileid="1" />
                <SequencePoint vc="1" uspid="77" ordinal="9" offset="187" sl="128" sc="13" el="128" ec="67" bec="0" bev="0" fileid="1" />
                <SequencePoint vc="1" uspid="78" ordinal="10" offset="222" sl="129" sc="13" el="129" ec="60" bec="0" bev="0" fileid="1" />
                <SequencePoint vc="1" uspid="79" ordinal="11" offset="239" sl="130" sc="13" el="130" ec="59" bec="0" bev="0" fileid="1" />
                <SequencePoint vc="1" uspid="80" ordinal="12" offset="256" sl="131" sc="13" el="131" ec="75" bec="0" bev="0" fileid="1" />
                <SequencePoint vc="1" uspid="81" ordinal="13" offset="269" sl="132" sc="13" el="132" ec="63" bec="0" bev="0" fileid="1" />
                <SequencePoint vc="1" uspid="82" ordinal="14" offset="304" sl="133" sc="13" el="133" ec="67" bec="0" bev="0" fileid="1" />
                <SequencePoint vc="1" uspid="83" ordinal="15" offset="339" sl="134" sc="13" el="134" ec="60" bec="0" bev="0" fileid="1" />
                <SequencePoint vc="1" uspid="84" ordinal="16" offset="356" sl="135" sc="13" el="135" ec="59" bec="0" bev="0" fileid="1" />
                <SequencePoint vc="1" uspid="85" ordinal="17" offset="373" sl="136" sc="13" el="136" ec="38" bec="0" bev="0" fileid="1" />
                <SequencePoint vc="1" uspid="86" ordinal="18" offset="385" sl="137" sc="13" el="137" ec="59" bec="0" bev="0" fileid="1" />
                <SequencePoint vc="1" uspid="87" ordinal="19" offset="402" sl="138" sc="13" el="138" ec="59" bec="0" bev="0" fileid="1" />
                <SequencePoint vc="1" uspid="88" ordinal="20" offset="419" sl="139" sc="13" el="139" ec="38" bec="0" bev="0" fileid="1" />
                <SequencePoint vc="1" uspid="89" ordinal="21" offset="431" sl="140" sc="13" el="140" ec="59" bec="0" bev="0" fileid="1" />
                <SequencePoint vc="1" uspid="90" ordinal="22" offset="448" sl="141" sc="13" el="141" ec="60" bec="0" bev="0" fileid="1" />
                <SequencePoint vc="1" uspid="91" ordinal="23" offset="465" sl="142" sc="13" el="142" ec="38" bec="0" bev="0" fileid="1" />
                <SequencePoint vc="1" uspid="92" ordinal="24" offset="477" sl="143" sc="13" el="143" ec="59" bec="0" bev="0" fileid="1" />
                <SequencePoint vc="1" uspid="93" ordinal="25" offset="494" sl="144" sc="13" el="144" ec="59" bec="0" bev="0" fileid="1" />
                <SequencePoint vc="1" uspid="94" ordinal="26" offset="511" sl="145" sc="13" el="145" ec="39" bec="0" bev="0" fileid="1" />
                <SequencePoint vc="1" uspid="95" ordinal="27" offset="523" sl="146" sc="13" el="146" ec="60" bec="0" bev="0" fileid="1" />
                <SequencePoint vc="1" uspid="96" ordinal="28" offset="540" sl="147" sc="13" el="147" ec="60" bec="0" bev="0" fileid="1" />
                <SequencePoint vc="1" uspid="97" ordinal="29" offset="557" sl="148" sc="9" el="148" ec="10" bec="0" bev="0" fileid="1" />
              </SequencePoints>
              <BranchPoints />
              <MethodPoint xsi:type="SequencePoint" vc="1" uspid="68" ordinal="0" offset="0" sl="119" sc="9" el="119" ec="10" bec="0" bev="0" fileid="1" />
            </Method>
            <Method visited="true" cyclomaticComplexity="1" nPathComplexity="0" sequenceCoverage="100" branchCoverage="100" crapScore="1" isConstructor="false" isStatic="false" isGetter="false" isSetter="false">
              <Summary numSequencePoints="3" visitedSequencePoints="3" numBranchPoints="1" visitedBranchPoints="1" sequenceCoverage="100" branchCoverage="100" maxCyclomaticComplexity="1" minCyclomaticComplexity="1" maxCrapScore="1" minCrapScore="1" visitedClasses="0" numClasses="0" visitedMethods="1" numMethods="1" />
              <MetadataToken>100663304</MetadataToken>
              <Name>System.Void DrawingForm.Tests.FormPresentationModelTests::DrawTest()</Name>
              <FileRef uid="1" />
              <SequencePoints>
                <SequencePoint vc="1" uspid="98" ordinal="0" offset="0" sl="153" sc="9" el="153" ec="10" bec="0" bev="0" fileid="1" />
                <SequencePoint vc="1" uspid="99" ordinal="1" offset="1" sl="154" sc="13" el="154" ec="46" bec="0" bev="0" fileid="1" />
                <SequencePoint vc="1" uspid="100" ordinal="2" offset="19" sl="155" sc="9" el="155" ec="10" bec="0" bev="0" fileid="1" />
              </SequencePoints>
              <BranchPoints />
              <MethodPoint xsi:type="SequencePoint" vc="1" uspid="98" ordinal="0" offset="0" sl="153" sc="9" el="153" ec="10" bec="0" bev="0" fileid="1" />
            </Method>
            <Method visited="true" cyclomaticComplexity="1" nPathComplexity="0" sequenceCoverage="100" branchCoverage="100" crapScore="1" isConstructor="false" isStatic="false" isGetter="false" isSetter="false">
              <Summary numSequencePoints="13" visitedSequencePoints="13" numBranchPoints="1" visitedBranchPoints="1" sequenceCoverage="100" branchCoverage="100" maxCyclomaticComplexity="1" minCyclomaticComplexity="1" maxCrapScore="1" minCrapScore="1" visitedClasses="0" numClasses="0" visitedMethods="1" numMethods="1" />
              <MetadataToken>100663305</MetadataToken>
              <Name>System.Void DrawingForm.Tests.FormPresentationModelTests::ChangeShapeTest()</Name>
              <FileRef uid="1" />
              <SequencePoints>
                <SequencePoint vc="1" uspid="101" ordinal="0" offset="0" sl="160" sc="9" el="160" ec="10" bec="0" bev="0" fileid="1" />
                <SequencePoint vc="1" uspid="102" ordinal="1" offset="1" sl="161" sc="13" el="161" ec="121" bec="0" bev="0" fileid="1" />
                <SequencePoint vc="1" uspid="103" ordinal="2" offset="23" sl="162" sc="13" el="162" ec="69" bec="0" bev="0" fileid="1" />
                <SequencePoint vc="1" uspid="104" ordinal="3" offset="31" sl="163" sc="13" el="163" ec="75" bec="0" bev="0" fileid="1" />
                <SequencePoint vc="1" uspid="105" ordinal="4" offset="44" sl="164" sc="13" el="164" ec="98" bec="0" bev="0" fileid="1" />
                <SequencePoint vc="1" uspid="106" ordinal="5" offset="66" sl="165" sc="13" el="165" ec="72" bec="0" bev="0" fileid="1" />
                <SequencePoint vc="1" uspid="107" ordinal="6" offset="74" sl="166" sc="13" el="166" ec="77" bec="0" bev="0" fileid="1" />
                <SequencePoint vc="1" uspid="108" ordinal="7" offset="87" sl="167" sc="13" el="167" ec="98" bec="0" bev="0" fileid="1" />
                <SequencePoint vc="1" uspid="109" ordinal="8" offset="109" sl="168" sc="13" el="168" ec="74" bec="0" bev="0" fileid="1" />
                <SequencePoint vc="1" uspid="110" ordinal="9" offset="117" sl="169" sc="13" el="169" ec="72" bec="0" bev="0" fileid="1" />
                <SequencePoint vc="1" uspid="111" ordinal="10" offset="130" sl="170" sc="13" el="170" ec="98" bec="0" bev="0" fileid="1" />
                <SequencePoint vc="1" uspid="112" ordinal="11" offset="152" sl="171" sc="13" el="171" ec="69" bec="0" bev="0" fileid="1" />
                <SequencePoint vc="1" uspid="113" ordinal="12" offset="160" sl="172" sc="9" el="172" ec="10" bec="0" bev="0" fileid="1" />
              </SequencePoints>
              <BranchPoints />
              <MethodPoint xsi:type="SequencePoint" vc="1" uspid="101" ordinal="0" offset="0" sl="160" sc="9" el="160" ec="10" bec="0" bev="0" fileid="1" />
            </Method>
            <Method visited="true" cyclomaticComplexity="1" nPathComplexity="0" sequenceCoverage="100" branchCoverage="100" crapScore="1" isConstructor="false" isStatic="false" isGetter="false" isSetter="false">
              <Summary numSequencePoints="4" visitedSequencePoints="4" numBranchPoints="1" visitedBranchPoints="1" sequenceCoverage="100" branchCoverage="100" maxCyclomaticComplexity="1" minCyclomaticComplexity="1" maxCrapScore="1" minCrapScore="1" visitedClasses="0" numClasses="0" visitedMethods="1" numMethods="1" />
              <MetadataToken>100663306</MetadataToken>
              <Name>System.Void DrawingForm.Tests.FormPresentationModelTests::ClearTest()</Name>
              <FileRef uid="1" />
              <SequencePoints>
                <SequencePoint vc="1" uspid="114" ordinal="0" offset="0" sl="177" sc="9" el="177" ec="10" bec="0" bev="0" fileid="1" />
                <SequencePoint vc="1" uspid="115" ordinal="1" offset="1" sl="178" sc="13" el="178" ec="39" bec="0" bev="0" fileid="1" />
                <SequencePoint vc="1" uspid="116" ordinal="2" offset="13" sl="179" sc="13" el="179" ec="46" bec="0" bev="0" fileid="1" />
                <SequencePoint vc="1" uspid="117" ordinal="3" offset="31" sl="180" sc="9" el="180" ec="10" bec="0" bev="0" fileid="1" />
              </SequencePoints>
              <BranchPoints />
              <MethodPoint xsi:type="SequencePoint" vc="1" uspid="114" ordinal="0" offset="0" sl="177" sc="9" el="177" ec="10" bec="0" bev="0" fileid="1" />
            </Method>
            <Method visited="true" cyclomaticComplexity="1" nPathComplexity="0" sequenceCoverage="100" branchCoverage="100" crapScore="1" isConstructor="false" isStatic="false" isGetter="false" isSetter="false">
              <Summary numSequencePoints="13" visitedSequencePoints="13" numBranchPoints="1" visitedBranchPoints="1" sequenceCoverage="100" branchCoverage="100" maxCyclomaticComplexity="1" minCyclomaticComplexity="1" maxCrapScore="1" minCrapScore="1" visitedClasses="0" numClasses="0" visitedMethods="1" numMethods="1" />
              <MetadataToken>100663307</MetadataToken>
              <Name>System.Void DrawingForm.Tests.FormPresentationModelTests::IsRectangleButtonEnableTest()</Name>
              <FileRef uid="1" />
              <SequencePoints>
                <SequencePoint vc="1" uspid="118" ordinal="0" offset="0" sl="185" sc="9" el="185" ec="10" bec="0" bev="0" fileid="1" />
                <SequencePoint vc="1" uspid="119" ordinal="1" offset="1" sl="186" sc="13" el="186" ec="70" bec="0" bev="0" fileid="1" />
                <SequencePoint vc="1" uspid="120" ordinal="2" offset="18" sl="187" sc="13" el="187" ec="77" bec="0" bev="0" fileid="1" />
                <SequencePoint vc="1" uspid="121" ordinal="3" offset="31" sl="188" sc="13" el="188" ec="71" bec="0" bev="0" fileid="1" />
                <SequencePoint vc="1" uspid="122" ordinal="4" offset="48" sl="189" sc="13" el="189" ec="39" bec="0" bev="0" fileid="1" />
                <SequencePoint vc="1" uspid="123" ordinal="5" offset="60" sl="190" sc="13" el="190" ec="71" bec="0" bev="0" fileid="1" />
                <SequencePoint vc="1" uspid="124" ordinal="6" offset="77" sl="191" sc="13" el="191" ec="75" bec="0" bev="0" fileid="1" />
                <SequencePoint vc="1" uspid="125" ordinal="7" offset="90" sl="192" sc="13" el="192" ec="70" bec="0" bev="0" fileid="1" />
                <SequencePoint vc="1" uspid="126" ordinal="8" offset="107" sl="193" sc="13" el="193" ec="72" bec="0" bev="0" fileid="1" />
                <SequencePoint vc="1" uspid="127" ordinal="9" offset="120" sl="194" sc="13" el="194" ec="68" bec="0" bev="0" fileid="1" />
                <SequencePoint vc="1" uspid="128" ordinal="10" offset="137" sl="195" sc="13" el="195" ec="72" bec="0" bev="0" fileid="1" />
                <SequencePoint vc="1" uspid="129" ordinal="11" offset="150" sl="196" sc="13" el="196" ec="70" bec="0" bev="0" fileid="1" />
                <SequencePoint vc="1" uspid="130" ordinal="12" offset="167" sl="197" sc="9" el="197" ec="10" bec="0" bev="0" fileid="1" />
              </SequencePoints>
              <BranchPoints />
              <MethodPoint xsi:type="SequencePoint" vc="1" uspid="118" ordinal="0" offset="0" sl="185" sc="9" el="185" ec="10" bec="0" bev="0" fileid="1" />
            </Method>
            <Method visited="true" cyclomaticComplexity="1" nPathComplexity="0" sequenceCoverage="100" branchCoverage="100" crapScore="1" isConstructor="false" isStatic="false" isGetter="false" isSetter="false">
              <Summary numSequencePoints="13" visitedSequencePoints="13" numBranchPoints="1" visitedBranchPoints="1" sequenceCoverage="100" branchCoverage="100" maxCyclomaticComplexity="1" minCyclomaticComplexity="1" maxCrapScore="1" minCrapScore="1" visitedClasses="0" numClasses="0" visitedMethods="1" numMethods="1" />
              <MetadataToken>100663308</MetadataToken>
              <Name>System.Void DrawingForm.Tests.FormPresentationModelTests::IsEllipseButtonEnableTest()</Name>
              <FileRef uid="1" />
              <SequencePoints>
                <SequencePoint vc="1" uspid="131" ordinal="0" offset="0" sl="202" sc="9" el="202" ec="10" bec="0" bev="0" fileid="1" />
                <SequencePoint vc="1" uspid="132" ordinal="1" offset="1" sl="203" sc="13" el="203" ec="68" bec="0" bev="0" fileid="1" />
                <SequencePoint vc="1" uspid="133" ordinal="2" offset="18" sl="204" sc="13" el="204" ec="77" bec="0" bev="0" fileid="1" />
                <SequencePoint vc="1" uspid="134" ordinal="3" offset="31" sl="205" sc="13" el="205" ec="68" bec="0" bev="0" fileid="1" />
                <SequencePoint vc="1" uspid="135" ordinal="4" offset="48" sl="206" sc="13" el="206" ec="72" bec="0" bev="0" fileid="1" />
                <SequencePoint vc="1" uspid="136" ordinal="5" offset="61" sl="207" sc="13" el="207" ec="68" bec="0" bev="0" fileid="1" />
                <SequencePoint vc="1" uspid="137" ordinal="6" offset="78" sl="208" sc="13" el="208" ec="75" bec="0" bev="0" fileid="1" />
                <SequencePoint vc="1" uspid="138" ordinal="7" offset="91" sl="209" sc="13" el="209" ec="69" bec="0" bev="0" fileid="1" />
                <SequencePoint vc="1" uspid="139" ordinal="8" offset="108" sl="210" sc="13" el="210" ec="39" bec="0" bev="0" fileid="1" />
                <SequencePoint vc="1" uspid="140" ordinal="9" offset="120" sl="211" sc="13" el="211" ec="69" bec="0" bev="0" fileid="1" />
                <SequencePoint vc="1" uspid="141" ordinal="10" offset="137" sl="212" sc="13" el="212" ec="72" bec="0" bev="0" fileid="1" />
                <SequencePoint vc="1" uspid="142" ordinal="11" offset="150" sl="213" sc="13" el="213" ec="68" bec="0" bev="0" fileid="1" />
                <SequencePoint vc="1" uspid="143" ordinal="12" offset="167" sl="214" sc="9" el="214" ec="10" bec="0" bev="0" fileid="1" />
              </SequencePoints>
              <BranchPoints />
              <MethodPoint xsi:type="SequencePoint" vc="1" uspid="131" ordinal="0" offset="0" sl="202" sc="9" el="202" ec="10" bec="0" bev="0" fileid="1" />
            </Method>
            <Method visited="true" cyclomaticComplexity="1" nPathComplexity="0" sequenceCoverage="100" branchCoverage="100" crapScore="1" isConstructor="false" isStatic="false" isGetter="false" isSetter="false">
              <Summary numSequencePoints="13" visitedSequencePoints="13" numBranchPoints="1" visitedBranchPoints="1" sequenceCoverage="100" branchCoverage="100" maxCyclomaticComplexity="1" minCyclomaticComplexity="1" maxCrapScore="1" minCrapScore="1" visitedClasses="0" numClasses="0" visitedMethods="1" numMethods="1" />
              <MetadataToken>100663309</MetadataToken>
              <Name>System.Void DrawingForm.Tests.FormPresentationModelTests::IsLineButtonEnableTest()</Name>
              <FileRef uid="1" />
              <SequencePoints>
                <SequencePoint vc="1" uspid="144" ordinal="0" offset="0" sl="219" sc="9" el="219" ec="10" bec="0" bev="0" fileid="1" />
                <SequencePoint vc="1" uspid="145" ordinal="1" offset="1" sl="220" sc="13" el="220" ec="65" bec="0" bev="0" fileid="1" />
                <SequencePoint vc="1" uspid="146" ordinal="2" offset="18" sl="221" sc="13" el="221" ec="77" bec="0" bev="0" fileid="1" />
                <SequencePoint vc="1" uspid="147" ordinal="3" offset="31" sl="222" sc="13" el="222" ec="65" bec="0" bev="0" fileid="1" />
                <SequencePoint vc="1" uspid="148" ordinal="4" offset="48" sl="223" sc="13" el="223" ec="75" bec="0" bev="0" fileid="1" />
                <SequencePoint vc="1" uspid="149" ordinal="5" offset="61" sl="224" sc="13" el="224" ec="65" bec="0" bev="0" fileid="1" />
                <SequencePoint vc="1" uspid="150" ordinal="6" offset="78" sl="225" sc="13" el="225" ec="72" bec="0" bev="0" fileid="1" />
                <SequencePoint vc="1" uspid="151" ordinal="7" offset="91" sl="226" sc="13" el="226" ec="66" bec="0" bev="0" fileid="1" />
                <SequencePoint vc="1" uspid="152" ordinal="8" offset="108" sl="227" sc="13" el="227" ec="39" bec="0" bev="0" fileid="1" />
                <SequencePoint vc="1" uspid="153" ordinal="9" offset="120" sl="228" sc="13" el="228" ec="66" bec="0" bev="0" fileid="1" />
                <SequencePoint vc="1" uspid="154" ordinal="10" offset="137" sl="229" sc="13" el="229" ec="72" bec="0" bev="0" fileid="1" />
                <SequencePoint vc="1" uspid="155" ordinal="11" offset="150" sl="230" sc="13" el="230" ec="65" bec="0" bev="0" fileid="1" />
                <SequencePoint vc="1" uspid="156" ordinal="12" offset="167" sl="231" sc="9" el="231" ec="10" bec="0" bev="0" fileid="1" />
              </SequencePoints>
              <BranchPoints />
              <MethodPoint xsi:type="SequencePoint" vc="1" uspid="144" ordinal="0" offset="0" sl="219" sc="9" el="219" ec="10" bec="0" bev="0" fileid="1" />
            </Method>
            <Method visited="true" cyclomaticComplexity="1" nPathComplexity="0" sequenceCoverage="100" branchCoverage="100" crapScore="1" isConstructor="false" isStatic="false" isGetter="false" isSetter="false">
              <Summary numSequencePoints="14" visitedSequencePoints="14" numBranchPoints="1" visitedBranchPoints="1" sequenceCoverage="100" branchCoverage="100" maxCyclomaticComplexity="1" minCyclomaticComplexity="1" maxCrapScore="1" minCrapScore="1" visitedClasses="0" numClasses="0" visitedMethods="1" numMethods="1" />
              <MetadataToken>100663310</MetadataToken>
              <Name>System.Void DrawingForm.Tests.FormPresentationModelTests::DelegateTest()</Name>
              <FileRef uid="1" />
              <SequencePoints>
                <SequencePoint vc="1" uspid="157" ordinal="0" offset="6" sl="236" sc="9" el="236" ec="10" bec="0" bev="0" fileid="1" />
                <SequencePoint vc="1" uspid="158" ordinal="1" offset="7" sl="237" sc="13" el="241" ec="15" bec="0" bev="0" fileid="1" />
                <SequencePoint vc="1" uspid="159" ordinal="2" offset="37" sl="242" sc="13" el="242" ec="63" bec="0" bev="0" fileid="1" />
                <SequencePoint vc="1" uspid="160" ordinal="3" offset="49" sl="243" sc="13" el="243" ec="111" bec="0" bev="0" fileid="1" />
                <SequencePoint vc="1" uspid="161" ordinal="4" offset="73" sl="244" sc="13" el="244" ec="69" bec="0" bev="0" fileid="1" />
                <SequencePoint vc="1" uspid="162" ordinal="5" offset="96" sl="245" sc="13" el="245" ec="75" bec="0" bev="0" fileid="1" />
                <SequencePoint vc="1" uspid="163" ordinal="6" offset="109" sl="246" sc="13" el="246" ec="51" bec="0" bev="0" fileid="1" />
                <SequencePoint vc="1" uspid="164" ordinal="7" offset="127" sl="247" sc="13" el="247" ec="50" bec="0" bev="0" fileid="1" />
                <SequencePoint vc="1" uspid="165" ordinal="8" offset="139" sl="248" sc="13" el="248" ec="77" bec="0" bev="0" fileid="1" />
                <SequencePoint vc="1" uspid="166" ordinal="9" offset="152" sl="249" sc="13" el="249" ec="51" bec="0" bev="0" fileid="1" />
                <SequencePoint vc="1" uspid="167" ordinal="10" offset="170" sl="250" sc="13" el="250" ec="50" bec="0" bev="0" fileid="1" />
                <SequencePoint vc="1" uspid="168" ordinal="11" offset="182" sl="251" sc="13" el="251" ec="39" bec="0" bev="0" fileid="1" />
                <SequencePoint vc="1" uspid="169" ordinal="12" offset="194" sl="252" sc="13" el="252" ec="69" bec="0" bev="0" fileid="1" />
                <SequencePoint vc="1" uspid="170" ordinal="13" offset="217" sl="253" sc="9" el="253" ec="10" bec="0" bev="0" fileid="1" />
              </SequencePoints>
              <BranchPoints />
              <MethodPoint vc="1" uspid="171" ordinal="0" offset="0" />
            </Method>
            <Method visited="false" cyclomaticComplexity="1" nPathComplexity="0" sequenceCoverage="0" branchCoverage="0" crapScore="2" isConstructor="true" isStatic="false" isGetter="false" isSetter="false">
              <Summary numSequencePoints="0" visitedSequencePoints="0" numBranchPoints="0" visitedBranchPoints="0" sequenceCoverage="0" branchCoverage="0" maxCyclomaticComplexity="1" minCyclomaticComplexity="1" maxCrapScore="2" minCrapScore="2" visitedClasses="0" numClasses="0" visitedMethods="0" numMethods="0" />
              <MetadataToken>100663311</MetadataToken>
              <Name>System.Void DrawingForm.Tests.FormPresentationModelTests::.ctor()</Name>
              <SequencePoints />
              <BranchPoints />
              <MethodPoint vc="0" uspid="172" ordinal="0" offset="0" />
            </Method>
          </Methods>
        </Class>
        <Class>
          <Summary numSequencePoints="3" visitedSequencePoints="3" numBranchPoints="1" visitedBranchPoints="1" sequenceCoverage="100" branchCoverage="100" maxCyclomaticComplexity="1" minCyclomaticComplexity="1" maxCrapScore="2" minCrapScore="1" visitedClasses="1" numClasses="1" visitedMethods="1" numMethods="1" />
          <FullName>DrawingForm.Tests.FormPresentationModelTests/&lt;&gt;c__DisplayClass19_0</FullName>
          <Methods>
            <Method visited="false" cyclomaticComplexity="1" nPathComplexity="0" sequenceCoverage="0" branchCoverage="0" crapScore="2" isConstructor="true" isStatic="false" isGetter="false" isSetter="false">
              <Summary numSequencePoints="0" visitedSequencePoints="0" numBranchPoints="0" visitedBranchPoints="0" sequenceCoverage="0" branchCoverage="0" maxCyclomaticComplexity="1" minCyclomaticComplexity="1" maxCrapScore="2" minCrapScore="2" visitedClasses="0" numClasses="0" visitedMethods="0" numMethods="0" />
              <MetadataToken>100663345</MetadataToken>
              <Name>System.Void DrawingForm.Tests.FormPresentationModelTests/&lt;&gt;c__DisplayClass19_0::.ctor()</Name>
              <SequencePoints />
              <BranchPoints />
              <MethodPoint vc="0" uspid="173" ordinal="0" offset="0" />
            </Method>
            <Method visited="true" cyclomaticComplexity="1" nPathComplexity="0" sequenceCoverage="100" branchCoverage="100" crapScore="1" isConstructor="false" isStatic="false" isGetter="false" isSetter="false">
              <Summary numSequencePoints="3" visitedSequencePoints="3" numBranchPoints="1" visitedBranchPoints="1" sequenceCoverage="100" branchCoverage="100" maxCyclomaticComplexity="1" minCyclomaticComplexity="1" maxCrapScore="1" minCrapScore="1" visitedClasses="0" numClasses="0" visitedMethods="1" numMethods="1" />
              <MetadataToken>100663346</MetadataToken>
              <Name>System.Void DrawingForm.Tests.FormPresentationModelTests/&lt;&gt;c__DisplayClass19_0::&lt;DelegateTest&gt;b__0(System.Object,System.ComponentModel.PropertyChangedEventArgs)</Name>
              <FileRef uid="1" />
              <SequencePoints>
                <SequencePoint vc="6" uspid="174" ordinal="0" offset="0" sl="243" sc="68" el="243" ec="69" bec="0" bev="0" fileid="1" />
                <SequencePoint vc="6" uspid="175" ordinal="1" offset="1" sl="243" sc="70" el="243" ec="108" bec="0" bev="0" fileid="1" />
                <SequencePoint vc="6" uspid="176" ordinal="2" offset="19" sl="243" sc="109" el="243" ec="110" bec="0" bev="0" fileid="1" />
              </SequencePoints>
              <BranchPoints />
              <MethodPoint xsi:type="SequencePoint" vc="6" uspid="174" ordinal="0" offset="0" sl="243" sc="68" el="243" ec="69" bec="0" bev="0" fileid="1" />
            </Method>
          </Methods>
        </Class>
        <Class>
          <Summary numSequencePoints="101" visitedSequencePoints="9" numBranchPoints="23" visitedBranchPoints="2" sequenceCoverage="8.91" branchCoverage="8.70" maxCyclomaticComplexity="4" minCyclomaticComplexity="1" maxCrapScore="20" minCrapScore="1.02" visitedClasses="1" numClasses="1" visitedMethods="2" numMethods="19" />
          <FullName>DrawingForm.Tests.Robot</FullName>
          <Methods>
            <Method visited="true" cyclomaticComplexity="1" nPathComplexity="0" sequenceCoverage="75" branchCoverage="100" crapScore="1.02" isConstructor="true" isStatic="false" isGetter="false" isSetter="false">
              <Summary numSequencePoints="4" visitedSequencePoints="3" numBranchPoints="1" visitedBranchPoints="1" sequenceCoverage="75" branchCoverage="100" maxCyclomaticComplexity="1" minCyclomaticComplexity="1" maxCrapScore="1.02" minCrapScore="1.02" visitedClasses="0" numClasses="0" visitedMethods="1" numMethods="1" />
              <MetadataToken>100663312</MetadataToken>
              <Name>System.Void DrawingForm.Tests.Robot::.ctor(System.String,System.String)</Name>
              <FileRef uid="3" />
              <SequencePoints>
                <SequencePoint vc="2" uspid="177" ordinal="0" offset="0" sl="24" sc="9" el="24" ec="56" bec="0" bev="0" fileid="3" />
                <SequencePoint vc="2" uspid="178" ordinal="1" offset="7" sl="25" sc="9" el="25" ec="10" bec="0" bev="0" fileid="3" />
                <SequencePoint vc="2" uspid="179" ordinal="2" offset="8" sl="26" sc="13" el="26" ec="50" bec="0" bev="0" fileid="3" />
                <SequencePoint vc="0" uspid="180" ordinal="3" offset="17" sl="27" sc="9" el="27" ec="10" bec="0" bev="0" fileid="3" />
              </SequencePoints>
              <BranchPoints />
              <MethodPoint xsi:type="SequencePoint" vc="2" uspid="177" ordinal="0" offset="0" sl="24" sc="9" el="24" ec="56" bec="0" bev="0" fileid="3" />
            </Method>
            <Method visited="true" cyclomaticComplexity="1" nPathComplexity="0" sequenceCoverage="66.67" branchCoverage="100" crapScore="1.04" isConstructor="false" isStatic="false" isGetter="false" isSetter="false">
              <Summary numSequencePoints="9" visitedSequencePoints="6" numBranchPoints="1" visitedBranchPoints="1" sequenceCoverage="66.67" branchCoverage="100" maxCyclomaticComplexity="1" minCyclomaticComplexity="1" maxCrapScore="1.04" minCrapScore="1.04" visitedClasses="0" numClasses="0" visitedMethods="1" numMethods="1" />
              <MetadataToken>100663313</MetadataToken>
              <Name>System.Void DrawingForm.Tests.Robot::Initialize(System.String,System.String)</Name>
              <FileRef uid="3" />
              <SequencePoints>
                <SequencePoint vc="2" uspid="181" ordinal="0" offset="0" sl="31" sc="9" el="31" ec="10" bec="0" bev="0" fileid="3" />
                <SequencePoint vc="2" uspid="182" ordinal="1" offset="1" sl="32" sc="13" el="32" ec="26" bec="0" bev="0" fileid="3" />
                <SequencePoint vc="2" uspid="183" ordinal="2" offset="8" sl="33" sc="13" el="33" ec="47" bec="0" bev="0" fileid="3" />
                <SequencePoint vc="2" uspid="184" ordinal="3" offset="14" sl="34" sc="13" el="34" ec="67" bec="0" bev="0" fileid="3" />
                <SequencePoint vc="2" uspid="185" ordinal="4" offset="27" sl="35" sc="13" el="35" ec="72" bec="0" bev="0" fileid="3" />
                <SequencePoint vc="2" uspid="186" ordinal="5" offset="44" sl="37" sc="13" el="37" ec="95" bec="0" bev="0" fileid="3" />
                <SequencePoint vc="0" uspid="187" ordinal="6" offset="66" sl="38" sc="13" el="38" ec="80" bec="0" bev="0" fileid="3" />
                <SequencePoint vc="0" uspid="188" ordinal="7" offset="102" sl="39" sc="13" el="42" ec="15" bec="0" bev="0" fileid="3" />
                <SequencePoint vc="0" uspid="189" ordinal="8" offset="137" sl="43" sc="9" el="43" ec="10" bec="0" bev="0" fileid="3" />
              </SequencePoints>
              <BranchPoints />
              <MethodPoint xsi:type="SequencePoint" vc="2" uspid="181" ordinal="0" offset="0" sl="31" sc="9" el="31" ec="10" bec="0" bev="0" fileid="3" />
            </Method>
            <Method visited="false" cyclomaticComplexity="1" nPathComplexity="0" sequenceCoverage="0" branchCoverage="0" crapScore="2" isConstructor="false" isStatic="false" isGetter="false" isSetter="false">
              <Summary numSequencePoints="4" visitedSequencePoints="0" numBranchPoints="1" visitedBranchPoints="0" sequenceCoverage="0" branchCoverage="0" maxCyclomaticComplexity="1" minCyclomaticComplexity="1" maxCrapScore="2" minCrapScore="2" visitedClasses="0" numClasses="0" visitedMethods="0" numMethods="1" />
              <MetadataToken>100663314</MetadataToken>
              <Name>System.Void DrawingForm.Tests.Robot::Draw(System.String,System.Int32,System.Int32,System.Int32,System.Int32)</Name>
              <FileRef uid="3" />
              <SequencePoints>
                <SequencePoint vc="0" uspid="190" ordinal="0" offset="0" sl="47" sc="9" el="47" ec="10" bec="0" bev="0" fileid="3" />
                <SequencePoint vc="0" uspid="191" ordinal="1" offset="1" sl="48" sc="13" el="48" ec="59" bec="0" bev="0" fileid="3" />
                <SequencePoint vc="0" uspid="192" ordinal="2" offset="13" sl="49" sc="13" el="49" ec="170" bec="0" bev="0" fileid="3" />
                <SequencePoint vc="0" uspid="193" ordinal="3" offset="67" sl="50" sc="9" el="50" ec="10" bec="0" bev="0" fileid="3" />
              </SequencePoints>
              <BranchPoints />
              <MethodPoint xsi:type="SequencePoint" vc="0" uspid="190" ordinal="0" offset="0" sl="47" sc="9" el="47" ec="10" bec="0" bev="0" fileid="3" />
            </Method>
            <Method visited="false" cyclomaticComplexity="1" nPathComplexity="0" sequenceCoverage="0" branchCoverage="0" crapScore="2" isConstructor="false" isStatic="false" isGetter="false" isSetter="false">
              <Summary numSequencePoints="4" visitedSequencePoints="0" numBranchPoints="1" visitedBranchPoints="0" sequenceCoverage="0" branchCoverage="0" maxCyclomaticComplexity="1" minCyclomaticComplexity="1" maxCrapScore="2" minCrapScore="2" visitedClasses="0" numClasses="0" visitedMethods="0" numMethods="1" />
              <MetadataToken>100663315</MetadataToken>
              <Name>System.Void DrawingForm.Tests.Robot::Click(System.String,System.Int32,System.Int32)</Name>
              <FileRef uid="3" />
              <SequencePoints>
                <SequencePoint vc="0" uspid="194" ordinal="0" offset="0" sl="54" sc="9" el="54" ec="10" bec="0" bev="0" fileid="3" />
                <SequencePoint vc="0" uspid="195" ordinal="1" offset="1" sl="55" sc="13" el="55" ec="59" bec="0" bev="0" fileid="3" />
                <SequencePoint vc="0" uspid="196" ordinal="2" offset="13" sl="56" sc="13" el="56" ec="120" bec="0" bev="0" fileid="3" />
                <SequencePoint vc="0" uspid="197" ordinal="3" offset="49" sl="57" sc="9" el="57" ec="10" bec="0" bev="0" fileid="3" />
              </SequencePoints>
              <BranchPoints />
              <MethodPoint xsi:type="SequencePoint" vc="0" uspid="194" ordinal="0" offset="0" sl="54" sc="9" el="54" ec="10" bec="0" bev="0" fileid="3" />
            </Method>
            <Method visited="false" cyclomaticComplexity="1" nPathComplexity="0" sequenceCoverage="0" branchCoverage="0" crapScore="2" isConstructor="false" isStatic="false" isGetter="false" isSetter="false">
              <Summary numSequencePoints="5" visitedSequencePoints="0" numBranchPoints="1" visitedBranchPoints="0" sequenceCoverage="0" branchCoverage="0" maxCyclomaticComplexity="1" minCyclomaticComplexity="1" maxCrapScore="2" minCrapScore="2" visitedClasses="0" numClasses="0" visitedMethods="0" numMethods="1" />
              <MetadataToken>100663316</MetadataToken>
              <Name>System.Void DrawingForm.Tests.Robot::CleanUp()</Name>
              <FileRef uid="3" />
              <SequencePoints>
                <SequencePoint vc="0" uspid="198" ordinal="0" offset="0" sl="61" sc="9" el="61" ec="10" bec="0" bev="0" fileid="3" />
                <SequencePoint vc="0" uspid="199" ordinal="1" offset="1" sl="62" sc="13" el="62" ec="29" bec="0" bev="0" fileid="3" />
                <SequencePoint vc="0" uspid="200" ordinal="2" offset="14" sl="63" sc="13" el="63" ec="32" bec="0" bev="0" fileid="3" />
                <SequencePoint vc="0" uspid="201" ordinal="3" offset="26" sl="64" sc="13" el="64" ec="31" bec="0" bev="0" fileid="3" />
                <SequencePoint vc="0" uspid="202" ordinal="4" offset="38" sl="65" sc="9" el="65" ec="10" bec="0" bev="0" fileid="3" />
              </SequencePoints>
              <BranchPoints />
              <MethodPoint xsi:type="SequencePoint" vc="0" uspid="198" ordinal="0" offset="0" sl="61" sc="9" el="61" ec="10" bec="0" bev="0" fileid="3" />
            </Method>
            <Method visited="false" cyclomaticComplexity="4" nPathComplexity="2" sequenceCoverage="0" branchCoverage="0" crapScore="20" isConstructor="false" isStatic="false" isGetter="false" isSetter="false">
              <Summary numSequencePoints="22" visitedSequencePoints="0" numBranchPoints="3" visitedBranchPoints="0" sequenceCoverage="0" branchCoverage="0" maxCyclomaticComplexity="4" minCyclomaticComplexity="4" maxCrapScore="20" minCrapScore="20" visitedClasses="0" numClasses="0" visitedMethods="0" numMethods="1" />
              <MetadataToken>100663317</MetadataToken>
              <Name>System.Void DrawingForm.Tests.Robot::SwitchTo(System.String)</Name>
              <FileRef uid="3" />
              <SequencePoints>
                <SequencePoint vc="0" uspid="203" ordinal="0" offset="0" sl="69" sc="9" el="69" ec="10" bec="0" bev="0" fileid="3" />
                <SequencePoint vc="0" uspid="204" ordinal="1" offset="1" sl="70" sc="13" el="70" ec="54" bec="2" bev="0" fileid="3" />
                <SequencePoint vc="0" uspid="205" ordinal="2" offset="17" sl="71" sc="13" el="71" ec="14" bec="0" bev="0" fileid="3" />
                <SequencePoint vc="0" uspid="206" ordinal="3" offset="18" sl="72" sc="17" el="72" ec="69" bec="0" bev="0" fileid="3" />
                <SequencePoint vc="0" uspid="207" ordinal="4" offset="47" sl="73" sc="13" el="73" ec="14" bec="0" bev="0" fileid="3" />
                <SequencePoint vc="0" uspid="208" ordinal="5" offset="50" sl="75" sc="13" el="75" ec="14" bec="0" bev="0" fileid="3" />
                <SequencePoint vc="0" uspid="209" ordinal="6" offset="51" sl="76" sc="17" el="76" ec="24" bec="0" bev="0" fileid="3" />
                <SequencePoint vc="0" uspid="210" ordinal="7" offset="52" sl="76" sc="46" el="76" ec="67" bec="0" bev="0" fileid="3" />
                <SequencePoint vc="0" uspid="211" ordinal="8" offset="71" sl="76" sc="26" el="76" ec="42" bec="0" bev="0" fileid="3" />
                <SequencePoint vc="0" uspid="212" ordinal="9" offset="78" sl="77" sc="17" el="77" ec="18" bec="0" bev="0" fileid="3" />
                <SequencePoint vc="0" uspid="213" ordinal="10" offset="79" sl="78" sc="21" el="78" ec="61" bec="0" bev="0" fileid="3" />
                <SequencePoint vc="0" uspid="214" ordinal="11" offset="97" sl="80" sc="21" el="80" ec="22" bec="0" bev="0" fileid="3" />
                <SequencePoint vc="0" uspid="215" ordinal="12" offset="98" sl="81" sc="25" el="81" ec="72" bec="0" bev="0" fileid="3" />
                <SequencePoint vc="0" uspid="216" ordinal="13" offset="111" sl="82" sc="25" el="82" ec="68" bec="0" bev="0" fileid="3" />
                <SequencePoint vc="0" uspid="217" ordinal="14" offset="125" sl="83" sc="25" el="83" ec="32" bec="0" bev="0" fileid="3" />
                <SequencePoint vc="0" uspid="218" ordinal="15" offset="127" sl="85" sc="21" el="85" ec="26" bec="0" bev="0" fileid="3" />
                <SequencePoint vc="0" uspid="219" ordinal="16" offset="128" sl="86" sc="21" el="86" ec="22" bec="0" bev="0" fileid="3" />
                <SequencePoint vc="0" uspid="220" ordinal="17" offset="129" sl="88" sc="21" el="88" ec="22" bec="0" bev="0" fileid="3" />
                <SequencePoint vc="0" uspid="221" ordinal="18" offset="132" sl="89" sc="17" el="89" ec="18" bec="0" bev="0" fileid="3" />
                <SequencePoint vc="0" uspid="222" ordinal="19" offset="133" sl="76" sc="43" el="76" ec="45" bec="0" bev="0" fileid="3" />
                <SequencePoint vc="0" uspid="223" ordinal="20" offset="154" sl="90" sc="13" el="90" ec="14" bec="0" bev="0" fileid="3" />
                <SequencePoint vc="0" uspid="224" ordinal="21" offset="155" sl="91" sc="9" el="91" ec="10" bec="0" bev="0" fileid="3" />
              </SequencePoints>
              <BranchPoints>
                <BranchPoint vc="0" uspid="225" ordinal="0" offset="15" sl="70" path="0" offsetend="17" fileid="3" />
                <BranchPoint vc="0" uspid="226" ordinal="1" offset="15" sl="70" path="1" offsetend="50" fileid="3" />
              </BranchPoints>
              <MethodPoint xsi:type="SequencePoint" vc="0" uspid="203" ordinal="0" offset="0" sl="69" sc="9" el="69" ec="10" bec="0" bev="0" fileid="3" />
            </Method>
            <Method visited="false" cyclomaticComplexity="1" nPathComplexity="0" sequenceCoverage="0" branchCoverage="0" crapScore="2" isConstructor="false" isStatic="false" isGetter="false" isSetter="false">
              <Summary numSequencePoints="3" visitedSequencePoints="0" numBranchPoints="1" visitedBranchPoints="0" sequenceCoverage="0" branchCoverage="0" maxCyclomaticComplexity="1" minCyclomaticComplexity="1" maxCrapScore="2" minCrapScore="2" visitedClasses="0" numClasses="0" visitedMethods="0" numMethods="1" />
              <MetadataToken>100663318</MetadataToken>
              <Name>System.Void DrawingForm.Tests.Robot::ClearText(System.String)</Name>
              <FileRef uid="3" />
              <SequencePoints>
                <SequencePoint vc="0" uspid="229" ordinal="0" offset="0" sl="95" sc="9" el="95" ec="10" bec="0" bev="0" fileid="3" />
                <SequencePoint vc="0" uspid="230" ordinal="1" offset="1" sl="96" sc="13" el="96" ec="64" bec="0" bev="0" fileid="3" />
                <SequencePoint vc="0" uspid="231" ordinal="2" offset="19" sl="97" sc="9" el="97" ec="10" bec="0" bev="0" fileid="3" />
              </SequencePoints>
              <BranchPoints />
              <MethodPoint xsi:type="SequencePoint" vc="0" uspid="229" ordinal="0" offset="0" sl="95" sc="9" el="95" ec="10" bec="0" bev="0" fileid="3" />
            </Method>
            <Method visited="false" cyclomaticComplexity="1" nPathComplexity="0" sequenceCoverage="0" branchCoverage="0" crapScore="2" isConstructor="false" isStatic="false" isGetter="false" isSetter="false">
              <Summary numSequencePoints="4" visitedSequencePoints="0" numBranchPoints="1" visitedBranchPoints="0" sequenceCoverage="0" branchCoverage="0" maxCyclomaticComplexity="1" minCyclomaticComplexity="1" maxCrapScore="2" minCrapScore="2" visitedClasses="0" numClasses="0" visitedMethods="0" numMethods="1" />
              <MetadataToken>100663319</MetadataToken>
              <Name>System.Void DrawingForm.Tests.Robot::AddText(System.String,System.String)</Name>
              <FileRef uid="3" />
              <SequencePoints>
                <SequencePoint vc="0" uspid="232" ordinal="0" offset="0" sl="101" sc="9" el="101" ec="10" bec="0" bev="0" fileid="3" />
                <SequencePoint vc="0" uspid="233" ordinal="1" offset="1" sl="102" sc="13" el="102" ec="64" bec="0" bev="0" fileid="3" />
                <SequencePoint vc="0" uspid="234" ordinal="2" offset="19" sl="103" sc="13" el="103" ec="71" bec="0" bev="0" fileid="3" />
                <SequencePoint vc="0" uspid="235" ordinal="3" offset="38" sl="104" sc="9" el="104" ec="10" bec="0" bev="0" fileid="3" />
              </SequencePoints>
              <BranchPoints />
              <MethodPoint xsi:type="SequencePoint" vc="0" uspid="232" ordinal="0" offset="0" sl="101" sc="9" el="101" ec="10" bec="0" bev="0" fileid="3" />
            </Method>
            <Method visited="false" cyclomaticComplexity="1" nPathComplexity="0" sequenceCoverage="0" branchCoverage="0" crapScore="2" isConstructor="false" isStatic="false" isGetter="false" isSetter="false">
              <Summary numSequencePoints="4" visitedSequencePoints="0" numBranchPoints="1" visitedBranchPoints="0" sequenceCoverage="0" branchCoverage="0" maxCyclomaticComplexity="1" minCyclomaticComplexity="1" maxCrapScore="2" minCrapScore="2" visitedClasses="0" numClasses="0" visitedMethods="0" numMethods="1" />
              <MetadataToken>100663320</MetadataToken>
              <Name>System.Void DrawingForm.Tests.Robot::SetText(System.String,System.String)</Name>
              <FileRef uid="3" />
              <SequencePoints>
                <SequencePoint vc="0" uspid="236" ordinal="0" offset="0" sl="108" sc="9" el="108" ec="10" bec="0" bev="0" fileid="3" />
                <SequencePoint vc="0" uspid="237" ordinal="1" offset="1" sl="109" sc="13" el="109" ec="29" bec="0" bev="0" fileid="3" />
                <SequencePoint vc="0" uspid="238" ordinal="2" offset="9" sl="110" sc="13" el="110" ec="33" bec="0" bev="0" fileid="3" />
                <SequencePoint vc="0" uspid="239" ordinal="3" offset="18" sl="111" sc="9" el="111" ec="10" bec="0" bev="0" fileid="3" />
              </SequencePoints>
              <BranchPoints />
              <MethodPoint xsi:type="SequencePoint" vc="0" uspid="236" ordinal="0" offset="0" sl="108" sc="9" el="108" ec="10" bec="0" bev="0" fileid="3" />
            </Method>
            <Method visited="false" cyclomaticComplexity="1" nPathComplexity="0" sequenceCoverage="0" branchCoverage="0" crapScore="2" isConstructor="false" isStatic="false" isGetter="false" isSetter="false">
              <Summary numSequencePoints="3" visitedSequencePoints="0" numBranchPoints="1" visitedBranchPoints="0" sequenceCoverage="0" branchCoverage="0" maxCyclomaticComplexity="1" minCyclomaticComplexity="1" maxCrapScore="2" minCrapScore="2" visitedClasses="0" numClasses="0" visitedMethods="0" numMethods="1" />
              <MetadataToken>100663321</MetadataToken>
              <Name>System.Void DrawingForm.Tests.Robot::Sleep(System.Double)</Name>
              <FileRef uid="3" />
              <SequencePoints>
                <SequencePoint vc="0" uspid="240" ordinal="0" offset="0" sl="115" sc="9" el="115" ec="10" bec="0" bev="0" fileid="3" />
                <SequencePoint vc="0" uspid="241" ordinal="1" offset="1" sl="116" sc="13" el="116" ec="54" bec="0" bev="0" fileid="3" />
                <SequencePoint vc="0" uspid="242" ordinal="2" offset="13" sl="117" sc="9" el="117" ec="10" bec="0" bev="0" fileid="3" />
              </SequencePoints>
              <BranchPoints />
              <MethodPoint xsi:type="SequencePoint" vc="0" uspid="240" ordinal="0" offset="0" sl="115" sc="9" el="115" ec="10" bec="0" bev="0" fileid="3" />
            </Method>
            <Method visited="false" cyclomaticComplexity="1" nPathComplexity="0" sequenceCoverage="0" branchCoverage="0" crapScore="2" isConstructor="false" isStatic="false" isGetter="false" isSetter="false">
              <Summary numSequencePoints="3" visitedSequencePoints="0" numBranchPoints="1" visitedBranchPoints="0" sequenceCoverage="0" branchCoverage="0" maxCyclomaticComplexity="1" minCyclomaticComplexity="1" maxCrapScore="2" minCrapScore="2" visitedClasses="0" numClasses="0" visitedMethods="0" numMethods="1" />
              <MetadataToken>100663322</MetadataToken>
              <Name>System.Void DrawingForm.Tests.Robot::ClickButton(System.String)</Name>
              <FileRef uid="3" />
              <SequencePoints>
                <SequencePoint vc="0" uspid="243" ordinal="0" offset="0" sl="121" sc="9" el="121" ec="10" bec="0" bev="0" fileid="3" />
                <SequencePoint vc="0" uspid="244" ordinal="1" offset="1" sl="122" sc="13" el="122" ec="53" bec="0" bev="0" fileid="3" />
                <SequencePoint vc="0" uspid="245" ordinal="2" offset="19" sl="123" sc="9" el="123" ec="10" bec="0" bev="0" fileid="3" />
              </SequencePoints>
              <BranchPoints />
              <MethodPoint xsi:type="SequencePoint" vc="0" uspid="243" ordinal="0" offset="0" sl="121" sc="9" el="121" ec="10" bec="0" bev="0" fileid="3" />
            </Method>
            <Method visited="false" cyclomaticComplexity="1" nPathComplexity="0" sequenceCoverage="0" branchCoverage="0" crapScore="2" isConstructor="false" isStatic="false" isGetter="false" isSetter="false">
              <Summary numSequencePoints="3" visitedSequencePoints="0" numBranchPoints="1" visitedBranchPoints="0" sequenceCoverage="0" branchCoverage="0" maxCyclomaticComplexity="1" minCyclomaticComplexity="1" maxCrapScore="2" minCrapScore="2" visitedClasses="0" numClasses="0" visitedMethods="0" numMethods="1" />
              <MetadataToken>100663323</MetadataToken>
              <Name>System.Void DrawingForm.Tests.Robot::ClickControl(System.String)</Name>
              <FileRef uid="3" />
              <SequencePoints>
                <SequencePoint vc="0" uspid="246" ordinal="0" offset="0" sl="127" sc="9" el="127" ec="10" bec="0" bev="0" fileid="3" />
                <SequencePoint vc="0" uspid="247" ordinal="1" offset="1" sl="128" sc="13" el="128" ec="64" bec="0" bev="0" fileid="3" />
                <SequencePoint vc="0" uspid="248" ordinal="2" offset="19" sl="129" sc="9" el="129" ec="10" bec="0" bev="0" fileid="3" />
              </SequencePoints>
              <BranchPoints />
              <MethodPoint xsi:type="SequencePoint" vc="0" uspid="246" ordinal="0" offset="0" sl="127" sc="9" el="127" ec="10" bec="0" bev="0" fileid="3" />
            </Method>
            <Method visited="false" cyclomaticComplexity="4" nPathComplexity="2" sequenceCoverage="0" branchCoverage="0" crapScore="20" isConstructor="false" isStatic="false" isGetter="false" isSetter="false">
              <Summary numSequencePoints="11" visitedSequencePoints="0" numBranchPoints="3" visitedBranchPoints="0" sequenceCoverage="0" branchCoverage="0" maxCyclomaticComplexity="4" minCyclomaticComplexity="4" maxCrapScore="20" minCrapScore="20" visitedClasses="0" numClasses="0" visitedMethods="0" numMethods="1" />
              <MetadataToken>100663324</MetadataToken>
              <Name>System.Void DrawingForm.Tests.Robot::ClickTabControl(System.String)</Name>
              <FileRef uid="3" />
              <SequencePoints>
                <SequencePoint vc="0" uspid="249" ordinal="0" offset="0" sl="133" sc="9" el="133" ec="10" bec="0" bev="0" fileid="3" />
                <SequencePoint vc="0" uspid="250" ordinal="1" offset="1" sl="134" sc="13" el="134" ec="61" bec="0" bev="0" fileid="3" />
                <SequencePoint vc="0" uspid="251" ordinal="2" offset="14" sl="135" sc="13" el="135" ec="20" bec="0" bev="0" fileid="3" />
                <SequencePoint vc="0" uspid="252" ordinal="3" offset="15" sl="135" sc="37" el="135" ec="45" bec="0" bev="0" fileid="3" />
                <SequencePoint vc="0" uspid="253" ordinal="4" offset="24" sl="135" sc="22" el="135" ec="33" bec="0" bev="0" fileid="3" />
                <SequencePoint vc="0" uspid="254" ordinal="5" offset="31" sl="136" sc="13" el="136" ec="14" bec="0" bev="0" fileid="3" />
                <SequencePoint vc="0" uspid="255" ordinal="6" offset="32" sl="137" sc="17" el="137" ec="62" bec="2" bev="0" fileid="3" />
                <SequencePoint vc="0" uspid="256" ordinal="7" offset="52" sl="138" sc="21" el="138" ec="37" bec="0" bev="0" fileid="3" />
                <SequencePoint vc="0" uspid="257" ordinal="8" offset="59" sl="139" sc="13" el="139" ec="14" bec="0" bev="0" fileid="3" />
                <SequencePoint vc="0" uspid="258" ordinal="9" offset="60" sl="135" sc="34" el="135" ec="36" bec="0" bev="0" fileid="3" />
                <SequencePoint vc="0" uspid="259" ordinal="10" offset="81" sl="140" sc="9" el="140" ec="10" bec="0" bev="0" fileid="3" />
              </SequencePoints>
              <BranchPoints>
                <BranchPoint vc="0" uspid="260" ordinal="0" offset="50" sl="137" path="0" offsetend="52" fileid="3" />
                <BranchPoint vc="0" uspid="261" ordinal="1" offset="50" sl="137" path="1" offsetend="59" fileid="3" />
              </BranchPoints>
              <MethodPoint xsi:type="SequencePoint" vc="0" uspid="249" ordinal="0" offset="0" sl="133" sc="9" el="133" ec="10" bec="0" bev="0" fileid="3" />
            </Method>
            <Method visited="false" cyclomaticComplexity="1" nPathComplexity="0" sequenceCoverage="0" branchCoverage="0" crapScore="2" isConstructor="false" isStatic="false" isGetter="false" isSetter="false">
              <Summary numSequencePoints="3" visitedSequencePoints="0" numBranchPoints="1" visitedBranchPoints="0" sequenceCoverage="0" branchCoverage="0" maxCyclomaticComplexity="1" minCyclomaticComplexity="1" maxCrapScore="2" minCrapScore="2" visitedClasses="0" numClasses="0" visitedMethods="0" numMethods="1" />
              <MetadataToken>100663325</MetadataToken>
              <Name>System.Void DrawingForm.Tests.Robot::CloseWindow()</Name>
              <FileRef uid="3" />
              <SequencePoints>
                <SequencePoint vc="0" uspid="264" ordinal="0" offset="0" sl="144" sc="9" el="144" ec="10" bec="0" bev="0" fileid="3" />
                <SequencePoint vc="0" uspid="265" ordinal="1" offset="1" sl="145" sc="13" el="145" ec="40" bec="0" bev="0" fileid="3" />
                <SequencePoint vc="0" uspid="266" ordinal="2" offset="12" sl="146" sc="9" el="146" ec="10" bec="0" bev="0" fileid="3" />
              </SequencePoints>
              <BranchPoints />
              <MethodPoint xsi:type="SequencePoint" vc="0" uspid="264" ordinal="0" offset="0" sl="144" sc="9" el="144" ec="10" bec="0" bev="0" fileid="3" />
            </Method>
            <Method visited="false" cyclomaticComplexity="1" nPathComplexity="0" sequenceCoverage="0" branchCoverage="0" crapScore="2" isConstructor="false" isStatic="false" isGetter="false" isSetter="false">
              <Summary numSequencePoints="3" visitedSequencePoints="0" numBranchPoints="1" visitedBranchPoints="0" sequenceCoverage="0" branchCoverage="0" maxCyclomaticComplexity="1" minCyclomaticComplexity="1" maxCrapScore="2" minCrapScore="2" visitedClasses="0" numClasses="0" visitedMethods="0" numMethods="1" />
              <MetadataToken>100663326</MetadataToken>
              <Name>System.Void DrawingForm.Tests.Robot::CloseMessageBox()</Name>
              <FileRef uid="3" />
              <SequencePoints>
                <SequencePoint vc="0" uspid="267" ordinal="0" offset="0" sl="150" sc="9" el="150" ec="10" bec="0" bev="0" fileid="3" />
                <SequencePoint vc="0" uspid="268" ordinal="1" offset="1" sl="151" sc="13" el="151" ec="53" bec="0" bev="0" fileid="3" />
                <SequencePoint vc="0" uspid="269" ordinal="2" offset="23" sl="152" sc="9" el="152" ec="10" bec="0" bev="0" fileid="3" />
              </SequencePoints>
              <BranchPoints />
              <MethodPoint xsi:type="SequencePoint" vc="0" uspid="267" ordinal="0" offset="0" sl="150" sc="9" el="150" ec="10" bec="0" bev="0" fileid="3" />
            </Method>
            <Method visited="false" cyclomaticComplexity="1" nPathComplexity="0" sequenceCoverage="0" branchCoverage="0" crapScore="2" isConstructor="false" isStatic="false" isGetter="false" isSetter="false">
              <Summary numSequencePoints="4" visitedSequencePoints="0" numBranchPoints="1" visitedBranchPoints="0" sequenceCoverage="0" branchCoverage="0" maxCyclomaticComplexity="1" minCyclomaticComplexity="1" maxCrapScore="2" minCrapScore="2" visitedClasses="0" numClasses="0" visitedMethods="0" numMethods="1" />
              <MetadataToken>100663327</MetadataToken>
              <Name>System.Void DrawingForm.Tests.Robot::AssertExists(System.String)</Name>
              <FileRef uid="3" />
              <SequencePoints>
                <SequencePoint vc="0" uspid="270" ordinal="0" offset="0" sl="156" sc="9" el="156" ec="10" bec="0" bev="0" fileid="3" />
                <SequencePoint vc="0" uspid="271" ordinal="1" offset="1" sl="157" sc="13" el="157" ec="70" bec="0" bev="0" fileid="3" />
                <SequencePoint vc="0" uspid="272" ordinal="2" offset="14" sl="158" sc="13" el="158" ec="39" bec="0" bev="0" fileid="3" />
                <SequencePoint vc="0" uspid="273" ordinal="3" offset="21" sl="159" sc="9" el="159" ec="10" bec="0" bev="0" fileid="3" />
              </SequencePoints>
              <BranchPoints />
              <MethodPoint xsi:type="SequencePoint" vc="0" uspid="270" ordinal="0" offset="0" sl="156" sc="9" el="156" ec="10" bec="0" bev="0" fileid="3" />
            </Method>
            <Method visited="false" cyclomaticComplexity="1" nPathComplexity="0" sequenceCoverage="0" branchCoverage="0" crapScore="2" isConstructor="false" isStatic="false" isGetter="false" isSetter="false">
              <Summary numSequencePoints="4" visitedSequencePoints="0" numBranchPoints="1" visitedBranchPoints="0" sequenceCoverage="0" branchCoverage="0" maxCyclomaticComplexity="1" minCyclomaticComplexity="1" maxCrapScore="2" minCrapScore="2" visitedClasses="0" numClasses="0" visitedMethods="0" numMethods="1" />
              <MetadataToken>100663328</MetadataToken>
              <Name>System.Void DrawingForm.Tests.Robot::AssertEnable(System.String,System.Boolean)</Name>
              <FileRef uid="3" />
              <SequencePoints>
                <SequencePoint vc="0" uspid="274" ordinal="0" offset="0" sl="163" sc="9" el="163" ec="10" bec="0" bev="0" fileid="3" />
                <SequencePoint vc="0" uspid="275" ordinal="1" offset="1" sl="164" sc="13" el="164" ec="70" bec="0" bev="0" fileid="3" />
                <SequencePoint vc="0" uspid="276" ordinal="2" offset="14" sl="165" sc="13" el="165" ec="53" bec="0" bev="0" fileid="3" />
                <SequencePoint vc="0" uspid="277" ordinal="3" offset="27" sl="166" sc="9" el="166" ec="10" bec="0" bev="0" fileid="3" />
              </SequencePoints>
              <BranchPoints />
              <MethodPoint xsi:type="SequencePoint" vc="0" uspid="274" ordinal="0" offset="0" sl="163" sc="9" el="163" ec="10" bec="0" bev="0" fileid="3" />
            </Method>
            <Method visited="false" cyclomaticComplexity="1" nPathComplexity="0" sequenceCoverage="0" branchCoverage="0" crapScore="2" isConstructor="false" isStatic="false" isGetter="false" isSetter="false">
              <Summary numSequencePoints="4" visitedSequencePoints="0" numBranchPoints="1" visitedBranchPoints="0" sequenceCoverage="0" branchCoverage="0" maxCyclomaticComplexity="1" minCyclomaticComplexity="1" maxCrapScore="2" minCrapScore="2" visitedClasses="0" numClasses="0" visitedMethods="0" numMethods="1" />
              <MetadataToken>100663329</MetadataToken>
              <Name>System.Void DrawingForm.Tests.Robot::AssertText(System.String,System.String)</Name>
              <FileRef uid="3" />
              <SequencePoints>
                <SequencePoint vc="0" uspid="278" ordinal="0" offset="0" sl="170" sc="9" el="170" ec="10" bec="0" bev="0" fileid="3" />
                <SequencePoint vc="0" uspid="279" ordinal="1" offset="1" sl="171" sc="13" el="171" ec="81" bec="0" bev="0" fileid="3" />
                <SequencePoint vc="0" uspid="280" ordinal="2" offset="14" sl="172" sc="13" el="172" ec="49" bec="0" bev="0" fileid="3" />
                <SequencePoint vc="0" uspid="281" ordinal="3" offset="27" sl="173" sc="9" el="173" ec="10" bec="0" bev="0" fileid="3" />
              </SequencePoints>
              <BranchPoints />
              <MethodPoint xsi:type="SequencePoint" vc="0" uspid="278" ordinal="0" offset="0" sl="170" sc="9" el="170" ec="10" bec="0" bev="0" fileid="3" />
            </Method>
            <Method visited="false" cyclomaticComplexity="1" nPathComplexity="0" sequenceCoverage="0" branchCoverage="0" crapScore="2" isConstructor="false" isStatic="false" isGetter="false" isSetter="false">
              <Summary numSequencePoints="4" visitedSequencePoints="0" numBranchPoints="1" visitedBranchPoints="0" sequenceCoverage="0" branchCoverage="0" maxCyclomaticComplexity="1" minCyclomaticComplexity="1" maxCrapScore="2" minCrapScore="2" visitedClasses="0" numClasses="0" visitedMethods="0" numMethods="1" />
              <MetadataToken>100663330</MetadataToken>
              <Name>System.Void DrawingForm.Tests.Robot::AssertDataGridViewRowCountBy(System.String,System.Int32)</Name>
              <FileRef uid="3" />
              <SequencePoints>
                <SequencePoint vc="0" uspid="282" ordinal="0" offset="0" sl="177" sc="9" el="177" ec="10" bec="0" bev="0" fileid="3" />
                <SequencePoint vc="0" uspid="283" ordinal="1" offset="1" sl="178" sc="13" el="178" ec="75" bec="0" bev="0" fileid="3" />
                <SequencePoint vc="0" uspid="284" ordinal="2" offset="14" sl="179" sc="13" el="179" ec="94" bec="0" bev="0" fileid="3" />
                <SequencePoint vc="0" uspid="285" ordinal="3" offset="38" sl="180" sc="9" el="180" ec="10" bec="0" bev="0" fileid="3" />
              </SequencePoints>
              <BranchPoints />
              <MethodPoint xsi:type="SequencePoint" vc="0" uspid="282" ordinal="0" offset="0" sl="177" sc="9" el="177" ec="10" bec="0" bev="0" fileid="3" />
            </Method>
          </Methods>
        </Class>
        <Class>
          <Summary numSequencePoints="65" visitedSequencePoints="7" numBranchPoints="4" visitedBranchPoints="2" sequenceCoverage="10.77" branchCoverage="50" maxCyclomaticComplexity="1" minCyclomaticComplexity="1" maxCrapScore="2" minCrapScore="1.00" visitedClasses="1" numClasses="1" visitedMethods="2" numMethods="4" />
          <FullName>DrawingForm.Tests.UITest</FullName>
          <Methods>
            <Method visited="true" cyclomaticComplexity="1" nPathComplexity="0" sequenceCoverage="83.33" branchCoverage="100" crapScore="1.00" isConstructor="false" isStatic="false" isGetter="false" isSetter="false">
              <Summary numSequencePoints="6" visitedSequencePoints="5" numBranchPoints="1" visitedBranchPoints="1" sequenceCoverage="83.33" branchCoverage="100" maxCyclomaticComplexity="1" minCyclomaticComplexity="1" maxCrapScore="1.00" minCrapScore="1.00" visitedClasses="0" numClasses="0" visitedMethods="1" numMethods="1" />
              <MetadataToken>100663331</MetadataToken>
              <Name>System.Void DrawingForm.Tests.UITest::Initialize()</Name>
              <FileRef uid="4" />
              <SequencePoints>
                <SequencePoint vc="2" uspid="286" ordinal="0" offset="0" sl="25" sc="9" el="25" ec="10" bec="0" bev="0" fileid="4" />
                <SequencePoint vc="2" uspid="287" ordinal="1" offset="1" sl="26" sc="13" el="26" ec="50" bec="0" bev="0" fileid="4" />
                <SequencePoint vc="2" uspid="288" ordinal="2" offset="7" sl="27" sc="13" el="27" ec="121" bec="0" bev="0" fileid="4" />
                <SequencePoint vc="2" uspid="289" ordinal="3" offset="33" sl="30" sc="13" el="30" ec="104" bec="0" bev="0" fileid="4" />
                <SequencePoint vc="2" uspid="290" ordinal="4" offset="82" sl="31" sc="13" el="31" ec="106" bec="0" bev="0" fileid="4" />
                <SequencePoint vc="0" uspid="291" ordinal="5" offset="103" sl="32" sc="9" el="32" ec="10" bec="0" bev="0" fileid="4" />
              </SequencePoints>
              <BranchPoints />
              <MethodPoint xsi:type="SequencePoint" vc="2" uspid="286" ordinal="0" offset="0" sl="25" sc="9" el="25" ec="10" bec="0" bev="0" fileid="4" />
            </Method>
            <Method visited="true" cyclomaticComplexity="1" nPathComplexity="0" sequenceCoverage="66.67" branchCoverage="100" crapScore="1.04" isConstructor="false" isStatic="false" isGetter="false" isSetter="false">
              <Summary numSequencePoints="3" visitedSequencePoints="2" numBranchPoints="1" visitedBranchPoints="1" sequenceCoverage="66.67" branchCoverage="100" maxCyclomaticComplexity="1" minCyclomaticComplexity="1" maxCrapScore="1.04" minCrapScore="1.04" visitedClasses="0" numClasses="0" visitedMethods="1" numMethods="1" />
              <MetadataToken>100663332</MetadataToken>
              <Name>System.Void DrawingForm.Tests.UITest::Cleanup()</Name>
              <FileRef uid="4" />
              <SequencePoints>
                <SequencePoint vc="2" uspid="292" ordinal="0" offset="0" sl="37" sc="9" el="37" ec="10" bec="0" bev="0" fileid="4" />
                <SequencePoint vc="2" uspid="293" ordinal="1" offset="1" sl="38" sc="13" el="38" ec="30" bec="0" bev="0" fileid="4" />
                <SequencePoint vc="0" uspid="294" ordinal="2" offset="13" sl="39" sc="9" el="39" ec="10" bec="0" bev="0" fileid="4" />
              </SequencePoints>
[...]
          <FullName>DrawingModel.ShapeFactory</FullName>
          <Methods>
            <Method visited="true" cyclomaticComplexity="5" nPathComplexity="4" sequenceCoverage="100" branchCoverage="100" crapScore="5" isConstructor="false" isStatic="true" isGetter="false" isSetter="false">
              <Summary numSequencePoints="7" visitedSequencePoints="7" numBranchPoints="5" visitedBranchPoints="5" sequenceCoverage="100" branchCoverage="100" maxCyclomaticComplexity="5" minCyclomaticComplexity="5" maxCrapScore="5" minCrapScore="5" visitedClasses="0" numClasses="0" visitedMethods="1" numMethods="1" />
              <MetadataToken>100663432</MetadataToken>
              <Name>DrawingModel.Shape DrawingModel.ShapeFactory::CreateShape(DrawingModel.ShapeFactory/ShapeType)</Name>
              <FileRef uid="25" />
              <SequencePoints>
                <SequencePoint vc="31" uspid="1026" ordinal="0" offset="0" sl="22" sc="9" el="22" ec="10" bec="0" bev="0" fileid="25" />
                <SequencePoint vc="31" uspid="1027" ordinal="1" offset="1" sl="24" sc="13" el="24" ec="26" bec="4" bev="4" fileid="25" />
                <SequencePoint vc="9" uspid="1028" ordinal="2" offset="27" sl="27" sc="21" el="27" ec="44" bec="0" bev="0" fileid="25" />
                <SequencePoint vc="11" uspid="1029" ordinal="3" offset="35" sl="29" sc="21" el="29" ec="42" bec="0" bev="0" fileid="25" />
                <SequencePoint vc="3" uspid="1030" ordinal="4" offset="43" sl="31" sc="21" el="31" ec="39" bec="0" bev="0" fileid="25" />
                <SequencePoint vc="8" uspid="1031" ordinal="5" offset="51" sl="33" sc="13" el="33" ec="25" bec="0" bev="0" fileid="25" />
                <SequencePoint vc="31" uspid="1032" ordinal="6" offset="55" sl="34" sc="9" el="34" ec="10" bec="0" bev="0" fileid="25" />
              </SequencePoints>
              <BranchPoints>
                <BranchPoint vc="8" uspid="1033" ordinal="0" offset="8" sl="24" path="0" offsetchain="25" offsetend="51" fileid="25" />
                <BranchPoint vc="9" uspid="1034" ordinal="1" offset="8" sl="24" path="1" offsetend="27" fileid="25" />
                <BranchPoint vc="11" uspid="1035" ordinal="2" offset="8" sl="24" path="2" offsetend="35" fileid="25" />
                <BranchPoint vc="3" uspid="1036" ordinal="3" offset="8" sl="24" path="3" offsetend="43" fileid="25" />
              </BranchPoints>
              <MethodPoint xsi:type="SequencePoint" vc="31" uspid="1026" ordinal="0" offset="0" sl="22" sc="9" el="22" ec="10" bec="0" bev="0" fileid="25" />
            </Method>
            <Method visited="false" cyclomaticComplexity="1" nPathComplexity="0" sequenceCoverage="0" branchCoverage="0" crapScore="2" isConstructor="true" isStatic="false" isGetter="false" isSetter="false">
              <Summary numSequencePoints="0" visitedSequencePoints="0" numBranchPoints="0" visitedBranchPoints="0" sequenceCoverage="0" branchCoverage="0" maxCyclomaticComplexity="1" minCyclomaticComplexity="1" maxCrapScore="2" minCrapScore="2" visitedClasses="0" numClasses="0" visitedMethods="0" numMethods="0" />
              <MetadataToken>100663433</MetadataToken>
              <Name>System.Void DrawingModel.ShapeFactory::.ctor()</Name>
              <SequencePoints />
              <BranchPoints />
              <MethodPoint vc="0" uspid="1037" ordinal="0" offset="0" />
            </Method>
          </Methods>
        </Class>
        <Class>
          <Summary numSequencePoints="45" visitedSequencePoints="42" numBranchPoints="15" visitedBranchPoints="14" sequenceCoverage="93.33" branchCoverage="93.33" maxCyclomaticComplexity="4" minCyclomaticComplexity="1" maxCrapScore="4.13" minCrapScore="1" visitedClasses="1" numClasses="1" visitedMethods="9" numMethods="9" />
          <FullName>DrawingModel.Shapes</FullName>
          <Methods>
            <Method visited="true" cyclomaticComplexity="1" nPathComplexity="0" sequenceCoverage="100" branchCoverage="100" crapScore="1" isConstructor="false" isStatic="false" isGetter="true" isSetter="false">
              <Summary numSequencePoints="3" visitedSequencePoints="3" numBranchPoints="1" visitedBranchPoints="1" sequenceCoverage="100" branchCoverage="100" maxCyclomaticComplexity="1" minCyclomaticComplexity="1" maxCrapScore="1" minCrapScore="1" visitedClasses="0" numClasses="0" visitedMethods="1" numMethods="1" />
              <MetadataToken>100663441</MetadataToken>
              <Name>DrawingModel.Shape DrawingModel.Shapes::get_SelectedShape()</Name>
              <FileRef uid="26" />
              <SequencePoints>
                <SequencePoint vc="7" uspid="1038" ordinal="0" offset="0" sl="73" sc="13" el="73" ec="14" bec="0" bev="0" fileid="26" />
                <SequencePoint vc="7" uspid="1039" ordinal="1" offset="1" sl="74" sc="17" el="74" ec="34" bec="0" bev="0" fileid="26" />
                <SequencePoint vc="7" uspid="1040" ordinal="2" offset="10" sl="75" sc="13" el="75" ec="14" bec="0" bev="0" fileid="26" />
              </SequencePoints>
              <BranchPoints />
              <MethodPoint xsi:type="SequencePoint" vc="7" uspid="1038" ordinal="0" offset="0" sl="73" sc="13" el="73" ec="14" bec="0" bev="0" fileid="26" />
            </Method>
            <Method visited="true" cyclomaticComplexity="4" nPathComplexity="2" sequenceCoverage="80" branchCoverage="66.67" crapScore="4.13" isConstructor="false" isStatic="false" isGetter="false" isSetter="false">
              <Summary numSequencePoints="15" visitedSequencePoints="12" numBranchPoints="3" visitedBranchPoints="2" sequenceCoverage="80" branchCoverage="66.67" maxCyclomaticComplexity="4" minCyclomaticComplexity="4" maxCrapScore="4.13" minCrapScore="4.13" visitedClasses="0" numClasses="0" visitedMethods="1" numMethods="1" />
              <MetadataToken>100663434</MetadataToken>
              <Name>System.Void DrawingModel.Shapes::Draw(DrawingModel.IGraphics)</Name>
              <FileRef uid="26" />
              <SequencePoints>
                <SequencePoint vc="2" uspid="1041" ordinal="0" offset="0" sl="16" sc="9" el="16" ec="10" bec="0" bev="0" fileid="26" />
                <SequencePoint vc="2" uspid="1042" ordinal="1" offset="1" sl="17" sc="13" el="17" ec="33" bec="0" bev="0" fileid="26" />
                <SequencePoint vc="2" uspid="1043" ordinal="2" offset="8" sl="18" sc="13" el="18" ec="99" bec="0" bev="0" fileid="26" />
                <SequencePoint vc="2" uspid="1044" ordinal="3" offset="29" sl="19" sc="13" el="19" ec="20" bec="0" bev="0" fileid="26" />
                <SequencePoint vc="2" uspid="1045" ordinal="4" offset="30" sl="19" sc="47" el="19" ec="71" bec="0" bev="0" fileid="26" />
                <SequencePoint vc="4" uspid="1046" ordinal="5" offset="47" sl="19" sc="22" el="19" ec="43" bec="0" bev="0" fileid="26" />
                <SequencePoint vc="4" uspid="1047" ordinal="6" offset="51" sl="20" sc="17" el="20" ec="24" bec="0" bev="0" fileid="26" />
                <SequencePoint vc="4" uspid="1048" ordinal="7" offset="52" sl="20" sc="41" el="20" ec="48" bec="0" bev="0" fileid="26" />
                <SequencePoint vc="0" uspid="1049" ordinal="8" offset="67" sl="20" sc="26" el="20" ec="37" bec="0" bev="0" fileid="26" />
                <SequencePoint vc="0" uspid="1050" ordinal="9" offset="76" sl="21" sc="21" el="21" ec="49" bec="0" bev="0" fileid="26" />
                <SequencePoint vc="4" uspid="1051" ordinal="10" offset="86" sl="20" sc="38" el="20" ec="40" bec="0" bev="0" fileid="26" />
                <SequencePoint vc="6" uspid="1052" ordinal="11" offset="116" sl="19" sc="44" el="19" ec="46" bec="0" bev="0" fileid="26" />
                <SequencePoint vc="2" uspid="1053" ordinal="12" offset="122" sl="23" sc="13" el="23" ec="35" bec="2" bev="1" fileid="26" />
                <SequencePoint vc="0" uspid="1054" ordinal="13" offset="137" sl="24" sc="17" el="24" ec="95" bec="0" bev="0" fileid="26" />
                <SequencePoint vc="2" uspid="1055" ordinal="14" offset="177" sl="25" sc="9" el="25" ec="10" bec="0" bev="0" fileid="26" />
              </SequencePoints>
              <BranchPoints>
                <BranchPoint vc="0" uspid="1060" ordinal="4" offset="135" sl="23" path="0" offsetend="137" fileid="26" />
                <BranchPoint vc="2" uspid="1061" ordinal="5" offset="135" sl="23" path="1" offsetend="177" fileid="26" />
              </BranchPoints>
              <MethodPoint xsi:type="SequencePoint" vc="2" uspid="1041" ordinal="0" offset="0" sl="16" sc="9" el="16" ec="10" bec="0" bev="0" fileid="26" />
            </Method>
            <Method visited="true" cyclomaticComplexity="1" nPathComplexity="0" sequenceCoverage="100" branchCoverage="100" crapScore="1" isConstructor="false" isStatic="false" isGetter="false" isSetter="false">
              <Summary numSequencePoints="4" visitedSequencePoints="4" numBranchPoints="1" visitedBranchPoints="1" sequenceCoverage="100" branchCoverage="100" maxCyclomaticComplexity="1" minCyclomaticComplexity="1" maxCrapScore="1" minCrapScore="1" visitedClasses="0" numClasses="0" visitedMethods="1" numMethods="1" />
              <MetadataToken>100663435</MetadataToken>
              <Name>System.Void DrawingModel.Shapes::Clear()</Name>
              <FileRef uid="26" />
              <SequencePoints>
                <SequencePoint vc="7" uspid="1062" ordinal="0" offset="0" sl="29" sc="9" el="29" ec="10" bec="0" bev="0" fileid="26" />
                <SequencePoint vc="7" uspid="1063" ordinal="1" offset="1" sl="30" sc="13" el="30" ec="29" bec="0" bev="0" fileid="26" />
                <SequencePoint vc="7" uspid="1064" ordinal="2" offset="13" sl="31" sc="13" el="31" ec="29" bec="0" bev="0" fileid="26" />
                <SequencePoint vc="7" uspid="1065" ordinal="3" offset="20" sl="32" sc="9" el="32" ec="10" bec="0" bev="0" fileid="26" />
              </SequencePoints>
              <BranchPoints />
              <MethodPoint xsi:type="SequencePoint" vc="7" uspid="1062" ordinal="0" offset="0" sl="29" sc="9" el="29" ec="10" bec="0" bev="0" fileid="26" />
            </Method>
            <Method visited="true" cyclomaticComplexity="1" nPathComplexity="0" sequenceCoverage="100" branchCoverage="100" crapScore="1" isConstructor="false" isStatic="false" isGetter="false" isSetter="false">
              <Summary numSequencePoints="3" visitedSequencePoints="3" numBranchPoints="1" visitedBranchPoints="1" sequenceCoverage="100" branchCoverage="100" maxCyclomaticComplexity="1" minCyclomaticComplexity="1" maxCrapScore="1" minCrapScore="1" visitedClasses="0" numClasses="0" visitedMethods="1" numMethods="1" />
              <MetadataToken>100663436</MetadataToken>
              <Name>System.Void DrawingModel.Shapes::ResetSelected()</Name>
              <FileRef uid="26" />
              <SequencePoints>
                <SequencePoint vc="12" uspid="1066" ordinal="0" offset="0" sl="36" sc="9" el="36" ec="10" bec="0" bev="0" fileid="26" />
                <SequencePoint vc="12" uspid="1067" ordinal="1" offset="1" sl="37" sc="13" el="37" ec="30" bec="0" bev="0" fileid="26" />
                <SequencePoint vc="12" uspid="1068" ordinal="2" offset="8" sl="38" sc="9" el="38" ec="10" bec="0" bev="0" fileid="26" />
              </SequencePoints>
              <BranchPoints />
              <MethodPoint xsi:type="SequencePoint" vc="12" uspid="1066" ordinal="0" offset="0" sl="36" sc="9" el="36" ec="10" bec="0" bev="0" fileid="26" />
            </Method>
            <Method visited="true" cyclomaticComplexity="1" nPathComplexity="0" sequenceCoverage="100" branchCoverage="100" crapScore="1" isConstructor="false" isStatic="false" isGetter="false" isSetter="false">
              <Summary numSequencePoints="4" visitedSequencePoints="4" numBranchPoints="1" visitedBranchPoints="1" sequenceCoverage="100" branchCoverage="100" maxCyclomaticComplexity="1" minCyclomaticComplexity="1" maxCrapScore="1" minCrapScore="1" visitedClasses="0" numClasses="0" visitedMethods="1" numMethods="1" />
              <MetadataToken>100663437</MetadataToken>
              <Name>System.Boolean DrawingModel.Shapes::AddShape(DrawingModel.Shape)</Name>
              <FileRef uid="26" />
              <SequencePoints>
                <SequencePoint vc="6" uspid="1069" ordinal="0" offset="0" sl="42" sc="9" el="42" ec="10" bec="0" bev="0" fileid="26" />
                <SequencePoint vc="6" uspid="1070" ordinal="1" offset="1" sl="43" sc="13" el="43" ec="32" bec="0" bev="0" fileid="26" />
                <SequencePoint vc="6" uspid="1071" ordinal="2" offset="14" sl="44" sc="13" el="44" ec="25" bec="0" bev="0" fileid="26" />
                <SequencePoint vc="6" uspid="1072" ordinal="3" offset="18" sl="45" sc="9" el="45" ec="10" bec="0" bev="0" fileid="26" />
              </SequencePoints>
              <BranchPoints />
              <MethodPoint xsi:type="SequencePoint" vc="6" uspid="1069" ordinal="0" offset="0" sl="42" sc="9" el="42" ec="10" bec="0" bev="0" fileid="26" />
            </Method>
            <Method visited="true" cyclomaticComplexity="1" nPathComplexity="0" sequenceCoverage="100" branchCoverage="100" crapScore="1" isConstructor="false" isStatic="false" isGetter="false" isSetter="false">
              <Summary numSequencePoints="3" visitedSequencePoints="3" numBranchPoints="1" visitedBranchPoints="1" sequenceCoverage="100" branchCoverage="100" maxCyclomaticComplexity="1" minCyclomaticComplexity="1" maxCrapScore="1" minCrapScore="1" visitedClasses="0" numClasses="0" visitedMethods="1" numMethods="1" />
              <MetadataToken>100663438</MetadataToken>
              <Name>System.Void DrawingModel.Shapes::RemoveShape(DrawingModel.Shape)</Name>
              <FileRef uid="26" />
              <SequencePoints>
                <SequencePoint vc="3" uspid="1073" ordinal="0" offset="0" sl="49" sc="9" el="49" ec="10" bec="0" bev="0" fileid="26" />
                <SequencePoint vc="3" uspid="1074" ordinal="1" offset="1" sl="50" sc="13" el="50" ec="35" bec="0" bev="0" fileid="26" />
                <SequencePoint vc="3" uspid="1075" ordinal="2" offset="14" sl="51" sc="9" el="51" ec="10" bec="0" bev="0" fileid="26" />
              </SequencePoints>
              <BranchPoints />
              <MethodPoint xsi:type="SequencePoint" vc="3" uspid="1073" ordinal="0" offset="0" sl="49" sc="9" el="49" ec="10" bec="0" bev="0" fileid="26" />
            </Method>
            <Method visited="true" cyclomaticComplexity="1" nPathComplexity="0" sequenceCoverage="100" branchCoverage="100" crapScore="1" isConstructor="false" isStatic="false" isGetter="false" isSetter="false">
              <Summary numSequencePoints="4" visitedSequencePoints="4" numBranchPoints="1" visitedBranchPoints="1" sequenceCoverage="100" branchCoverage="100" maxCyclomaticComplexity="1" minCyclomaticComplexity="1" maxCrapScore="1" minCrapScore="1" visitedClasses="0" numClasses="0" visitedMethods="1" numMethods="1" />
              <MetadataToken>100663439</MetadataToken>
              <Name>System.Boolean DrawingModel.Shapes::SelectShape(DrawingModel.Point)</Name>
              <FileRef uid="26" />
              <SequencePoints>
                <SequencePoint vc="5" uspid="1076" ordinal="0" offset="0" sl="55" sc="9" el="55" ec="10" bec="0" bev="0" fileid="26" />
                <SequencePoint vc="5" uspid="1077" ordinal="1" offset="1" sl="56" sc="13" el="56" ec="48" bec="0" bev="0" fileid="26" />
                <SequencePoint vc="5" uspid="1078" ordinal="2" offset="14" sl="57" sc="13" el="57" ec="38" bec="0" bev="0" fileid="26" />
                <SequencePoint vc="5" uspid="1079" ordinal="3" offset="26" sl="58" sc="9" el="58" ec="10" bec="0" bev="0" fileid="26" />
              </SequencePoints>
              <BranchPoints />
              <MethodPoint xsi:type="SequencePoint" vc="5" uspid="1076" ordinal="0" offset="0" sl="55" sc="9" el="55" ec="10" bec="0" bev="0" fileid="26" />
            </Method>
            <Method visited="true" cyclomaticComplexity="3" nPathComplexity="4" sequenceCoverage="100" branchCoverage="100" crapScore="3" isConstructor="false" isStatic="false" isGetter="false" isSetter="false">
              <Summary numSequencePoints="8" visitedSequencePoints="8" numBranchPoints="5" visitedBranchPoints="5" sequenceCoverage="100" branchCoverage="100" maxCyclomaticComplexity="3" minCyclomaticComplexity="3" maxCrapScore="3" minCrapScore="3" visitedClasses="0" numClasses="0" visitedMethods="1" numMethods="1" />
              <MetadataToken>100663440</MetadataToken>
              <Name>DrawingModel.Shape DrawingModel.Shapes::GetShapeOnPoint(DrawingModel.Point)</Name>
              <FileRef uid="26" />
              <SequencePoints>
                <SequencePoint vc="5" uspid="1080" ordinal="0" offset="0" sl="62" sc="9" el="62" ec="10" bec="0" bev="0" fileid="26" />
                <SequencePoint vc="5" uspid="1081" ordinal="1" offset="1" sl="63" sc="18" el="63" ec="43" bec="0" bev="0" fileid="26" />
                <SequencePoint vc="4" uspid="1082" ordinal="2" offset="17" sl="64" sc="17" el="64" ec="54" bec="2" bev="2" fileid="26" />
                <SequencePoint vc="3" uspid="1083" ordinal="3" offset="39" sl="65" sc="21" el="65" ec="39" bec="0" bev="0" fileid="26" />
                <SequencePoint vc="1" uspid="1084" ordinal="4" offset="54" sl="63" sc="53" el="63" ec="56" bec="0" bev="0" fileid="26" />
                <SequencePoint vc="6" uspid="1085" ordinal="5" offset="58" sl="63" sc="45" el="63" ec="51" bec="2" bev="2" fileid="26" />
                <SequencePoint vc="2" uspid="1086" ordinal="6" offset="69" sl="67" sc="13" el="67" ec="25" bec="0" bev="0" fileid="26" />
                <SequencePoint vc="5" uspid="1087" ordinal="7" offset="73" sl="68" sc="9" el="68" ec="10" bec="0" bev="0" fileid="26" />
              </SequencePoints>
              <BranchPoints>
                <BranchPoint vc="3" uspid="1088" ordinal="0" offset="37" sl="64" path="0" offsetend="39" fileid="26" />
                <BranchPoint vc="1" uspid="1089" ordinal="1" offset="37" sl="64" path="1" offsetend="54" fileid="26" />
                <BranchPoint vc="2" uspid="1090" ordinal="2" offset="67" sl="63" path="0" offsetend="69" fileid="26" />
                <BranchPoint vc="4" uspid="1091" ordinal="3" offset="67" sl="63" path="1" offsetend="17" fileid="26" />
              </BranchPoints>
              <MethodPoint xsi:type="SequencePoint" vc="5" uspid="1080" ordinal="0" offset="0" sl="62" sc="9" el="62" ec="10" bec="0" bev="0" fileid="26" />
            </Method>
            <Method visited="true" cyclomaticComplexity="1" nPathComplexity="0" sequenceCoverage="100" branchCoverage="100" crapScore="1" isConstructor="true" isStatic="false" isGetter="false" isSetter="false">
              <Summary numSequencePoints="1" visitedSequencePoints="1" numBranchPoints="1" visitedBranchPoints="1" sequenceCoverage="100" branchCoverage="100" maxCyclomaticComplexity="1" minCyclomaticComplexity="1" maxCrapScore="1" minCrapScore="1" visitedClasses="0" numClasses="0" visitedMethods="1" numMethods="1" />
              <MetadataToken>100663442</MetadataToken>
              <Name>System.Void DrawingModel.Shapes::.ctor()</Name>
              <FileRef uid="26" />
              <SequencePoints>
                <SequencePoint vc="13" uspid="1092" ordinal="0" offset="0" sl="11" sc="9" el="11" ec="49" bec="0" bev="0" fileid="26" />
              </SequencePoints>
              <BranchPoints />
              <MethodPoint xsi:type="SequencePoint" vc="13" uspid="1092" ordinal="0" offset="0" sl="11" sc="9" el="11" ec="49" bec="0" bev="0" fileid="26" />
            </Method>
          </Methods>
        </Class>
      </Classes>
    </Module>
  </Modules>
</CoverageSession>