<?xml version="1.0" encoding="utf-8"?>
<CoverageSession xmlns:xsd="http://www.w3.org/2001/XMLSchema" xmlns:xsi="http://www.w3.org/2001/XMLSchema-instance" Version="4.7.922.0">
  <Summary numSequencePoints="1512" visitedSequencePoints="1506" numBranchPoints="272" visitedBranchPoints="269" sequenceCoverage="99.60" branchCoverage="98.90" maxCyclomaticComplexity="5" minCyclomaticComplexity="0" maxCrapScore="6" minCrapScore="0" visitedClasses="25" numClasses="25" visitedMethods="197" numMethods="197" />
  <Modules>
    <Module hash="50-79-F4-54-80-EE-D2-40-86-68-8D-65-80-65-4C-23-28-93-36-9D">
      <Summary numSequencePoints="979" visitedSequencePoints="973" numBranchPoints="82" visitedBranchPoints="81" sequenceCoverage="99.39" branchCoverage="98.78" maxCyclomaticComplexity="2" minCyclomaticComplexity="1" maxCrapScore="2.15" minCrapScore="1" visitedClasses="11" numClasses="11" visitedMethods="80" numMethods="80" />
      <ModulePath>F:\Project\Drawing\DrawingTests\bin\Debug\fine-code-coverage\build-output\DrawingTests.dll</ModulePath>
      <ModuleTime>2022-01-12T07:27:39.9901877Z</ModuleTime>
      <ModuleName>DrawingTests</ModuleName>
      <Files>
        <File uid="1" fullPath="F:\Project\Drawing\DrawingTests\PointTests.cs" />
        <File uid="2" fullPath="F:\Project\Drawing\DrawingTests\ModelTests.cs" />
        <File uid="3" fullPath="F:\Project\Drawing\DrawingTests\EllipseTests.cs" />
        <File uid="4" fullPath="F:\Project\Drawing\DrawingTests\ShapesTests.cs" />
        <File uid="5" fullPath="F:\Project\Drawing\DrawingTests\ShpaeFactoryTests.cs" />
        <File uid="6" fullPath="F:\Project\Drawing\DrawingTests\RectangleTests.cs" />
        <File uid="7" fullPath="F:\Project\Drawing\DrawingTests\LineTests.cs" />
        <File uid="8" fullPath="F:\Project\Drawing\DrawingTests\DrawCommandTests.cs" />
        <File uid="9" fullPath="F:\Project\Drawing\DrawingTests\CommmandManagerTests.cs" />
        <File uid="10" fullPath="F:\Project\Drawing\DrawingTests\MockGoogleDriveSerivce.cs" />
        <File uid="11" fullPath="F:\Project\Drawing\DrawingTests\UnitTestGraphicsAdaptor.cs" />
      </Files>
      <Classes>
        <Class>
          <Summary numSequencePoints="14" visitedSequencePoints="14" numBranchPoints="2" visitedBranchPoints="2" sequenceCoverage="100" branchCoverage="100" maxCyclomaticComplexity="1" minCyclomaticComplexity="1" maxCrapScore="2" minCrapScore="1" visitedClasses="1" numClasses="1" visitedMethods="2" numMethods="2" />
          <FullName>DrawingModel.Tests.PointTests</FullName>
          <Methods>
            <Method visited="true" cyclomaticComplexity="1" nPathComplexity="0" sequenceCoverage="100" branchCoverage="100" crapScore="1" isConstructor="false" isStatic="false" isGetter="false" isSetter="false">
              <Summary numSequencePoints="7" visitedSequencePoints="7" numBranchPoints="1" visitedBranchPoints="1" sequenceCoverage="100" branchCoverage="100" maxCyclomaticComplexity="1" minCyclomaticComplexity="1" maxCrapScore="1" minCrapScore="1" visitedClasses="0" numClasses="0" visitedMethods="1" numMethods="1" />
              <MetadataToken>100663297</MetadataToken>
              <Name>System.Void DrawingModel.Tests.PointTests::Initialize()</Name>
              <FileRef uid="1" />
              <SequencePoints>
                <SequencePoint vc="1" uspid="1" ordinal="0" offset="0" sl="19" sc="9" el="19" ec="10" bec="0" bev="0" fileid="1" />
                <SequencePoint vc="1" uspid="2" ordinal="1" offset="1" sl="20" sc="13" el="20" ec="39" bec="0" bev="0" fileid="1" />
                <SequencePoint vc="1" uspid="3" ordinal="2" offset="30" sl="21" sc="13" el="21" ec="36" bec="0" bev="0" fileid="1" />
                <SequencePoint vc="1" uspid="4" ordinal="3" offset="59" sl="22" sc="13" el="22" ec="36" bec="0" bev="0" fileid="1" />
                <SequencePoint vc="1" uspid="5" ordinal="4" offset="88" sl="23" sc="13" el="23" ec="33" bec="0" bev="0" fileid="1" />
                <SequencePoint vc="1" uspid="6" ordinal="5" offset="117" sl="24" sc="13" el="24" ec="39" bec="0" bev="0" fileid="1" />
                <SequencePoint vc="1" uspid="7" ordinal="6" offset="146" sl="25" sc="9" el="25" ec="10" bec="0" bev="0" fileid="1" />
              </SequencePoints>
              <BranchPoints />
              <MethodPoint xsi:type="SequencePoint" vc="1" uspid="1" ordinal="0" offset="0" sl="19" sc="9" el="19" ec="10" bec="0" bev="0" fileid="1" />
            </Method>
            <Method visited="true" cyclomaticComplexity="1" nPathComplexity="0" sequenceCoverage="100" branchCoverage="100" crapScore="1" isConstructor="false" isStatic="false" isGetter="false" isSetter="false">
              <Summary numSequencePoints="7" visitedSequencePoints="7" numBranchPoints="1" visitedBranchPoints="1" sequenceCoverage="100" branchCoverage="100" maxCyclomaticComplexity="1" minCyclomaticComplexity="1" maxCrapScore="1" minCrapScore="1" visitedClasses="0" numClasses="0" visitedMethods="1" numMethods="1" />
              <MetadataToken>100663298</MetadataToken>
              <Name>System.Void DrawingModel.Tests.PointTests::AvailableTest()</Name>
              <FileRef uid="1" />
              <SequencePoints>
                <SequencePoint vc="1" uspid="8" ordinal="0" offset="0" sl="30" sc="9" el="30" ec="10" bec="0" bev="0" fileid="1" />
                <SequencePoint vc="1" uspid="9" ordinal="1" offset="1" sl="31" sc="13" el="31" ec="43" bec="0" bev="0" fileid="1" />
                <SequencePoint vc="1" uspid="10" ordinal="2" offset="18" sl="32" sc="13" el="32" ec="43" bec="0" bev="0" fileid="1" />
                <SequencePoint vc="1" uspid="11" ordinal="3" offset="35" sl="33" sc="13" el="33" ec="43" bec="0" bev="0" fileid="1" />
                <SequencePoint vc="1" uspid="12" ordinal="4" offset="52" sl="34" sc="13" el="34" ec="42" bec="0" bev="0" fileid="1" />
                <SequencePoint vc="1" uspid="13" ordinal="5" offset="69" sl="35" sc="13" el="35" ec="42" bec="0" bev="0" fileid="1" />
                <SequencePoint vc="1" uspid="14" ordinal="6" offset="86" sl="36" sc="9" el="36" ec="10" bec="0" bev="0" fileid="1" />
              </SequencePoints>
              <BranchPoints />
              <MethodPoint xsi:type="SequencePoint" vc="1" uspid="8" ordinal="0" offset="0" sl="30" sc="9" el="30" ec="10" bec="0" bev="0" fileid="1" />
            </Method>
            <Method visited="false" cyclomaticComplexity="1" nPathComplexity="0" sequenceCoverage="0" branchCoverage="0" crapScore="2" isConstructor="true" isStatic="false" isGetter="false" isSetter="false">
              <Summary numSequencePoints="0" visitedSequencePoints="0" numBranchPoints="0" visitedBranchPoints="0" sequenceCoverage="0" branchCoverage="0" maxCyclomaticComplexity="1" minCyclomaticComplexity="1" maxCrapScore="2" minCrapScore="2" visitedClasses="0" numClasses="0" visitedMethods="0" numMethods="0" />
              <MetadataToken>100663299</MetadataToken>
              <Name>System.Void DrawingModel.Tests.PointTests::.ctor()</Name>
              <SequencePoints />
              <BranchPoints />
              <MethodPoint vc="0" uspid="15" ordinal="0" offset="0" />
            </Method>
          </Methods>
        </Class>
        <Class>
          <Summary numSequencePoints="341" visitedSequencePoints="338" numBranchPoints="20" visitedBranchPoints="20" sequenceCoverage="99.12" branchCoverage="100" maxCyclomaticComplexity="2" minCyclomaticComplexity="1" maxCrapScore="2.15" minCrapScore="1" visitedClasses="1" numClasses="1" visitedMethods="20" numMethods="20" />
          <FullName>DrawingModel.Tests.ModelTests</FullName>
          <Methods>
            <Method visited="true" cyclomaticComplexity="1" nPathComplexity="0" sequenceCoverage="100" branchCoverage="100" crapScore="1" isConstructor="false" isStatic="false" isGetter="false" isSetter="false">
              <Summary numSequencePoints="8" visitedSequencePoints="8" numBranchPoints="1" visitedBranchPoints="1" sequenceCoverage="100" branchCoverage="100" maxCyclomaticComplexity="1" minCyclomaticComplexity="1" maxCrapScore="1" minCrapScore="1" visitedClasses="0" numClasses="0" visitedMethods="1" numMethods="1" />
              <MetadataToken>100663300</MetadataToken>
              <Name>System.Void DrawingModel.Tests.ModelTests::Initialize()</Name>
              <FileRef uid="2" />
              <SequencePoints>
                <SequencePoint vc="17" uspid="16" ordinal="0" offset="0" sl="23" sc="9" el="23" ec="10" bec="0" bev="0" fileid="2" />
                <SequencePoint vc="17" uspid="17" ordinal="1" offset="1" sl="24" sc="13" el="24" ec="79" bec="0" bev="0" fileid="2" />
                <SequencePoint vc="17" uspid="18" ordinal="2" offset="12" sl="25" sc="13" el="25" ec="54" bec="0" bev="0" fileid="2" />
                <SequencePoint vc="17" uspid="19" ordinal="3" offset="29" sl="26" sc="13" el="26" ec="54" bec="0" bev="0" fileid="2" />
                <SequencePoint vc="17" uspid="20" ordinal="4" offset="46" sl="27" sc="13" el="27" ec="67" bec="0" bev="0" fileid="2" />
                <SequencePoint vc="17" uspid="21" ordinal="5" offset="57" sl="28" sc="13" el="28" ec="71" bec="0" bev="0" fileid="2" />
                <SequencePoint vc="17" uspid="22" ordinal="6" offset="79" sl="29" sc="13" el="29" ec="61" bec="0" bev="0" fileid="2" />
                <SequencePoint vc="17" uspid="23" ordinal="7" offset="91" sl="30" sc="9" el="30" ec="10" bec="0" bev="0" fileid="2" />
              </SequencePoints>
              <BranchPoints />
              <MethodPoint xsi:type="SequencePoint" vc="17" uspid="16" ordinal="0" offset="0" sl="23" sc="9" el="23" ec="10" bec="0" bev="0" fileid="2" />
            </Method>
            <Method visited="true" cyclomaticComplexity="1" nPathComplexity="0" sequenceCoverage="100" branchCoverage="100" crapScore="1" isConstructor="false" isStatic="false" isGetter="false" isSetter="false">
              <Summary numSequencePoints="20" visitedSequencePoints="20" numBranchPoints="1" visitedBranchPoints="1" sequenceCoverage="100" branchCoverage="100" maxCyclomaticComplexity="1" minCyclomaticComplexity="1" maxCrapScore="1" minCrapScore="1" visitedClasses="0" numClasses="0" visitedMethods="1" numMethods="1" />
              <MetadataToken>100663301</MetadataToken>
              <Name>System.Void DrawingModel.Tests.ModelTests::PressPointerTest()</Name>
              <FileRef uid="2" />
              <SequencePoints>
                <SequencePoint vc="1" uspid="24" ordinal="0" offset="0" sl="35" sc="9" el="35" ec="10" bec="0" bev="0" fileid="2" />
                <SequencePoint vc="1" uspid="25" ordinal="1" offset="1" sl="36" sc="13" el="36" ec="52" bec="0" bev="0" fileid="2" />
                <SequencePoint vc="1" uspid="26" ordinal="2" offset="36" sl="37" sc="13" el="37" ec="71" bec="0" bev="0" fileid="2" />
                <SequencePoint vc="1" uspid="27" ordinal="3" offset="63" sl="38" sc="13" el="38" ec="51" bec="0" bev="0" fileid="2" />
                <SequencePoint vc="1" uspid="28" ordinal="4" offset="98" sl="39" sc="13" el="39" ec="71" bec="0" bev="0" fileid="2" />
                <SequencePoint vc="1" uspid="29" ordinal="5" offset="125" sl="40" sc="13" el="40" ec="60" bec="0" bev="0" fileid="2" />
                <SequencePoint vc="1" uspid="30" ordinal="6" offset="138" sl="41" sc="13" el="41" ec="51" bec="0" bev="0" fileid="2" />
                <SequencePoint vc="1" uspid="31" ordinal="7" offset="173" sl="42" sc="13" el="42" ec="71" bec="0" bev="0" fileid="2" />
                <SequencePoint vc="1" uspid="32" ordinal="8" offset="200" sl="43" sc="13" el="43" ec="63" bec="0" bev="0" fileid="2" />
                <SequencePoint vc="1" uspid="33" ordinal="9" offset="213" sl="44" sc="13" el="44" ec="51" bec="0" bev="0" fileid="2" />
                <SequencePoint vc="1" uspid="34" ordinal="10" offset="248" sl="45" sc="13" el="45" ec="71" bec="0" bev="0" fileid="2" />
                <SequencePoint vc="1" uspid="35" ordinal="11" offset="275" sl="46" sc="13" el="46" ec="66" bec="0" bev="0" fileid="2" />
                <SequencePoint vc="1" uspid="36" ordinal="12" offset="297" sl="47" sc="13" el="47" ec="48" bec="0" bev="0" fileid="2" />
                <SequencePoint vc="1" uspid="37" ordinal="13" offset="309" sl="48" sc="13" el="48" ec="62" bec="0" bev="0" fileid="2" />
                <SequencePoint vc="1" uspid="38" ordinal="14" offset="344" sl="49" sc="13" el="49" ec="65" bec="0" bev="0" fileid="2" />
                <SequencePoint vc="1" uspid="39" ordinal="15" offset="357" sl="50" sc="13" el="50" ec="51" bec="0" bev="0" fileid="2" />
                <SequencePoint vc="1" uspid="40" ordinal="16" offset="392" sl="51" sc="13" el="51" ec="60" bec="0" bev="0" fileid="2" />
                <SequencePoint vc="1" uspid="41" ordinal="17" offset="414" sl="52" sc="13" el="52" ec="50" bec="0" bev="0" fileid="2" />
                <SequencePoint vc="1" uspid="42" ordinal="18" offset="426" sl="53" sc="13" el="53" ec="62" bec="0" bev="0" fileid="2" />
                <SequencePoint vc="1" uspid="43" ordinal="19" offset="461" sl="54" sc="9" el="54" ec="10" bec="0" bev="0" fileid="2" />
              </SequencePoints>
              <BranchPoints />
              <MethodPoint xsi:type="SequencePoint" vc="1" uspid="24" ordinal="0" offset="0" sl="35" sc="9" el="35" ec="10" bec="0" bev="0" fileid="2" />
            </Method>
            <Method visited="true" cyclomaticComplexity="1" nPathComplexity="0" sequenceCoverage="100" branchCoverage="100" crapScore="1" isConstructor="false" isStatic="false" isGetter="false" isSetter="false">
              <Summary numSequencePoints="11" visitedSequencePoints="11" numBranchPoints="1" visitedBranchPoints="1" sequenceCoverage="100" branchCoverage="100" maxCyclomaticComplexity="1" minCyclomaticComplexity="1" maxCrapScore="1" minCrapScore="1" visitedClasses="0" numClasses="0" visitedMethods="1" numMethods="1" />
              <MetadataToken>100663302</MetadataToken>
              <Name>System.Void DrawingModel.Tests.ModelTests::MovePointerTest()</Name>
              <FileRef uid="2" />
              <SequencePoints>
                <SequencePoint vc="1" uspid="44" ordinal="0" offset="0" sl="59" sc="9" el="59" ec="10" bec="0" bev="0" fileid="2" />
                <SequencePoint vc="1" uspid="45" ordinal="1" offset="1" sl="60" sc="13" el="60" ec="50" bec="0" bev="0" fileid="2" />
                <SequencePoint vc="1" uspid="46" ordinal="2" offset="36" sl="61" sc="13" el="61" ec="63" bec="0" bev="0" fileid="2" />
                <SequencePoint vc="1" uspid="47" ordinal="3" offset="49" sl="62" sc="13" el="62" ec="51" bec="0" bev="0" fileid="2" />
                <SequencePoint vc="1" uspid="48" ordinal="4" offset="84" sl="63" sc="13" el="63" ec="50" bec="0" bev="0" fileid="2" />
                <SequencePoint vc="1" uspid="49" ordinal="5" offset="119" sl="64" sc="13" el="64" ec="65" bec="0" bev="0" fileid="2" />
                <SequencePoint vc="1" uspid="50" ordinal="6" offset="141" sl="65" sc="13" el="65" ec="36" bec="0" bev="0" fileid="2" />
                <SequencePoint vc="1" uspid="51" ordinal="7" offset="148" sl="66" sc="13" el="66" ec="61" bec="0" bev="0" fileid="2" />
                <SequencePoint vc="1" uspid="52" ordinal="8" offset="183" sl="67" sc="13" el="67" ec="90" bec="0" bev="0" fileid="2" />
                <SequencePoint vc="1" uspid="53" ordinal="9" offset="205" sl="68" sc="13" el="68" ec="49" bec="0" bev="0" fileid="2" />
                <SequencePoint vc="1" uspid="54" ordinal="10" offset="218" sl="69" sc="9" el="69" ec="10" bec="0" bev="0" fileid="2" />
              </SequencePoints>
              <BranchPoints />
              <MethodPoint xsi:type="SequencePoint" vc="1" uspid="44" ordinal="0" offset="0" sl="59" sc="9" el="59" ec="10" bec="0" bev="0" fileid="2" />
            </Method>
            <Method visited="true" cyclomaticComplexity="1" nPathComplexity="0" sequenceCoverage="100" branchCoverage="100" crapScore="1" isConstructor="false" isStatic="false" isGetter="false" isSetter="false">
              <Summary numSequencePoints="24" visitedSequencePoints="24" numBranchPoints="1" visitedBranchPoints="1" sequenceCoverage="100" branchCoverage="100" maxCyclomaticComplexity="1" minCyclomaticComplexity="1" maxCrapScore="1" minCrapScore="1" visitedClasses="0" numClasses="0" visitedMethods="1" numMethods="1" />
              <MetadataToken>100663303</MetadataToken>
              <Name>System.Void DrawingModel.Tests.ModelTests::ReleasePointerTest()</Name>
              <FileRef uid="2" />
              <SequencePoints>
                <SequencePoint vc="1" uspid="55" ordinal="0" offset="0" sl="74" sc="9" el="74" ec="10" bec="0" bev="0" fileid="2" />
                <SequencePoint vc="1" uspid="56" ordinal="1" offset="1" sl="75" sc="13" el="75" ec="53" bec="0" bev="0" fileid="2" />
                <SequencePoint vc="1" uspid="57" ordinal="2" offset="36" sl="76" sc="13" el="76" ec="63" bec="0" bev="0" fileid="2" />
                <SequencePoint vc="1" uspid="58" ordinal="3" offset="49" sl="77" sc="13" el="77" ec="51" bec="0" bev="0" fileid="2" />
                <SequencePoint vc="1" uspid="59" ordinal="4" offset="84" sl="78" sc="13" el="78" ec="53" bec="0" bev="0" fileid="2" />
                <SequencePoint vc="1" uspid="60" ordinal="5" offset="119" sl="79" sc="13" el="79" ec="72" bec="0" bev="0" fileid="2" />
                <SequencePoint vc="1" uspid="61" ordinal="6" offset="146" sl="80" sc="13" el="80" ec="90" bec="0" bev="0" fileid="2" />
                <SequencePoint vc="1" uspid="62" ordinal="7" offset="168" sl="81" sc="13" el="81" ec="49" bec="0" bev="0" fileid="2" />
                <SequencePoint vc="1" uspid="63" ordinal="8" offset="181" sl="82" sc="13" el="82" ec="69" bec="0" bev="0" fileid="2" />
                <SequencePoint vc="1" uspid="64" ordinal="9" offset="222" sl="83" sc="13" el="83" ec="69" bec="0" bev="0" fileid="2" />
                <SequencePoint vc="1" uspid="65" ordinal="10" offset="263" sl="85" sc="13" el="85" ec="51" bec="0" bev="0" fileid="2" />
                <SequencePoint vc="1" uspid="66" ordinal="11" offset="298" sl="86" sc="13" el="86" ec="52" bec="0" bev="0" fileid="2" />
                <SequencePoint vc="1" uspid="67" ordinal="12" offset="333" sl="87" sc="13" el="87" ec="72" bec="0" bev="0" fileid="2" />
                <SequencePoint vc="1" uspid="68" ordinal="13" offset="360" sl="88" sc="13" el="88" ec="78" bec="0" bev="0" fileid="2" />
                <SequencePoint vc="1" uspid="69" ordinal="14" offset="382" sl="89" sc="13" el="89" ec="49" bec="0" bev="0" fileid="2" />
                <SequencePoint vc="1" uspid="70" ordinal="15" offset="395" sl="91" sc="13" el="91" ec="65" bec="0" bev="0" fileid="2" />
                <SequencePoint vc="1" uspid="71" ordinal="16" offset="408" sl="92" sc="13" el="92" ec="51" bec="0" bev="0" fileid="2" />
                <SequencePoint vc="1" uspid="72" ordinal="17" offset="443" sl="93" sc="13" el="93" ec="52" bec="0" bev="0" fileid="2" />
                <SequencePoint vc="1" uspid="73" ordinal="18" offset="478" sl="94" sc="13" el="94" ec="72" bec="0" bev="0" fileid="2" />
                <SequencePoint vc="1" uspid="74" ordinal="19" offset="505" sl="95" sc="13" el="95" ec="78" bec="0" bev="0" fileid="2" />
                <SequencePoint vc="1" uspid="75" ordinal="20" offset="527" sl="96" sc="13" el="96" ec="49" bec="0" bev="0" fileid="2" />
                <SequencePoint vc="1" uspid="76" ordinal="21" offset="540" sl="97" sc="13" el="97" ec="69" bec="0" bev="0" fileid="2" />
                <SequencePoint vc="1" uspid="77" ordinal="22" offset="581" sl="98" sc="13" el="98" ec="68" bec="0" bev="0" fileid="2" />
                <SequencePoint vc="1" uspid="78" ordinal="23" offset="622" sl="99" sc="9" el="99" ec="10" bec="0" bev="0" fileid="2" />
              </SequencePoints>
              <BranchPoints />
              <MethodPoint xsi:type="SequencePoint" vc="1" uspid="55" ordinal="0" offset="0" sl="74" sc="9" el="74" ec="10" bec="0" bev="0" fileid="2" />
            </Method>
            <Method visited="true" cyclomaticComplexity="1" nPathComplexity="0" sequenceCoverage="100" branchCoverage="100" crapScore="1" isConstructor="false" isStatic="false" isGetter="false" isSetter="false">
              <Summary numSequencePoints="15" visitedSequencePoints="15" numBranchPoints="1" visitedBranchPoints="1" sequenceCoverage="100" branchCoverage="100" maxCyclomaticComplexity="1" minCyclomaticComplexity="1" maxCrapScore="1" minCrapScore="1" visitedClasses="0" numClasses="0" visitedMethods="1" numMethods="1" />
              <MetadataToken>100663304</MetadataToken>
              <Name>System.Void DrawingModel.Tests.ModelTests::ChangeShapeTest()</Name>
              <FileRef uid="2" />
              <SequencePoints>
                <SequencePoint vc="1" uspid="79" ordinal="0" offset="0" sl="104" sc="9" el="104" ec="10" bec="0" bev="0" fileid="2" />
                <SequencePoint vc="1" uspid="80" ordinal="1" offset="1" sl="106" sc="13" el="106" ec="59" bec="0" bev="0" fileid="2" />
                <SequencePoint vc="1" uspid="81" ordinal="2" offset="23" sl="107" sc="13" el="107" ec="33" bec="0" bev="0" fileid="2" />
                <SequencePoint vc="1" uspid="82" ordinal="3" offset="30" sl="108" sc="13" el="108" ec="60" bec="0" bev="0" fileid="2" />
                <SequencePoint vc="1" uspid="83" ordinal="4" offset="43" sl="109" sc="13" el="109" ec="59" bec="0" bev="0" fileid="2" />
                <SequencePoint vc="1" uspid="84" ordinal="5" offset="65" sl="110" sc="13" el="110" ec="33" bec="0" bev="0" fileid="2" />
                <SequencePoint vc="1" uspid="85" ordinal="6" offset="72" sl="111" sc="13" el="111" ec="63" bec="0" bev="0" fileid="2" />
                <SequencePoint vc="1" uspid="86" ordinal="7" offset="85" sl="112" sc="13" el="112" ec="59" bec="0" bev="0" fileid="2" />
                <SequencePoint vc="1" uspid="87" ordinal="8" offset="107" sl="113" sc="13" el="113" ec="36" bec="0" bev="0" fileid="2" />
                <SequencePoint vc="1" uspid="88" ordinal="9" offset="114" sl="114" sc="13" el="114" ec="47" bec="0" bev="0" fileid="2" />
                <SequencePoint vc="1" uspid="89" ordinal="10" offset="126" sl="115" sc="13" el="115" ec="65" bec="0" bev="0" fileid="2" />
                <SequencePoint vc="1" uspid="90" ordinal="11" offset="139" sl="116" sc="13" el="116" ec="59" bec="0" bev="0" fileid="2" />
                <SequencePoint vc="1" uspid="91" ordinal="12" offset="161" sl="117" sc="13" el="117" ec="36" bec="0" bev="0" fileid="2" />
                <SequencePoint vc="1" uspid="92" ordinal="13" offset="168" sl="118" sc="13" el="118" ec="49" bec="0" bev="0" fileid="2" />
                <SequencePoint vc="1" uspid="93" ordinal="14" offset="180" sl="119" sc="9" el="119" ec="10" bec="0" bev="0" fileid="2" />
              </SequencePoints>
              <BranchPoints />
              <MethodPoint xsi:type="SequencePoint" vc="1" uspid="79" ordinal="0" offset="0" sl="104" sc="9" el="104" ec="10" bec="0" bev="0" fileid="2" />
            </Method>
            <Method visited="true" cyclomaticComplexity="1" nPathComplexity="0" sequenceCoverage="100" branchCoverage="100" crapScore="1" isConstructor="false" isStatic="false" isGetter="false" isSetter="false">
              <Summary numSequencePoints="15" visitedSequencePoints="15" numBranchPoints="1" visitedBranchPoints="1" sequenceCoverage="100" branchCoverage="100" maxCyclomaticComplexity="1" minCyclomaticComplexity="1" maxCrapScore="1" minCrapScore="1" visitedClasses="0" numClasses="0" visitedMethods="1" numMethods="1" />
              <MetadataToken>100663305</MetadataToken>
              <Name>System.Void DrawingModel.Tests.ModelTests::Clear()</Name>
              <FileRef uid="2" />
              <SequencePoints>
                <SequencePoint vc="1" uspid="94" ordinal="0" offset="0" sl="124" sc="9" el="124" ec="10" bec="0" bev="0" fileid="2" />
                <SequencePoint vc="1" uspid="95" ordinal="1" offset="1" sl="125" sc="13" el="125" ec="63" bec="0" bev="0" fileid="2" />
                <SequencePoint vc="1" uspid="96" ordinal="2" offset="14" sl="126" sc="13" el="126" ec="51" bec="0" bev="0" fileid="2" />
                <SequencePoint vc="1" uspid="97" ordinal="3" offset="49" sl="127" sc="13" el="127" ec="53" bec="0" bev="0" fileid="2" />
                <SequencePoint vc="1" uspid="98" ordinal="4" offset="84" sl="128" sc="13" el="128" ec="90" bec="0" bev="0" fileid="2" />
                <SequencePoint vc="1" uspid="99" ordinal="5" offset="106" sl="129" sc="13" el="129" ec="49" bec="0" bev="0" fileid="2" />
                <SequencePoint vc="1" uspid="100" ordinal="6" offset="119" sl="131" sc="13" el="131" ec="65" bec="0" bev="0" fileid="2" />
                <SequencePoint vc="1" uspid="101" ordinal="7" offset="132" sl="132" sc="13" el="132" ec="51" bec="0" bev="0" fileid="2" />
                <SequencePoint vc="1" uspid="102" ordinal="8" offset="167" sl="133" sc="13" el="133" ec="52" bec="0" bev="0" fileid="2" />
                <SequencePoint vc="1" uspid="103" ordinal="9" offset="202" sl="134" sc="13" el="134" ec="78" bec="0" bev="0" fileid="2" />
                <SequencePoint vc="1" uspid="104" ordinal="10" offset="224" sl="135" sc="13" el="135" ec="49" bec="0" bev="0" fileid="2" />
                <SequencePoint vc="1" uspid="105" ordinal="11" offset="237" sl="137" sc="13" el="137" ec="27" bec="0" bev="0" fileid="2" />
                <SequencePoint vc="1" uspid="106" ordinal="12" offset="249" sl="138" sc="13" el="138" ec="78" bec="0" bev="0" fileid="2" />
                <SequencePoint vc="1" uspid="107" ordinal="13" offset="271" sl="139" sc="13" el="139" ec="49" bec="0" bev="0" fileid="2" />
                <SequencePoint vc="1" uspid="108" ordinal="14" offset="284" sl="140" sc="9" el="140" ec="10" bec="0" bev="0" fileid="2" />
              </SequencePoints>
              <BranchPoints />
              <MethodPoint xsi:type="SequencePoint" vc="1" uspid="94" ordinal="0" offset="0" sl="124" sc="9" el="124" ec="10" bec="0" bev="0" fileid="2" />
            </Method>
            <Method visited="true" cyclomaticComplexity="1" nPathComplexity="0" sequenceCoverage="100" branchCoverage="100" crapScore="1" isConstructor="false" isStatic="false" isGetter="false" isSetter="false">
              <Summary numSequencePoints="30" visitedSequencePoints="30" numBranchPoints="1" visitedBranchPoints="1" sequenceCoverage="100" branchCoverage="100" maxCyclomaticComplexity="1" minCyclomaticComplexity="1" maxCrapScore="1" minCrapScore="1" visitedClasses="0" numClasses="0" visitedMethods="1" numMethods="1" />
              <MetadataToken>100663306</MetadataToken>
              <Name>System.Void DrawingModel.Tests.ModelTests::DrawTest()</Name>
              <FileRef uid="2" />
              <SequencePoints>
                <SequencePoint vc="1" uspid="109" ordinal="0" offset="0" sl="145" sc="9" el="145" ec="10" bec="0" bev="0" fileid="2" />
                <SequencePoint vc="1" uspid="110" ordinal="1" offset="1" sl="146" sc="13" el="146" ec="63" bec="0" bev="0" fileid="2" />
                <SequencePoint vc="1" uspid="111" ordinal="2" offset="14" sl="147" sc="13" el="147" ec="51" bec="0" bev="0" fileid="2" />
                <SequencePoint vc="1" uspid="112" ordinal="3" offset="49" sl="148" sc="13" el="148" ec="50" bec="0" bev="0" fileid="2" />
                <SequencePoint vc="1" uspid="113" ordinal="4" offset="84" sl="149" sc="13" el="149" ec="34" bec="0" bev="0" fileid="2" />
                <SequencePoint vc="1" uspid="114" ordinal="5" offset="102" sl="150" sc="13" el="150" ec="57" bec="0" bev="0" fileid="2" />
                <SequencePoint vc="1" uspid="115" ordinal="6" offset="125" sl="151" sc="13" el="151" ec="63" bec="0" bev="0" fileid="2" />
                <SequencePoint vc="1" uspid="116" ordinal="7" offset="153" sl="152" sc="13" el="152" ec="80" bec="0" bev="0" fileid="2" />
                <SequencePoint vc="1" uspid="117" ordinal="8" offset="204" sl="153" sc="13" el="153" ec="81" bec="0" bev="0" fileid="2" />
                <SequencePoint vc="1" uspid="118" ordinal="9" offset="255" sl="154" sc="13" el="154" ec="53" bec="0" bev="0" fileid="2" />
                <SequencePoint vc="1" uspid="119" ordinal="10" offset="290" sl="155" sc="13" el="155" ec="34" bec="0" bev="0" fileid="2" />
                <SequencePoint vc="1" uspid="120" ordinal="11" offset="308" sl="156" sc="13" el="156" ec="57" bec="0" bev="0" fileid="2" />
                <SequencePoint vc="1" uspid="121" ordinal="12" offset="331" sl="157" sc="13" el="157" ec="63" bec="0" bev="0" fileid="2" />
                <SequencePoint vc="1" uspid="122" ordinal="13" offset="359" sl="158" sc="13" el="158" ec="80" bec="0" bev="0" fileid="2" />
                <SequencePoint vc="1" uspid="123" ordinal="14" offset="410" sl="159" sc="13" el="159" ec="81" bec="0" bev="0" fileid="2" />
                <SequencePoint vc="1" uspid="124" ordinal="15" offset="461" sl="160" sc="13" el="160" ec="65" bec="0" bev="0" fileid="2" />
                <SequencePoint vc="1" uspid="125" ordinal="16" offset="474" sl="161" sc="13" el="161" ec="51" bec="0" bev="0" fileid="2" />
                <SequencePoint vc="1" uspid="126" ordinal="17" offset="509" sl="162" sc="13" el="162" ec="50" bec="0" bev="0" fileid="2" />
                <SequencePoint vc="1" uspid="127" ordinal="18" offset="544" sl="163" sc="13" el="163" ec="34" bec="0" bev="0" fileid="2" />
                <SequencePoint vc="1" uspid="128" ordinal="19" offset="562" sl="164" sc="13" el="164" ec="57" bec="0" bev="0" fileid="2" />
                <SequencePoint vc="1" uspid="129" ordinal="20" offset="585" sl="165" sc="13" el="165" ec="63" bec="0" bev="0" fileid="2" />
                <SequencePoint vc="1" uspid="130" ordinal="21" offset="613" sl="166" sc="13" el="166" ec="80" bec="0" bev="0" fileid="2" />
                <SequencePoint vc="1" uspid="131" ordinal="22" offset="664" sl="167" sc="13" el="167" ec="81" bec="0" bev="0" fileid="2" />
                <SequencePoint vc="1" uspid="132" ordinal="23" offset="715" sl="168" sc="13" el="168" ec="52" bec="0" bev="0" fileid="2" />
                <SequencePoint vc="1" uspid="133" ordinal="24" offset="750" sl="169" sc="13" el="169" ec="34" bec="0" bev="0" fileid="2" />
                <SequencePoint vc="1" uspid="134" ordinal="25" offset="768" sl="170" sc="13" el="170" ec="57" bec="0" bev="0" fileid="2" />
                <SequencePoint vc="1" uspid="135" ordinal="26" offset="791" sl="171" sc="13" el="171" ec="65" bec="0" bev="0" fileid="2" />
                <SequencePoint vc="1" uspid="136" ordinal="27" offset="819" sl="172" sc="13" el="172" ec="79" bec="0" bev="0" fileid="2" />
                <SequencePoint vc="1" uspid="137" ordinal="28" offset="870" sl="173" sc="13" el="173" ec="81" bec="0" bev="0" fileid="2" />
                <SequencePoint vc="1" uspid="138" ordinal="29" offset="921" sl="174" sc="9" el="174" ec="10" bec="0" bev="0" fileid="2" />
              </SequencePoints>
              <BranchPoints />
              <MethodPoint xsi:type="SequencePoint" vc="1" uspid="109" ordinal="0" offset="0" sl="145" sc="9" el="145" ec="10" bec="0" bev="0" fileid="2" />
            </Method>
            <Method visited="true" cyclomaticComplexity="1" nPathComplexity="0" sequenceCoverage="100" branchCoverage="100" crapScore="1" isConstructor="false" isStatic="false" isGetter="false" isSetter="false">
              <Summary numSequencePoints="22" visitedSequencePoints="22" numBranchPoints="1" visitedBranchPoints="1" sequenceCoverage="100" branchCoverage="100" maxCyclomaticComplexity="1" minCyclomaticComplexity="1" maxCrapScore="1" minCrapScore="1" visitedClasses="0" numClasses="0" visitedMethods="1" numMethods="1" />
              <MetadataToken>100663307</MetadataToken>
              <Name>System.Void DrawingModel.Tests.ModelTests::SelectTest()</Name>
              <FileRef uid="2" />
              <SequencePoints>
                <SequencePoint vc="1" uspid="139" ordinal="0" offset="0" sl="179" sc="9" el="179" ec="10" bec="0" bev="0" fileid="2" />
                <SequencePoint vc="1" uspid="140" ordinal="1" offset="1" sl="180" sc="13" el="180" ec="65" bec="0" bev="0" fileid="2" />
                <SequencePoint vc="1" uspid="141" ordinal="2" offset="14" sl="181" sc="13" el="181" ec="49" bec="0" bev="0" fileid="2" />
                <SequencePoint vc="1" uspid="142" ordinal="3" offset="49" sl="182" sc="13" el="182" ec="55" bec="0" bev="0" fileid="2" />
                <SequencePoint vc="1" uspid="143" ordinal="4" offset="84" sl="183" sc="13" el="183" ec="63" bec="0" bev="0" fileid="2" />
                <SequencePoint vc="1" uspid="144" ordinal="5" offset="97" sl="184" sc="13" el="184" ec="51" bec="0" bev="0" fileid="2" />
                <SequencePoint vc="1" uspid="145" ordinal="6" offset="132" sl="185" sc="13" el="185" ec="53" bec="0" bev="0" fileid="2" />
                <SequencePoint vc="1" uspid="146" ordinal="7" offset="167" sl="186" sc="13" el="186" ec="44" bec="0" bev="0" fileid="2" />
                <SequencePoint vc="1" uspid="147" ordinal="8" offset="202" sl="187" sc="13" el="187" ec="64" bec="0" bev="0" fileid="2" />
                <SequencePoint vc="1" uspid="148" ordinal="9" offset="224" sl="188" sc="13" el="188" ec="77" bec="0" bev="0" fileid="2" />
                <SequencePoint vc="1" uspid="149" ordinal="10" offset="269" sl="189" sc="13" el="189" ec="82" bec="0" bev="0" fileid="2" />
                <SequencePoint vc="1" uspid="150" ordinal="11" offset="314" sl="190" sc="13" el="190" ec="46" bec="0" bev="0" fileid="2" />
                <SequencePoint vc="1" uspid="151" ordinal="12" offset="349" sl="191" sc="13" el="191" ec="48" bec="0" bev="0" fileid="2" />
                <SequencePoint vc="1" uspid="152" ordinal="13" offset="366" sl="192" sc="13" el="192" ec="65" bec="0" bev="0" fileid="2" />
                <SequencePoint vc="1" uspid="153" ordinal="14" offset="379" sl="193" sc="13" el="193" ec="44" bec="0" bev="0" fileid="2" />
                <SequencePoint vc="1" uspid="154" ordinal="15" offset="414" sl="194" sc="13" el="194" ec="48" bec="0" bev="0" fileid="2" />
                <SequencePoint vc="1" uspid="155" ordinal="16" offset="431" sl="195" sc="13" el="195" ec="60" bec="0" bev="0" fileid="2" />
                <SequencePoint vc="1" uspid="156" ordinal="17" offset="444" sl="196" sc="13" el="196" ec="44" bec="0" bev="0" fileid="2" />
                <SequencePoint vc="1" uspid="157" ordinal="18" offset="479" sl="197" sc="13" el="197" ec="62" bec="0" bev="0" fileid="2" />
                <SequencePoint vc="1" uspid="158" ordinal="19" offset="501" sl="198" sc="13" el="198" ec="79" bec="0" bev="0" fileid="2" />
                <SequencePoint vc="1" uspid="159" ordinal="20" offset="546" sl="199" sc="13" el="199" ec="80" bec="0" bev="0" fileid="2" />
                <SequencePoint vc="1" uspid="160" ordinal="21" offset="591" sl="200" sc="9" el="200" ec="10" bec="0" bev="0" fileid="2" />
              </SequencePoints>
              <BranchPoints />
              <MethodPoint xsi:type="SequencePoint" vc="1" uspid="139" ordinal="0" offset="0" sl="179" sc="9" el="179" ec="10" bec="0" bev="0" fileid="2" />
            </Method>
            <Method visited="true" cyclomaticComplexity="1" nPathComplexity="0" sequenceCoverage="100" branchCoverage="100" crapScore="1" isConstructor="false" isStatic="false" isGetter="false" isSetter="false">
              <Summary numSequencePoints="34" visitedSequencePoints="34" numBranchPoints="1" visitedBranchPoints="1" sequenceCoverage="100" branchCoverage="100" maxCyclomaticComplexity="1" minCyclomaticComplexity="1" maxCrapScore="1" minCrapScore="1" visitedClasses="0" numClasses="0" visitedMethods="1" numMethods="1" />
              <MetadataToken>100663308</MetadataToken>
              <Name>System.Void DrawingModel.Tests.ModelTests::DrawLineTest()</Name>
              <FileRef uid="2" />
              <SequencePoints>
                <SequencePoint vc="1" uspid="161" ordinal="0" offset="0" sl="205" sc="9" el="205" ec="10" bec="0" bev="0" fileid="2" />
                <SequencePoint vc="1" uspid="162" ordinal="1" offset="1" sl="206" sc="13" el="206" ec="63" bec="0" bev="0" fileid="2" />
                <SequencePoint vc="1" uspid="163" ordinal="2" offset="14" sl="207" sc="13" el="207" ec="49" bec="0" bev="0" fileid="2" />
                <SequencePoint vc="1" uspid="164" ordinal="3" offset="49" sl="208" sc="13" el="208" ec="53" bec="0" bev="0" fileid="2" />
                <SequencePoint vc="1" uspid="165" ordinal="4" offset="84" sl="209" sc="13" el="209" ec="65" bec="0" bev="0" fileid="2" />
                <SequencePoint vc="1" uspid="166" ordinal="5" offset="97" sl="210" sc="13" el="210" ec="53" bec="0" bev="0" fileid="2" />
                <SequencePoint vc="1" uspid="167" ordinal="6" offset="132" sl="211" sc="13" el="211" ec="55" bec="0" bev="0" fileid="2" />
                <SequencePoint vc="1" uspid="168" ordinal="7" offset="167" sl="212" sc="13" el="212" ec="60" bec="0" bev="0" fileid="2" />
                <SequencePoint vc="1" uspid="169" ordinal="8" offset="180" sl="213" sc="13" el="213" ec="51" bec="0" bev="0" fileid="2" />
                <SequencePoint vc="1" uspid="170" ordinal="9" offset="215" sl="214" sc="13" el="214" ec="50" bec="0" bev="0" fileid="2" />
                <SequencePoint vc="1" uspid="171" ordinal="10" offset="250" sl="215" sc="13" el="215" ec="53" bec="0" bev="0" fileid="2" />
                <SequencePoint vc="1" uspid="172" ordinal="11" offset="285" sl="216" sc="13" el="216" ec="94" bec="0" bev="0" fileid="2" />
                <SequencePoint vc="1" uspid="173" ordinal="12" offset="318" sl="217" sc="13" el="217" ec="82" bec="0" bev="0" fileid="2" />
                <SequencePoint vc="1" uspid="174" ordinal="13" offset="336" sl="218" sc="13" el="218" ec="49" bec="0" bev="0" fileid="2" />
                <SequencePoint vc="1" uspid="175" ordinal="14" offset="371" sl="219" sc="13" el="219" ec="53" bec="0" bev="0" fileid="2" />
                <SequencePoint vc="1" uspid="176" ordinal="15" offset="406" sl="220" sc="13" el="220" ec="94" bec="0" bev="0" fileid="2" />
                <SequencePoint vc="1" uspid="177" ordinal="16" offset="439" sl="221" sc="13" el="221" ec="82" bec="0" bev="0" fileid="2" />
                <SequencePoint vc="1" uspid="178" ordinal="17" offset="457" sl="222" sc="13" el="222" ec="51" bec="0" bev="0" fileid="2" />
                <SequencePoint vc="1" uspid="179" ordinal="18" offset="492" sl="223" sc="13" el="223" ec="55" bec="0" bev="0" fileid="2" />
                <SequencePoint vc="1" uspid="180" ordinal="19" offset="527" sl="224" sc="13" el="224" ec="94" bec="0" bev="0" fileid="2" />
                <SequencePoint vc="1" uspid="181" ordinal="20" offset="560" sl="225" sc="13" el="225" ec="82" bec="0" bev="0" fileid="2" />
                <SequencePoint vc="1" uspid="182" ordinal="21" offset="578" sl="226" sc="13" el="226" ec="51" bec="0" bev="0" fileid="2" />
                <SequencePoint vc="1" uspid="183" ordinal="22" offset="613" sl="227" sc="13" el="227" ec="55" bec="0" bev="0" fileid="2" />
                <SequencePoint vc="1" uspid="184" ordinal="23" offset="648" sl="228" sc="13" el="228" ec="94" bec="0" bev="0" fileid="2" />
                <SequencePoint vc="1" uspid="185" ordinal="24" offset="681" sl="229" sc="13" el="229" ec="82" bec="0" bev="0" fileid="2" />
                <SequencePoint vc="1" uspid="186" ordinal="25" offset="699" sl="230" sc="13" el="230" ec="49" bec="0" bev="0" fileid="2" />
                <SequencePoint vc="1" uspid="187" ordinal="26" offset="734" sl="231" sc="13" el="231" ec="53" bec="0" bev="0" fileid="2" />
                <SequencePoint vc="1" uspid="188" ordinal="27" offset="769" sl="232" sc="13" el="232" ec="95" bec="0" bev="0" fileid="2" />
                <SequencePoint vc="1" uspid="189" ordinal="28" offset="801" sl="233" sc="13" el="233" ec="36" bec="0" bev="0" fileid="2" />
                <SequencePoint vc="1" uspid="190" ordinal="29" offset="808" sl="234" sc="13" el="234" ec="61" bec="0" bev="0" fileid="2" />
                <SequencePoint vc="1" uspid="191" ordinal="30" offset="843" sl="235" sc="13" el="235" ec="63" bec="0" bev="0" fileid="2" />
                <SequencePoint vc="1" uspid="192" ordinal="31" offset="878" sl="236" sc="13" el="236" ec="60" bec="0" bev="0" fileid="2" />
                <SequencePoint vc="1" uspid="193" ordinal="32" offset="891" sl="237" sc="13" el="237" ec="42" bec="0" bev="0" fileid="2" />
                <SequencePoint vc="1" uspid="194" ordinal="33" offset="926" sl="238" sc="9" el="238" ec="10" bec="0" bev="0" fileid="2" />
              </SequencePoints>
              <BranchPoints />
              <MethodPoint xsi:type="SequencePoint" vc="1" uspid="161" ordinal="0" offset="0" sl="205" sc="9" el="205" ec="10" bec="0" bev="0" fileid="2" />
            </Method>
            <Method visited="true" cyclomaticComplexity="1" nPathComplexity="0" sequenceCoverage="100" branchCoverage="100" crapScore="1" isConstructor="false" isStatic="false" isGetter="false" isSetter="false">
              <Summary numSequencePoints="37" visitedSequencePoints="37" numBranchPoints="1" visitedBranchPoints="1" sequenceCoverage="100" branchCoverage="100" maxCyclomaticComplexity="1" minCyclomaticComplexity="1" maxCrapScore="1" minCrapScore="1" visitedClasses="0" numClasses="0" visitedMethods="1" numMethods="1" />
              <MetadataToken>100663309</MetadataToken>
              <Name>System.Void DrawingModel.Tests.ModelTests::UndoRedoTest()</Name>
              <FileRef uid="2" />
              <SequencePoints>
                <SequencePoint vc="1" uspid="195" ordinal="0" offset="0" sl="243" sc="9" el="243" ec="10" bec="0" bev="0" fileid="2" />
                <SequencePoint vc="1" uspid="196" ordinal="1" offset="1" sl="244" sc="13" el="244" ec="49" bec="0" bev="0" fileid="2" />
                <SequencePoint vc="1" uspid="197" ordinal="2" offset="18" sl="245" sc="13" el="245" ec="49" bec="0" bev="0" fileid="2" />
                <SequencePoint vc="1" uspid="198" ordinal="3" offset="35" sl="246" sc="13" el="246" ec="63" bec="0" bev="0" fileid="2" />
                <SequencePoint vc="1" uspid="199" ordinal="4" offset="48" sl="247" sc="13" el="247" ec="49" bec="0" bev="0" fileid="2" />
                <SequencePoint vc="1" uspid="200" ordinal="5" offset="83" sl="248" sc="13" el="248" ec="53" bec="0" bev="0" fileid="2" />
                <SequencePoint vc="1" uspid="201" ordinal="6" offset="118" sl="249" sc="13" el="249" ec="49" bec="0" bev="0" fileid="2" />
                <SequencePoint vc="1" uspid="202" ordinal="7" offset="135" sl="250" sc="13" el="250" ec="48" bec="0" bev="0" fileid="2" />
                <SequencePoint vc="1" uspid="203" ordinal="8" offset="152" sl="251" sc="13" el="251" ec="65" bec="0" bev="0" fileid="2" />
                <SequencePoint vc="1" uspid="204" ordinal="9" offset="165" sl="252" sc="13" el="252" ec="53" bec="0" bev="0" fileid="2" />
                <SequencePoint vc="1" uspid="205" ordinal="10" offset="200" sl="253" sc="13" el="253" ec="55" bec="0" bev="0" fileid="2" />
                <SequencePoint vc="1" uspid="206" ordinal="11" offset="235" sl="254" sc="13" el="254" ec="49" bec="0" bev="0" fileid="2" />
                <SequencePoint vc="1" uspid="207" ordinal="12" offset="252" sl="255" sc="13" el="255" ec="48" bec="0" bev="0" fileid="2" />
                <SequencePoint vc="1" uspid="208" ordinal="13" offset="269" sl="256" sc="13" el="256" ec="94" bec="0" bev="0" fileid="2" />
                <SequencePoint vc="1" uspid="209" ordinal="14" offset="302" sl="257" sc="13" el="257" ec="44" bec="0" bev="0" fileid="2" />
                <SequencePoint vc="1" uspid="210" ordinal="15" offset="337" sl="258" sc="13" el="258" ec="62" bec="0" bev="0" fileid="2" />
                <SequencePoint vc="1" uspid="211" ordinal="16" offset="359" sl="259" sc="13" el="259" ec="26" bec="0" bev="0" fileid="2" />
                <SequencePoint vc="1" uspid="212" ordinal="17" offset="371" sl="260" sc="13" el="260" ec="94" bec="0" bev="0" fileid="2" />
                <SequencePoint vc="1" uspid="213" ordinal="18" offset="404" sl="261" sc="13" el="261" ec="48" bec="0" bev="0" fileid="2" />
                <SequencePoint vc="1" uspid="214" ordinal="19" offset="421" sl="262" sc="13" el="262" ec="48" bec="0" bev="0" fileid="2" />
                <SequencePoint vc="1" uspid="215" ordinal="20" offset="438" sl="263" sc="13" el="263" ec="48" bec="0" bev="0" fileid="2" />
                <SequencePoint vc="1" uspid="216" ordinal="21" offset="455" sl="264" sc="13" el="264" ec="26" bec="0" bev="0" fileid="2" />
                <SequencePoint vc="1" uspid="217" ordinal="22" offset="467" sl="265" sc="13" el="265" ec="94" bec="0" bev="0" fileid="2" />
                <SequencePoint vc="1" uspid="218" ordinal="23" offset="500" sl="266" sc="13" el="266" ec="48" bec="0" bev="0" fileid="2" />
                <SequencePoint vc="1" uspid="219" ordinal="24" offset="517" sl="267" sc="13" el="267" ec="49" bec="0" bev="0" fileid="2" />
                <SequencePoint vc="1" uspid="220" ordinal="25" offset="534" sl="268" sc="13" el="268" ec="26" bec="0" bev="0" fileid="2" />
                <SequencePoint vc="1" uspid="221" ordinal="26" offset="546" sl="269" sc="13" el="269" ec="94" bec="0" bev="0" fileid="2" />
                <SequencePoint vc="1" uspid="222" ordinal="27" offset="579" sl="270" sc="13" el="270" ec="48" bec="0" bev="0" fileid="2" />
                <SequencePoint vc="1" uspid="223" ordinal="28" offset="596" sl="271" sc="13" el="271" ec="48" bec="0" bev="0" fileid="2" />
                <SequencePoint vc="1" uspid="224" ordinal="29" offset="613" sl="272" sc="13" el="272" ec="48" bec="0" bev="0" fileid="2" />
                <SequencePoint vc="1" uspid="225" ordinal="30" offset="630" sl="273" sc="13" el="273" ec="44" bec="0" bev="0" fileid="2" />
                <SequencePoint vc="1" uspid="226" ordinal="31" offset="665" sl="274" sc="13" el="274" ec="27" bec="0" bev="0" fileid="2" />
                <SequencePoint vc="1" uspid="227" ordinal="32" offset="677" sl="275" sc="13" el="275" ec="94" bec="0" bev="0" fileid="2" />
                <SequencePoint vc="1" uspid="228" ordinal="33" offset="710" sl="276" sc="13" el="276" ec="48" bec="0" bev="0" fileid="2" />
                <SequencePoint vc="1" uspid="229" ordinal="34" offset="727" sl="277" sc="13" el="277" ec="49" bec="0" bev="0" fileid="2" />
                <SequencePoint vc="1" uspid="230" ordinal="35" offset="744" sl="278" sc="13" el="278" ec="49" bec="0" bev="0" fileid="2" />
                <SequencePoint vc="1" uspid="231" ordinal="36" offset="761" sl="279" sc="9" el="279" ec="10" bec="0" bev="0" fileid="2" />
              </SequencePoints>
              <BranchPoints />
              <MethodPoint xsi:type="SequencePoint" vc="1" uspid="195" ordinal="0" offset="0" sl="243" sc="9" el="243" ec="10" bec="0" bev="0" fileid="2" />
            </Method>
            <Method visited="true" cyclomaticComplexity="1" nPathComplexity="0" sequenceCoverage="100" branchCoverage="100" crapScore="1" isConstructor="false" isStatic="false" isGetter="false" isSetter="false">
              <Summary numSequencePoints="40" visitedSequencePoints="40" numBranchPoints="1" visitedBranchPoints="1" sequenceCoverage="100" branchCoverage="100" maxCyclomaticComplexity="1" minCyclomaticComplexity="1" maxCrapScore="1" minCrapScore="1" visitedClasses="0" numClasses="0" visitedMethods="1" numMethods="1" />
              <MetadataToken>100663310</MetadataToken>
              <Name>System.Void DrawingModel.Tests.ModelTests::MoveShapeTest()</Name>
              <FileRef uid="2" />
              <SequencePoints>
                <SequencePoint vc="1" uspid="232" ordinal="0" offset="0" sl="284" sc="9" el="284" ec="10" bec="0" bev="0" fileid="2" />
                <SequencePoint vc="1" uspid="233" ordinal="1" offset="1" sl="285" sc="13" el="285" ec="63" bec="0" bev="0" fileid="2" />
                <SequencePoint vc="1" uspid="234" ordinal="2" offset="14" sl="286" sc="13" el="286" ec="51" bec="0" bev="0" fileid="2" />
                <SequencePoint vc="1" uspid="235" ordinal="3" offset="49" sl="287" sc="13" el="287" ec="55" bec="0" bev="0" fileid="2" />
                <SequencePoint vc="1" uspid="236" ordinal="4" offset="84" sl="288" sc="13" el="288" ec="65" bec="0" bev="0" fileid="2" />
                <SequencePoint vc="1" uspid="237" ordinal="5" offset="97" sl="289" sc="13" el="289" ec="52" bec="0" bev="0" fileid="2" />
                <SequencePoint vc="1" uspid="238" ordinal="6" offset="132" sl="290" sc="13" el="290" ec="55" bec="0" bev="0" fileid="2" />
                <SequencePoint vc="1" uspid="239" ordinal="7" offset="167" sl="291" sc="13" el="291" ec="60" bec="0" bev="0" fileid="2" />
                <SequencePoint vc="1" uspid="240" ordinal="8" offset="180" sl="292" sc="13" el="292" ec="51" bec="0" bev="0" fileid="2" />
                <SequencePoint vc="1" uspid="241" ordinal="9" offset="215" sl="293" sc="13" el="293" ec="55" bec="0" bev="0" fileid="2" />
                <SequencePoint vc="1" uspid="242" ordinal="10" offset="250" sl="294" sc="13" el="294" ec="51" bec="0" bev="0" fileid="2" />
                <SequencePoint vc="1" uspid="243" ordinal="11" offset="285" sl="295" sc="13" el="295" ec="54" bec="0" bev="0" fileid="2" />
                <SequencePoint vc="1" uspid="244" ordinal="12" offset="320" sl="296" sc="13" el="296" ec="89" bec="0" bev="0" fileid="2" />
                <SequencePoint vc="1" uspid="245" ordinal="13" offset="342" sl="297" sc="13" el="297" ec="46" bec="0" bev="0" fileid="2" />
                <SequencePoint vc="1" uspid="246" ordinal="14" offset="355" sl="298" sc="13" el="298" ec="44" bec="0" bev="0" fileid="2" />
                <SequencePoint vc="1" uspid="247" ordinal="15" offset="390" sl="299" sc="13" el="299" ec="51" bec="0" bev="0" fileid="2" />
                <SequencePoint vc="1" uspid="248" ordinal="16" offset="425" sl="300" sc="13" el="300" ec="52" bec="0" bev="0" fileid="2" />
                <SequencePoint vc="1" uspid="249" ordinal="17" offset="460" sl="301" sc="13" el="301" ec="77" bec="0" bev="0" fileid="2" />
                <SequencePoint vc="1" uspid="250" ordinal="18" offset="482" sl="302" sc="13" el="302" ec="46" bec="0" bev="0" fileid="2" />
                <SequencePoint vc="1" uspid="251" ordinal="19" offset="495" sl="303" sc="13" el="303" ec="70" bec="0" bev="0" fileid="2" />
                <SequencePoint vc="1" uspid="252" ordinal="20" offset="536" sl="304" sc="13" el="304" ec="72" bec="0" bev="0" fileid="2" />
                <SequencePoint vc="1" uspid="253" ordinal="21" offset="577" sl="305" sc="13" el="305" ec="65" bec="0" bev="0" fileid="2" />
                <SequencePoint vc="1" uspid="254" ordinal="22" offset="607" sl="306" sc="13" el="306" ec="45" bec="0" bev="0" fileid="2" />
                <SequencePoint vc="1" uspid="255" ordinal="23" offset="642" sl="307" sc="13" el="307" ec="54" bec="0" bev="0" fileid="2" />
                <SequencePoint vc="1" uspid="256" ordinal="24" offset="677" sl="308" sc="13" el="308" ec="70" bec="0" bev="0" fileid="2" />
                <SequencePoint vc="1" uspid="257" ordinal="25" offset="718" sl="309" sc="13" el="309" ec="72" bec="0" bev="0" fileid="2" />
                <SequencePoint vc="1" uspid="258" ordinal="26" offset="759" sl="310" sc="13" el="310" ec="70" bec="0" bev="0" fileid="2" />
                <SequencePoint vc="1" uspid="259" ordinal="27" offset="800" sl="311" sc="13" el="311" ec="72" bec="0" bev="0" fileid="2" />
                <SequencePoint vc="1" uspid="260" ordinal="28" offset="841" sl="312" sc="13" el="312" ec="65" bec="0" bev="0" fileid="2" />
                <SequencePoint vc="1" uspid="261" ordinal="29" offset="871" sl="313" sc="13" el="313" ec="65" bec="0" bev="0" fileid="2" />
                <SequencePoint vc="1" uspid="262" ordinal="30" offset="901" sl="314" sc="13" el="314" ec="48" bec="0" bev="0" fileid="2" />
                <SequencePoint vc="1" uspid="263" ordinal="31" offset="918" sl="315" sc="13" el="315" ec="26" bec="0" bev="0" fileid="2" />
                <SequencePoint vc="1" uspid="264" ordinal="32" offset="930" sl="316" sc="13" el="316" ec="77" bec="0" bev="0" fileid="2" />
                <SequencePoint vc="1" uspid="265" ordinal="33" offset="952" sl="317" sc="13" el="317" ec="69" bec="0" bev="0" fileid="2" />
                <SequencePoint vc="1" uspid="266" ordinal="34" offset="993" sl="318" sc="13" el="318" ec="72" bec="0" bev="0" fileid="2" />
                <SequencePoint vc="1" uspid="267" ordinal="35" offset="1034" sl="319" sc="13" el="319" ec="70" bec="0" bev="0" fileid="2" />
                <SequencePoint vc="1" uspid="268" ordinal="36" offset="1075" sl="320" sc="13" el="320" ec="72" bec="0" bev="0" fileid="2" />
                <SequencePoint vc="1" uspid="269" ordinal="37" offset="1116" sl="321" sc="13" el="321" ec="65" bec="0" bev="0" fileid="2" />
                <SequencePoint vc="1" uspid="270" ordinal="38" offset="1146" sl="322" sc="13" el="322" ec="65" bec="0" bev="0" fileid="2" />
                <SequencePoint vc="1" uspid="271" ordinal="39" offset="1176" sl="323" sc="9" el="323" ec="10" bec="0" bev="0" fileid="2" />
              </SequencePoints>
              <BranchPoints />
              <MethodPoint xsi:type="SequencePoint" vc="1" uspid="232" ordinal="0" offset="0" sl="284" sc="9" el="284" ec="10" bec="0" bev="0" fileid="2" />
            </Method>
            <Method visited="true" cyclomaticComplexity="1" nPathComplexity="0" sequenceCoverage="100" branchCoverage="100" crapScore="1" isConstructor="false" isStatic="false" isGetter="false" isSetter="false">
              <Summary numSequencePoints="4" visitedSequencePoints="4" numBranchPoints="1" visitedBranchPoints="1" sequenceCoverage="100" branchCoverage="100" maxCyclomaticComplexity="1" minCyclomaticComplexity="1" maxCrapScore="1" minCrapScore="1" visitedClasses="0" numClasses="0" visitedMethods="1" numMethods="1" />
              <MetadataToken>100663311</MetadataToken>
              <Name>System.Void DrawingModel.Tests.ModelTests::CreateNewShapeTest()</Name>
              <FileRef uid="2" />
              <SequencePoints>
                <SequencePoint vc="1" uspid="272" ordinal="0" offset="0" sl="328" sc="9" el="328" ec="10" bec="0" bev="0" fileid="2" />
                <SequencePoint vc="1" uspid="273" ordinal="1" offset="1" sl="329" sc="13" el="329" ec="36" bec="0" bev="0" fileid="2" />
                <SequencePoint vc="1" uspid="274" ordinal="2" offset="13" sl="330" sc="13" el="330" ec="94" bec="0" bev="0" fileid="2" />
                <SequencePoint vc="1" uspid="275" ordinal="3" offset="46" sl="331" sc="9" el="331" ec="10" bec="0" bev="0" fileid="2" />
              </SequencePoints>
              <BranchPoints />
              <MethodPoint xsi:type="SequencePoint" vc="1" uspid="272" ordinal="0" offset="0" sl="328" sc="9" el="328" ec="10" bec="0" bev="0" fileid="2" />
            </Method>
            <Method visited="true" cyclomaticComplexity="1" nPathComplexity="0" sequenceCoverage="100" branchCoverage="100" crapScore="1" isConstructor="false" isStatic="false" isGetter="false" isSetter="false">
              <Summary numSequencePoints="3" visitedSequencePoints="3" numBranchPoints="1" visitedBranchPoints="1" sequenceCoverage="100" branchCoverage="100" maxCyclomaticComplexity="1" minCyclomaticComplexity="1" maxCrapScore="1" minCrapScore="1" visitedClasses="0" numClasses="0" visitedMethods="1" numMethods="1" />
              <MetadataToken>100663312</MetadataToken>
              <Name>System.Void DrawingModel.Tests.ModelTests::SaveTest()</Name>
              <FileRef uid="2" />
              <SequencePoints>
                <SequencePoint vc="1" uspid="276" ordinal="0" offset="0" sl="336" sc="9" el="336" ec="10" bec="0" bev="0" fileid="2" />
                <SequencePoint vc="1" uspid="277" ordinal="1" offset="1" sl="337" sc="13" el="337" ec="26" bec="0" bev="0" fileid="2" />
                <SequencePoint vc="1" uspid="278" ordinal="2" offset="13" sl="338" sc="9" el="338" ec="10" bec="0" bev="0" fileid="2" />
              </SequencePoints>
              <BranchPoints />
              <MethodPoint xsi:type="SequencePoint" vc="1" uspid="276" ordinal="0" offset="0" sl="336" sc="9" el="336" ec="10" bec="0" bev="0" fileid="2" />
            </Method>
            <Method visited="true" cyclomaticComplexity="1" nPathComplexity="0" sequenceCoverage="100" branchCoverage="100" crapScore="1" isConstructor="false" isStatic="false" isGetter="false" isSetter="false">
              <Summary numSequencePoints="14" visitedSequencePoints="14" numBranchPoints="1" visitedBranchPoints="1" sequenceCoverage="100" branchCoverage="100" maxCyclomaticComplexity="1" minCyclomaticComplexity="1" maxCrapScore="1" minCrapScore="1" visitedClasses="0" numClasses="0" visitedMethods="1" numMethods="1" />
              <MetadataToken>100663313</MetadataToken>
              <Name>System.Void DrawingModel.Tests.ModelTests::SaveToDriveTest()</Name>
              <FileRef uid="2" />
              <SequencePoints>
                <SequencePoint vc="1" uspid="279" ordinal="0" offset="0" sl="343" sc="9" el="343" ec="10" bec="0" bev="0" fileid="2" />
                <SequencePoint vc="1" uspid="280" ordinal="1" offset="1" sl="344" sc="13" el="344" ec="63" bec="0" bev="0" fileid="2" />
                <SequencePoint vc="1" uspid="281" ordinal="2" offset="14" sl="345" sc="13" el="345" ec="51" bec="0" bev="0" fileid="2" />
                <SequencePoint vc="1" uspid="282" ordinal="3" offset="49" sl="346" sc="13" el="346" ec="54" bec="0" bev="0" fileid="2" />
                <SequencePoint vc="1" uspid="283" ordinal="4" offset="84" sl="347" sc="13" el="347" ec="65" bec="0" bev="0" fileid="2" />
                <SequencePoint vc="1" uspid="284" ordinal="5" offset="97" sl="348" sc="13" el="348" ec="52" bec="0" bev="0" fileid="2" />
                <SequencePoint vc="1" uspid="285" ordinal="6" offset="132" sl="349" sc="13" el="349" ec="55" bec="0" bev="0" fileid="2" />
                <SequencePoint vc="1" uspid="286" ordinal="7" offset="167" sl="350" sc="13" el="350" ec="60" bec="0" bev="0" fileid="2" />
                <SequencePoint vc="1" uspid="287" ordinal="8" offset="180" sl="351" sc="13" el="351" ec="51" bec="0" bev="0" fileid="2" />
                <SequencePoint vc="1" uspid="288" ordinal="9" offset="215" sl="352" sc="13" el="352" ec="54" bec="0" bev="0" fileid="2" />
                <SequencePoint vc="1" uspid="289" ordinal="10" offset="250" sl="353" sc="13" el="353" ec="33" bec="0" bev="0" fileid="2" />
                <SequencePoint vc="1" uspid="290" ordinal="11" offset="262" sl="354" sc="13" el="354" ec="260" bec="0" bev="0" fileid="2" />
                <SequencePoint vc="1" uspid="291" ordinal="12" offset="268" sl="355" sc="13" el="355" ec="74" bec="0" bev="0" fileid="2" />
                <SequencePoint vc="1" uspid="292" ordinal="13" offset="285" sl="356" sc="9" el="356" ec="10" bec="0" bev="0" fileid="2" />
              </SequencePoints>
              <BranchPoints />
              <MethodPoint xsi:type="SequencePoint" vc="1" uspid="279" ordinal="0" offset="0" sl="343" sc="9" el="343" ec="10" bec="0" bev="0" fileid="2" />
            </Method>
            <Method visited="true" cyclomaticComplexity="2" nPathComplexity="0" sequenceCoverage="66.67" branchCoverage="100" crapScore="2.15" isConstructor="false" isStatic="false" isGetter="false" isSetter="false">
              <Summary numSequencePoints="6" visitedSequencePoints="4" numBranchPoints="1" visitedBranchPoints="1" sequenceCoverage="66.67" branchCoverage="100" maxCyclomaticComplexity="2" minCyclomaticComplexity="2" maxCrapScore="2.15" minCrapScore="2.15" visitedClasses="0" numClasses="0" visitedMethods="1" numMethods="1" />
              <MetadataToken>100663314</MetadataToken>
              <Name>System.Void DrawingModel.Tests.ModelTests::SaveToDriveExceptionTet()</Name>
              <FileRef uid="2" />
              <SequencePoints>
                <SequencePoint vc="1" uspid="293" ordinal="0" offset="0" sl="362" sc="9" el="362" ec="10" bec="0" bev="0" fileid="2" />
                <SequencePoint vc="1" uspid="294" ordinal="1" offset="1" sl="363" sc="20" el="363" ec="112" bec="0" bev="0" fileid="2" />
                <SequencePoint vc="1" uspid="295" ordinal="2" offset="15" sl="364" sc="13" el="364" ec="14" bec="0" bev="0" fileid="2" />
                <SequencePoint vc="1" uspid="296" ordinal="3" offset="16" sl="365" sc="17" el="365" ec="37" bec="0" bev="0" fileid="2" />
                <SequencePoint vc="0" uspid="297" ordinal="4" offset="28" sl="366" sc="13" el="366" ec="14" bec="0" bev="0" fileid="2" />
                <SequencePoint vc="0" uspid="298" ordinal="5" offset="42" sl="367" sc="9" el="367" ec="10" bec="0" bev="0" fileid="2" />
              </SequencePoints>
              <BranchPoints />
              <MethodPoint xsi:type="SequencePoint" vc="1" uspid="293" ordinal="0" offset="0" sl="362" sc="9" el="362" ec="10" bec="0" bev="0" fileid="2" />
            </Method>
            <Method visited="true" cyclomaticComplexity="1" nPathComplexity="0" sequenceCoverage="75" branchCoverage="100" crapScore="1.02" isConstructor="false" isStatic="false" isGetter="false" isSetter="false">
              <Summary numSequencePoints="4" visitedSequencePoints="3" numBranchPoints="1" visitedBranchPoints="1" sequenceCoverage="75" branchCoverage="100" maxCyclomaticComplexity="1" minCyclomaticComplexity="1" maxCrapScore="1.02" minCrapScore="1.02" visitedClasses="0" numClasses="0" visitedMethods="1" numMethods="1" />
              <MetadataToken>100663315</MetadataToken>
              <Name>System.Void DrawingModel.Tests.ModelTests::LoadExceptionTest()</Name>
              <FileRef uid="2" />
              <SequencePoints>
                <SequencePoint vc="1" uspid="299" ordinal="0" offset="0" sl="372" sc="9" el="372" ec="10" bec="0" bev="0" fileid="2" />
                <SequencePoint vc="1" uspid="300" ordinal="1" offset="1" sl="373" sc="13" el="373" ec="65" bec="0" bev="0" fileid="2" />
                <SequencePoint vc="1" uspid="301" ordinal="2" offset="18" sl="374" sc="13" el="374" ec="26" bec="0" bev="0" fileid="2" />
                <SequencePoint vc="0" uspid="302" ordinal="3" offset="30" sl="375" sc="9" el="375" ec="10" bec="0" bev="0" fileid="2" />
              </SequencePoints>
              <BranchPoints />
              <MethodPoint xsi:type="SequencePoint" vc="1" uspid="299" ordinal="0" offset="0" sl="372" sc="9" el="372" ec="10" bec="0" bev="0" fileid="2" />
            </Method>
            <Method visited="true" cyclomaticComplexity="1" nPathComplexity="0" sequenceCoverage="100" branchCoverage="100" crapScore="1" isConstructor="false" isStatic="false" isGetter="false" isSetter="false">
              <Summary numSequencePoints="25" visitedSequencePoints="25" numBranchPoints="1" visitedBranchPoints="1" sequenceCoverage="100" branchCoverage="100" maxCyclomaticComplexity="1" minCyclomaticComplexity="1" maxCrapScore="1" minCrapScore="1" visitedClasses="0" numClasses="0" visitedMethods="1" numMethods="1" />
              <MetadataToken>100663316</MetadataToken>
              <Name>System.Void DrawingModel.Tests.ModelTests::LoadTest()</Name>
              <FileRef uid="2" />
              <SequencePoints>
                <SequencePoint vc="1" uspid="303" ordinal="0" offset="0" sl="380" sc="9" el="380" ec="10" bec="0" bev="0" fileid="2" />
                <SequencePoint vc="1" uspid="304" ordinal="1" offset="1" sl="381" sc="13" el="381" ec="63" bec="0" bev="0" fileid="2" />
                <SequencePoint vc="1" uspid="305" ordinal="2" offset="14" sl="382" sc="13" el="382" ec="51" bec="0" bev="0" fileid="2" />
                <SequencePoint vc="1" uspid="306" ordinal="3" offset="49" sl="383" sc="13" el="383" ec="54" bec="0" bev="0" fileid="2" />
                <SequencePoint vc="1" uspid="307" ordinal="4" offset="84" sl="384" sc="13" el="384" ec="65" bec="0" bev="0" fileid="2" />
                <SequencePoint vc="1" uspid="308" ordinal="5" offset="97" sl="385" sc="13" el="385" ec="52" bec="0" bev="0" fileid="2" />
                <SequencePoint vc="1" uspid="309" ordinal="6" offset="132" sl="386" sc="13" el="386" ec="55" bec="0" bev="0" fileid="2" />
                <SequencePoint vc="1" uspid="310" ordinal="7" offset="167" sl="387" sc="13" el="387" ec="60" bec="0" bev="0" fileid="2" />
                <SequencePoint vc="1" uspid="311" ordinal="8" offset="180" sl="388" sc="13" el="388" ec="51" bec="0" bev="0" fileid="2" />
                <SequencePoint vc="1" uspid="312" ordinal="9" offset="215" sl="389" sc="13" el="389" ec="54" bec="0" bev="0" fileid="2" />
                <SequencePoint vc="1" uspid="313" ordinal="10" offset="250" sl="390" sc="13" el="390" ec="33" bec="0" bev="0" fileid="2" />
                <SequencePoint vc="1" uspid="314" ordinal="11" offset="262" sl="391" sc="13" el="391" ec="65" bec="0" bev="0" fileid="2" />
                <SequencePoint vc="1" uspid="315" ordinal="12" offset="275" sl="392" sc="13" el="392" ec="53" bec="0" bev="0" fileid="2" />
                <SequencePoint vc="1" uspid="316" ordinal="13" offset="310" sl="393" sc="13" el="393" ec="55" bec="0" bev="0" fileid="2" />
                <SequencePoint vc="1" uspid="317" ordinal="14" offset="345" sl="394" sc="13" el="394" ec="90" bec="0" bev="0" fileid="2" />
                <SequencePoint vc="1" uspid="318" ordinal="15" offset="367" sl="395" sc="13" el="395" ec="49" bec="0" bev="0" fileid="2" />
                <SequencePoint vc="1" uspid="319" ordinal="16" offset="380" sl="396" sc="13" el="396" ec="27" bec="0" bev="0" fileid="2" />
                <SequencePoint vc="1" uspid="320" ordinal="17" offset="392" sl="397" sc="13" el="397" ec="65" bec="0" bev="0" fileid="2" />
                <SequencePoint vc="1" uspid="321" ordinal="18" offset="405" sl="398" sc="13" el="398" ec="53" bec="0" bev="0" fileid="2" />
                <SequencePoint vc="1" uspid="322" ordinal="19" offset="440" sl="399" sc="13" el="399" ec="55" bec="0" bev="0" fileid="2" />
                <SequencePoint vc="1" uspid="323" ordinal="20" offset="475" sl="400" sc="13" el="400" ec="26" bec="0" bev="0" fileid="2" />
                <SequencePoint vc="1" uspid="324" ordinal="21" offset="487" sl="401" sc="13" el="401" ec="49" bec="0" bev="0" fileid="2" />
                <SequencePoint vc="1" uspid="325" ordinal="22" offset="504" sl="402" sc="13" el="402" ec="49" bec="0" bev="0" fileid="2" />
                <SequencePoint vc="1" uspid="326" ordinal="23" offset="521" sl="403" sc="13" el="403" ec="49" bec="0" bev="0" fileid="2" />
                <SequencePoint vc="1" uspid="327" ordinal="24" offset="534" sl="405" sc="9" el="405" ec="10" bec="0" bev="0" fileid="2" />
              </SequencePoints>
              <BranchPoints />
              <MethodPoint xsi:type="SequencePoint" vc="1" uspid="303" ordinal="0" offset="0" sl="380" sc="9" el="380" ec="10" bec="0" bev="0" fileid="2" />
            </Method>
            <Method visited="true" cyclomaticComplexity="1" nPathComplexity="0" sequenceCoverage="100" branchCoverage="100" crapScore="1" isConstructor="false" isStatic="false" isGetter="false" isSetter="false">
              <Summary numSequencePoints="25" visitedSequencePoints="25" numBranchPoints="1" visitedBranchPoints="1" sequenceCoverage="100" branchCoverage="100" maxCyclomaticComplexity="1" minCyclomaticComplexity="1" maxCrapScore="1" minCrapScore="1" visitedClasses="0" numClasses="0" visitedMethods="1" numMethods="1" />
              <MetadataToken>100663317</MetadataToken>
              <Name>System.Void DrawingModel.Tests.ModelTests::DelegateTest()</Name>
              <FileRef uid="2" />
              <SequencePoints>
                <SequencePoint vc="1" uspid="328" ordinal="0" offset="0" sl="410" sc="9" el="410" ec="10" bec="0" bev="0" fileid="2" />
                <SequencePoint vc="1" uspid="329" ordinal="1" offset="1" sl="411" sc="13" el="411" ec="53" bec="0" bev="0" fileid="2" />
                <SequencePoint vc="1" uspid="330" ordinal="2" offset="25" sl="412" sc="13" el="412" ec="51" bec="0" bev="0" fileid="2" />
                <SequencePoint vc="1" uspid="331" ordinal="3" offset="60" sl="413" sc="13" el="413" ec="39" bec="0" bev="0" fileid="2" />
                <SequencePoint vc="1" uspid="332" ordinal="4" offset="72" sl="414" sc="13" el="414" ec="50" bec="0" bev="0" fileid="2" />
                <SequencePoint vc="1" uspid="333" ordinal="5" offset="107" sl="415" sc="13" el="415" ec="39" bec="0" bev="0" fileid="2" />
                <SequencePoint vc="1" uspid="334" ordinal="6" offset="119" sl="416" sc="13" el="416" ec="53" bec="0" bev="0" fileid="2" />
                <SequencePoint vc="1" uspid="335" ordinal="7" offset="154" sl="417" sc="13" el="417" ec="39" bec="0" bev="0" fileid="2" />
                <SequencePoint vc="1" uspid="336" ordinal="8" offset="166" sl="419" sc="13" el="419" ec="63" bec="0" bev="0" fileid="2" />
                <SequencePoint vc="1" uspid="337" ordinal="9" offset="179" sl="420" sc="13" el="420" ec="51" bec="0" bev="0" fileid="2" />
                <SequencePoint vc="1" uspid="338" ordinal="10" offset="214" sl="421" sc="13" el="421" ec="38" bec="0" bev="0" fileid="2" />
                <SequencePoint vc="1" uspid="339" ordinal="11" offset="226" sl="422" sc="13" el="422" ec="50" bec="0" bev="0" fileid="2" />
                <SequencePoint vc="1" uspid="340" ordinal="12" offset="261" sl="423" sc="13" el="423" ec="38" bec="0" bev="0" fileid="2" />
                <SequencePoint vc="1" uspid="341" ordinal="13" offset="273" sl="424" sc="13" el="424" ec="31" bec="0" bev="0" fileid="2" />
                <SequencePoint vc="1" uspid="342" ordinal="14" offset="280" sl="425" sc="13" el="425" ec="53" bec="0" bev="0" fileid="2" />
                <SequencePoint vc="1" uspid="343" ordinal="15" offset="315" sl="426" sc="13" el="426" ec="38" bec="0" bev="0" fileid="2" />
                <SequencePoint vc="1" uspid="344" ordinal="16" offset="327" sl="428" sc="13" el="428" ec="31" bec="0" bev="0" fileid="2" />
                <SequencePoint vc="1" uspid="345" ordinal="17" offset="334" sl="429" sc="13" el="429" ec="44" bec="0" bev="0" fileid="2" />
                <SequencePoint vc="1" uspid="346" ordinal="18" offset="369" sl="430" sc="13" el="430" ec="55" bec="0" bev="0" fileid="2" />
                <SequencePoint vc="1" uspid="347" ordinal="19" offset="393" sl="431" sc="13" el="431" ec="38" bec="0" bev="0" fileid="2" />
                <SequencePoint vc="1" uspid="348" ordinal="20" offset="405" sl="432" sc="13" el="432" ec="31" bec="0" bev="0" fileid="2" />
                <SequencePoint vc="1" uspid="349" ordinal="21" offset="412" sl="433" sc="13" el="433" ec="46" bec="0" bev="0" fileid="2" />
                <SequencePoint vc="1" uspid="350" ordinal="22" offset="447" sl="434" sc="13" el="434" ec="55" bec="0" bev="0" fileid="2" />
                <SequencePoint vc="1" uspid="351" ordinal="23" offset="471" sl="435" sc="13" el="435" ec="38" bec="0" bev="0" fileid="2" />
                <SequencePoint vc="1" uspid="352" ordinal="24" offset="483" sl="436" sc="9" el="436" ec="10" bec="0" bev="0" fileid="2" />
              </SequencePoints>
              <BranchPoints />
              <MethodPoint xsi:type="SequencePoint" vc="1" uspid="328" ordinal="0" offset="0" sl="410" sc="9" el="410" ec="10" bec="0" bev="0" fileid="2" />
            </Method>
            <Method visited="true" cyclomaticComplexity="1" nPathComplexity="0" sequenceCoverage="100" branchCoverage="100" crapScore="1" isConstructor="false" isStatic="false" isGetter="false" isSetter="false">
              <Summary numSequencePoints="3" visitedSequencePoints="3" numBranchPoints="1" visitedBranchPoints="1" sequenceCoverage="100" branchCoverage="100" maxCyclomaticComplexity="1" minCyclomaticComplexity="1" maxCrapScore="1" minCrapScore="1" visitedClasses="0" numClasses="0" visitedMethods="1" numMethods="1" />
              <MetadataToken>100663318</MetadataToken>
              <Name>System.Void DrawingModel.Tests.ModelTests::TriggerDelegate()</Name>
              <FileRef uid="2" />
              <SequencePoints>
                <SequencePoint vc="7" uspid="353" ordinal="0" offset="0" sl="440" sc="9" el="440" ec="10" bec="0" bev="0" fileid="2" />
                <SequencePoint vc="7" uspid="354" ordinal="1" offset="1" sl="441" sc="13" el="441" ec="30" bec="0" bev="0" fileid="2" />
                <SequencePoint vc="7" uspid="355" ordinal="2" offset="8" sl="442" sc="9" el="442" ec="10" bec="0" bev="0" fileid="2" />
              </SequencePoints>
              <BranchPoints />
              <MethodPoint xsi:type="SequencePoint" vc="7" uspid="353" ordinal="0" offset="0" sl="440" sc="9" el="440" ec="10" bec="0" bev="0" fileid="2" />
            </Method>
            <Method visited="true" cyclomaticComplexity="1" nPathComplexity="0" sequenceCoverage="100" branchCoverage="100" crapScore="1" isConstructor="true" isStatic="false" isGetter="false" isSetter="false">
              <Summary numSequencePoints="1" visitedSequencePoints="1" numBranchPoints="1" visitedBranchPoints="1" sequenceCoverage="100" branchCoverage="100" maxCyclomaticComplexity="1" minCyclomaticComplexity="1" maxCrapScore="1" minCrapScore="1" visitedClasses="0" numClasses="0" visitedMethods="1" numMethods="1" />
              <MetadataToken>100663319</MetadataToken>
              <Name>System.Void DrawingModel.Tests.ModelTests::.ctor()</Name>
              <FileRef uid="2" />
              <SequencePoints>
                <SequencePoint vc="17" uspid="356" ordinal="0" offset="0" sl="17" sc="9" el="17" ec="32" bec="0" bev="0" fileid="2" />
              </SequencePoints>
              <BranchPoints />
              <MethodPoint xsi:type="SequencePoint" vc="17" uspid="356" ordinal="0" offset="0" sl="17" sc="9" el="17" ec="32" bec="0" bev="0" fileid="2" />
            </Method>
          </Methods>
        </Class>
        <Class>
          <Summary numSequencePoints="113" visitedSequencePoints="113" numBranchPoints="10" visitedBranchPoints="10" sequenceCoverage="100" branchCoverage="100" maxCyclomaticComplexity="1" minCyclomaticComplexity="1" maxCrapScore="2" minCrapScore="1" visitedClasses="1" numClasses="1" visitedMethods="10" numMethods="10" />
          <FullName>DrawingModel.Tests.EllipseTests</FullName>
          <Methods>
            <Method visited="true" cyclomaticComplexity="1" nPathComplexity="0" sequenceCoverage="100" branchCoverage="100" crapScore="1" isConstructor="false" isStatic="false" isGetter="false" isSetter="false">
              <Summary numSequencePoints="15" visitedSequencePoints="15" numBranchPoints="1" visitedBranchPoints="1" sequenceCoverage="100" branchCoverage="100" maxCyclomaticComplexity="1" minCyclomaticComplexity="1" maxCrapScore="1" minCrapScore="1" visitedClasses="0" numClasses="0" visitedMethods="1" numMethods="1" />
              <MetadataToken>100663320</MetadataToken>
              <Name>System.Void DrawingModel.Tests.EllipseTests::Initialize()</Name>
              <FileRef uid="3" />
              <SequencePoints>
                <SequencePoint vc="9" uspid="357" ordinal="0" offset="0" sl="15" sc="9" el="15" ec="10" bec="0" bev="0" fileid="3" />
                <SequencePoint vc="9" uspid="358" ordinal="1" offset="1" sl="16" sc="13" el="16" ec="67" bec="0" bev="0" fileid="3" />
                <SequencePoint vc="9" uspid="359" ordinal="2" offset="12" sl="17" sc="13" el="17" ec="31" bec="0" bev="0" fileid="3" />
                <SequencePoint vc="9" uspid="360" ordinal="3" offset="23" sl="18" sc="13" el="18" ec="31" bec="0" bev="0" fileid="3" />
                <SequencePoint vc="9" uspid="361" ordinal="4" offset="34" sl="19" sc="13" el="19" ec="31" bec="0" bev="0" fileid="3" />
                <SequencePoint vc="9" uspid="362" ordinal="5" offset="45" sl="20" sc="13" el="20" ec="31" bec="0" bev="0" fileid="3" />
                <SequencePoint vc="9" uspid="363" ordinal="6" offset="56" sl="21" sc="13" el="21" ec="42" bec="0" bev="0" fileid="3" />
                <SequencePoint vc="9" uspid="364" ordinal="7" offset="91" sl="22" sc="13" el="22" ec="41" bec="0" bev="0" fileid="3" />
                <SequencePoint vc="9" uspid="365" ordinal="8" offset="126" sl="23" sc="13" el="23" ec="42" bec="0" bev="0" fileid="3" />
                <SequencePoint vc="9" uspid="366" ordinal="9" offset="161" sl="24" sc="13" el="24" ec="42" bec="0" bev="0" fileid="3" />
                <SequencePoint vc="9" uspid="367" ordinal="10" offset="196" sl="25" sc="13" el="25" ec="42" bec="0" bev="0" fileid="3" />
                <SequencePoint vc="9" uspid="368" ordinal="11" offset="231" sl="26" sc="13" el="26" ec="42" bec="0" bev="0" fileid="3" />
                <SequencePoint vc="9" uspid="369" ordinal="12" offset="266" sl="27" sc="13" el="27" ec="42" bec="0" bev="0" fileid="3" />
                <SequencePoint vc="9" uspid="370" ordinal="13" offset="301" sl="28" sc="13" el="28" ec="42" bec="0" bev="0" fileid="3" />
                <SequencePoint vc="9" uspid="371" ordinal="14" offset="336" sl="29" sc="9" el="29" ec="10" bec="0" bev="0" fileid="3" />
              </SequencePoints>
              <BranchPoints />
              <MethodPoint xsi:type="SequencePoint" vc="9" uspid="357" ordinal="0" offset="0" sl="15" sc="9" el="15" ec="10" bec="0" bev="0" fileid="3" />
            </Method>
            <Method visited="true" cyclomaticComplexity="1" nPathComplexity="0" sequenceCoverage="100" branchCoverage="100" crapScore="1" isConstructor="false" isStatic="false" isGetter="false" isSetter="false">
              <Summary numSequencePoints="26" visitedSequencePoints="26" numBranchPoints="1" visitedBranchPoints="1" sequenceCoverage="100" branchCoverage="100" maxCyclomaticComplexity="1" minCyclomaticComplexity="1" maxCrapScore="1" minCrapScore="1" visitedClasses="0" numClasses="0" visitedMethods="1" numMethods="1" />
              <MetadataToken>100663321</MetadataToken>
              <Name>System.Void DrawingModel.Tests.EllipseTests::DrawTest()</Name>
              <FileRef uid="3" />
              <SequencePoints>
                <SequencePoint vc="1" uspid="372" ordinal="0" offset="0" sl="34" sc="9" el="34" ec="10" bec="0" bev="0" fileid="3" />
                <SequencePoint vc="1" uspid="373" ordinal="1" offset="1" sl="36" sc="13" el="36" ec="30" bec="0" bev="0" fileid="3" />
                <SequencePoint vc="1" uspid="374" ordinal="2" offset="20" sl="37" sc="13" el="37" ec="44" bec="0" bev="0" fileid="3" />
                <SequencePoint vc="1" uspid="375" ordinal="3" offset="32" sl="38" sc="13" el="38" ec="48" bec="0" bev="0" fileid="3" />
                <SequencePoint vc="1" uspid="376" ordinal="4" offset="44" sl="39" sc="13" el="39" ec="59" bec="0" bev="0" fileid="3" />
                <SequencePoint vc="1" uspid="377" ordinal="5" offset="67" sl="40" sc="13" el="40" ec="51" bec="0" bev="0" fileid="3" />
                <SequencePoint vc="1" uspid="378" ordinal="6" offset="90" sl="41" sc="13" el="41" ec="53" bec="0" bev="0" fileid="3" />
                <SequencePoint vc="1" uspid="379" ordinal="7" offset="113" sl="42" sc="13" el="42" ec="30" bec="0" bev="0" fileid="3" />
                <SequencePoint vc="1" uspid="380" ordinal="8" offset="132" sl="43" sc="13" el="43" ec="44" bec="0" bev="0" fileid="3" />
[...]
                <SequencePoint vc="10" uspid="1533" ordinal="14" offset="177" sl="40" sc="9" el="40" ec="10" bec="0" bev="0" fileid="36" />
              </SequencePoints>
              <BranchPoints>
                <BranchPoint vc="2" uspid="1538" ordinal="4" offset="135" sl="38" path="0" offsetend="137" fileid="36" />
                <BranchPoint vc="8" uspid="1539" ordinal="5" offset="135" sl="38" path="1" offsetend="177" fileid="36" />
              </BranchPoints>
              <MethodPoint xsi:type="SequencePoint" vc="10" uspid="1519" ordinal="0" offset="0" sl="31" sc="9" el="31" ec="10" bec="0" bev="0" fileid="36" />
            </Method>
            <Method visited="true" cyclomaticComplexity="1" nPathComplexity="0" sequenceCoverage="100" branchCoverage="100" crapScore="1" isConstructor="false" isStatic="false" isGetter="false" isSetter="false">
              <Summary numSequencePoints="4" visitedSequencePoints="4" numBranchPoints="1" visitedBranchPoints="1" sequenceCoverage="100" branchCoverage="100" maxCyclomaticComplexity="1" minCyclomaticComplexity="1" maxCrapScore="1" minCrapScore="1" visitedClasses="0" numClasses="0" visitedMethods="1" numMethods="1" />
              <MetadataToken>100663425</MetadataToken>
              <Name>System.Void DrawingModel.Shapes::Clear()</Name>
              <FileRef uid="36" />
              <SequencePoints>
                <SequencePoint vc="7" uspid="1540" ordinal="0" offset="0" sl="44" sc="9" el="44" ec="10" bec="0" bev="0" fileid="36" />
                <SequencePoint vc="7" uspid="1541" ordinal="1" offset="1" sl="45" sc="13" el="45" ec="29" bec="0" bev="0" fileid="36" />
                <SequencePoint vc="7" uspid="1542" ordinal="2" offset="13" sl="46" sc="13" el="46" ec="29" bec="0" bev="0" fileid="36" />
                <SequencePoint vc="7" uspid="1543" ordinal="3" offset="20" sl="47" sc="9" el="47" ec="10" bec="0" bev="0" fileid="36" />
              </SequencePoints>
              <BranchPoints />
              <MethodPoint xsi:type="SequencePoint" vc="7" uspid="1540" ordinal="0" offset="0" sl="44" sc="9" el="44" ec="10" bec="0" bev="0" fileid="36" />
            </Method>
            <Method visited="true" cyclomaticComplexity="1" nPathComplexity="0" sequenceCoverage="100" branchCoverage="100" crapScore="1" isConstructor="false" isStatic="false" isGetter="false" isSetter="false">
              <Summary numSequencePoints="3" visitedSequencePoints="3" numBranchPoints="1" visitedBranchPoints="1" sequenceCoverage="100" branchCoverage="100" maxCyclomaticComplexity="1" minCyclomaticComplexity="1" maxCrapScore="1" minCrapScore="1" visitedClasses="0" numClasses="0" visitedMethods="1" numMethods="1" />
              <MetadataToken>100663426</MetadataToken>
              <Name>System.Void DrawingModel.Shapes::ResetSelected()</Name>
              <FileRef uid="36" />
              <SequencePoints>
                <SequencePoint vc="13" uspid="1544" ordinal="0" offset="0" sl="51" sc="9" el="51" ec="10" bec="0" bev="0" fileid="36" />
                <SequencePoint vc="13" uspid="1545" ordinal="1" offset="1" sl="52" sc="13" el="52" ec="30" bec="0" bev="0" fileid="36" />
                <SequencePoint vc="13" uspid="1546" ordinal="2" offset="8" sl="53" sc="9" el="53" ec="10" bec="0" bev="0" fileid="36" />
              </SequencePoints>
              <BranchPoints />
              <MethodPoint xsi:type="SequencePoint" vc="13" uspid="1544" ordinal="0" offset="0" sl="51" sc="9" el="51" ec="10" bec="0" bev="0" fileid="36" />
            </Method>
            <Method visited="true" cyclomaticComplexity="1" nPathComplexity="0" sequenceCoverage="100" branchCoverage="100" crapScore="1" isConstructor="false" isStatic="false" isGetter="false" isSetter="false">
              <Summary numSequencePoints="4" visitedSequencePoints="4" numBranchPoints="1" visitedBranchPoints="1" sequenceCoverage="100" branchCoverage="100" maxCyclomaticComplexity="1" minCyclomaticComplexity="1" maxCrapScore="1" minCrapScore="1" visitedClasses="0" numClasses="0" visitedMethods="1" numMethods="1" />
              <MetadataToken>100663427</MetadataToken>
              <Name>System.Boolean DrawingModel.Shapes::AddShape(DrawingModel.Shape)</Name>
              <FileRef uid="36" />
              <SequencePoints>
                <SequencePoint vc="69" uspid="1547" ordinal="0" offset="0" sl="57" sc="9" el="57" ec="10" bec="0" bev="0" fileid="36" />
                <SequencePoint vc="69" uspid="1548" ordinal="1" offset="1" sl="58" sc="13" el="58" ec="32" bec="0" bev="0" fileid="36" />
                <SequencePoint vc="69" uspid="1549" ordinal="2" offset="14" sl="59" sc="13" el="59" ec="25" bec="0" bev="0" fileid="36" />
                <SequencePoint vc="69" uspid="1550" ordinal="3" offset="18" sl="60" sc="9" el="60" ec="10" bec="0" bev="0" fileid="36" />
              </SequencePoints>
              <BranchPoints />
              <MethodPoint xsi:type="SequencePoint" vc="69" uspid="1547" ordinal="0" offset="0" sl="57" sc="9" el="57" ec="10" bec="0" bev="0" fileid="36" />
            </Method>
            <Method visited="true" cyclomaticComplexity="1" nPathComplexity="0" sequenceCoverage="100" branchCoverage="100" crapScore="1" isConstructor="false" isStatic="false" isGetter="false" isSetter="false">
              <Summary numSequencePoints="3" visitedSequencePoints="3" numBranchPoints="1" visitedBranchPoints="1" sequenceCoverage="100" branchCoverage="100" maxCyclomaticComplexity="1" minCyclomaticComplexity="1" maxCrapScore="1" minCrapScore="1" visitedClasses="0" numClasses="0" visitedMethods="1" numMethods="1" />
              <MetadataToken>100663428</MetadataToken>
              <Name>System.Void DrawingModel.Shapes::RemoveShape(DrawingModel.Shape)</Name>
              <FileRef uid="36" />
              <SequencePoints>
                <SequencePoint vc="8" uspid="1551" ordinal="0" offset="0" sl="64" sc="9" el="64" ec="10" bec="0" bev="0" fileid="36" />
                <SequencePoint vc="8" uspid="1552" ordinal="1" offset="1" sl="65" sc="13" el="65" ec="35" bec="0" bev="0" fileid="36" />
                <SequencePoint vc="8" uspid="1553" ordinal="2" offset="14" sl="66" sc="9" el="66" ec="10" bec="0" bev="0" fileid="36" />
              </SequencePoints>
              <BranchPoints />
              <MethodPoint xsi:type="SequencePoint" vc="8" uspid="1551" ordinal="0" offset="0" sl="64" sc="9" el="64" ec="10" bec="0" bev="0" fileid="36" />
            </Method>
            <Method visited="true" cyclomaticComplexity="1" nPathComplexity="0" sequenceCoverage="100" branchCoverage="100" crapScore="1" isConstructor="false" isStatic="false" isGetter="false" isSetter="false">
              <Summary numSequencePoints="4" visitedSequencePoints="4" numBranchPoints="1" visitedBranchPoints="1" sequenceCoverage="100" branchCoverage="100" maxCyclomaticComplexity="1" minCyclomaticComplexity="1" maxCrapScore="1" minCrapScore="1" visitedClasses="0" numClasses="0" visitedMethods="1" numMethods="1" />
              <MetadataToken>100663429</MetadataToken>
              <Name>System.Boolean DrawingModel.Shapes::SelectShape(DrawingModel.Point)</Name>
              <FileRef uid="36" />
              <SequencePoints>
                <SequencePoint vc="14" uspid="1554" ordinal="0" offset="0" sl="70" sc="9" el="70" ec="10" bec="0" bev="0" fileid="36" />
                <SequencePoint vc="14" uspid="1555" ordinal="1" offset="1" sl="71" sc="13" el="71" ec="48" bec="0" bev="0" fileid="36" />
                <SequencePoint vc="14" uspid="1556" ordinal="2" offset="14" sl="72" sc="13" el="72" ec="38" bec="0" bev="0" fileid="36" />
                <SequencePoint vc="14" uspid="1557" ordinal="3" offset="26" sl="73" sc="9" el="73" ec="10" bec="0" bev="0" fileid="36" />
              </SequencePoints>
              <BranchPoints />
              <MethodPoint xsi:type="SequencePoint" vc="14" uspid="1554" ordinal="0" offset="0" sl="70" sc="9" el="70" ec="10" bec="0" bev="0" fileid="36" />
            </Method>
            <Method visited="true" cyclomaticComplexity="3" nPathComplexity="4" sequenceCoverage="100" branchCoverage="100" crapScore="3" isConstructor="false" isStatic="false" isGetter="false" isSetter="false">
              <Summary numSequencePoints="8" visitedSequencePoints="8" numBranchPoints="5" visitedBranchPoints="5" sequenceCoverage="100" branchCoverage="100" maxCyclomaticComplexity="3" minCyclomaticComplexity="3" maxCrapScore="3" minCrapScore="3" visitedClasses="0" numClasses="0" visitedMethods="1" numMethods="1" />
              <MetadataToken>100663430</MetadataToken>
              <Name>DrawingModel.Shape DrawingModel.Shapes::GetShapeOnPoint(DrawingModel.Point)</Name>
              <FileRef uid="36" />
              <SequencePoints>
                <SequencePoint vc="37" uspid="1558" ordinal="0" offset="0" sl="77" sc="9" el="77" ec="10" bec="0" bev="0" fileid="36" />
                <SequencePoint vc="37" uspid="1559" ordinal="1" offset="1" sl="78" sc="18" el="78" ec="43" bec="0" bev="0" fileid="36" />
                <SequencePoint vc="72" uspid="1560" ordinal="2" offset="17" sl="79" sc="17" el="79" ec="54" bec="2" bev="2" fileid="36" />
                <SequencePoint vc="26" uspid="1561" ordinal="3" offset="39" sl="80" sc="21" el="80" ec="39" bec="0" bev="0" fileid="36" />
                <SequencePoint vc="46" uspid="1562" ordinal="4" offset="54" sl="78" sc="53" el="78" ec="56" bec="0" bev="0" fileid="36" />
                <SequencePoint vc="83" uspid="1563" ordinal="5" offset="58" sl="78" sc="45" el="78" ec="51" bec="2" bev="2" fileid="36" />
                <SequencePoint vc="11" uspid="1564" ordinal="6" offset="69" sl="82" sc="13" el="82" ec="25" bec="0" bev="0" fileid="36" />
                <SequencePoint vc="37" uspid="1565" ordinal="7" offset="73" sl="83" sc="9" el="83" ec="10" bec="0" bev="0" fileid="36" />
              </SequencePoints>
              <BranchPoints>
                <BranchPoint vc="26" uspid="1566" ordinal="0" offset="37" sl="79" path="0" offsetend="39" fileid="36" />
                <BranchPoint vc="46" uspid="1567" ordinal="1" offset="37" sl="79" path="1" offsetend="54" fileid="36" />
                <BranchPoint vc="11" uspid="1568" ordinal="2" offset="67" sl="78" path="0" offsetend="69" fileid="36" />
                <BranchPoint vc="72" uspid="1569" ordinal="3" offset="67" sl="78" path="1" offsetend="17" fileid="36" />
              </BranchPoints>
              <MethodPoint xsi:type="SequencePoint" vc="37" uspid="1558" ordinal="0" offset="0" sl="77" sc="9" el="77" ec="10" bec="0" bev="0" fileid="36" />
            </Method>
            <Method visited="true" cyclomaticComplexity="2" nPathComplexity="0" sequenceCoverage="100" branchCoverage="100" crapScore="2" isConstructor="false" isStatic="false" isGetter="false" isSetter="false">
              <Summary numSequencePoints="18" visitedSequencePoints="18" numBranchPoints="1" visitedBranchPoints="1" sequenceCoverage="100" branchCoverage="100" maxCyclomaticComplexity="2" minCyclomaticComplexity="2" maxCrapScore="2" minCrapScore="2" visitedClasses="0" numClasses="0" visitedMethods="1" numMethods="1" />
              <MetadataToken>100663431</MetadataToken>
              <Name>System.String DrawingModel.Shapes::ConvertToFile()</Name>
              <FileRef uid="36" />
              <SequencePoints>
                <SequencePoint vc="5" uspid="1570" ordinal="0" offset="0" sl="87" sc="9" el="87" ec="10" bec="0" bev="0" fileid="36" />
                <SequencePoint vc="5" uspid="1571" ordinal="1" offset="1" sl="88" sc="13" el="88" ec="60" bec="0" bev="0" fileid="36" />
                <SequencePoint vc="5" uspid="1572" ordinal="2" offset="7" sl="89" sc="13" el="89" ec="78" bec="0" bev="0" fileid="36" />
                <SequencePoint vc="5" uspid="1573" ordinal="3" offset="14" sl="90" sc="13" el="90" ec="47" bec="0" bev="0" fileid="36" />
                <SequencePoint vc="5" uspid="1574" ordinal="4" offset="21" sl="91" sc="13" el="91" ec="62" bec="0" bev="0" fileid="36" />
                <SequencePoint vc="5" uspid="1575" ordinal="5" offset="33" sl="92" sc="13" el="92" ec="46" bec="0" bev="0" fileid="36" />
                <SequencePoint vc="5" uspid="1576" ordinal="6" offset="40" sl="93" sc="13" el="93" ec="20" bec="0" bev="0" fileid="36" />
                <SequencePoint vc="5" uspid="1577" ordinal="7" offset="41" sl="93" sc="37" el="93" ec="44" bec="0" bev="0" fileid="36" />
                <SequencePoint vc="9" uspid="1578" ordinal="8" offset="55" sl="93" sc="22" el="93" ec="33" bec="0" bev="0" fileid="36" />
                <SequencePoint vc="9" uspid="1579" ordinal="9" offset="63" sl="94" sc="13" el="94" ec="14" bec="0" bev="0" fileid="36" />
                <SequencePoint vc="9" uspid="1580" ordinal="10" offset="64" sl="95" sc="17" el="95" ec="46" bec="0" bev="0" fileid="36" />
                <SequencePoint vc="9" uspid="1581" ordinal="11" offset="78" sl="96" sc="17" el="96" ec="49" bec="0" bev="0" fileid="36" />
                <SequencePoint vc="9" uspid="1582" ordinal="12" offset="86" sl="97" sc="13" el="97" ec="14" bec="0" bev="0" fileid="36" />
                <SequencePoint vc="14" uspid="1583" ordinal="13" offset="87" sl="93" sc="34" el="93" ec="36" bec="0" bev="0" fileid="36" />
                <SequencePoint vc="5" uspid="1584" ordinal="14" offset="113" sl="98" sc="13" el="98" ec="44" bec="0" bev="0" fileid="36" />
                <SequencePoint vc="5" uspid="1585" ordinal="15" offset="120" sl="99" sc="13" el="99" ec="45" bec="0" bev="0" fileid="36" />
                <SequencePoint vc="5" uspid="1586" ordinal="16" offset="127" sl="100" sc="13" el="100" ec="44" bec="0" bev="0" fileid="36" />
                <SequencePoint vc="5" uspid="1587" ordinal="17" offset="137" sl="101" sc="9" el="101" ec="10" bec="0" bev="0" fileid="36" />
              </SequencePoints>
              <BranchPoints />
              <MethodPoint xsi:type="SequencePoint" vc="5" uspid="1570" ordinal="0" offset="0" sl="87" sc="9" el="87" ec="10" bec="0" bev="0" fileid="36" />
            </Method>
            <Method visited="true" cyclomaticComplexity="3" nPathComplexity="4" sequenceCoverage="100" branchCoverage="80" crapScore="3" isConstructor="false" isStatic="false" isGetter="false" isSetter="false">
              <Summary numSequencePoints="12" visitedSequencePoints="12" numBranchPoints="5" visitedBranchPoints="4" sequenceCoverage="100" branchCoverage="80" maxCyclomaticComplexity="3" minCyclomaticComplexity="3" maxCrapScore="3" minCrapScore="3" visitedClasses="0" numClasses="0" visitedMethods="1" numMethods="1" />
              <MetadataToken>100663432</MetadataToken>
              <Name>DrawingModel.Shape DrawingModel.Shapes::CreateShapeFromInformation(Newtonsoft.Json.Linq.JObject)</Name>
              <FileRef uid="36" />
              <SequencePoints>
                <SequencePoint vc="6" uspid="1590" ordinal="0" offset="0" sl="105" sc="9" el="105" ec="10" bec="0" bev="0" fileid="36" />
                <SequencePoint vc="6" uspid="1591" ordinal="1" offset="1" sl="106" sc="13" el="106" ec="114" bec="0" bev="0" fileid="36" />
                <SequencePoint vc="6" uspid="1592" ordinal="2" offset="18" sl="107" sc="13" el="107" ec="63" bec="0" bev="0" fileid="36" />
                <SequencePoint vc="6" uspid="1593" ordinal="3" offset="25" sl="108" sc="13" el="108" ec="31" bec="4" bev="3" fileid="36" />
                <SequencePoint vc="4" uspid="1594" ordinal="4" offset="46" sl="112" sc="21" el="112" ec="121" bec="0" bev="0" fileid="36" />
                <SequencePoint vc="4" uspid="1595" ordinal="5" offset="92" sl="113" sc="21" el="113" ec="122" bec="0" bev="0" fileid="36" />
                <SequencePoint vc="4" uspid="1596" ordinal="6" offset="138" sl="114" sc="21" el="114" ec="27" bec="0" bev="0" fileid="36" />
                <SequencePoint vc="2" uspid="1597" ordinal="7" offset="140" sl="116" sc="21" el="116" ec="91" bec="0" bev="0" fileid="36" />
                <SequencePoint vc="2" uspid="1598" ordinal="8" offset="179" sl="117" sc="21" el="117" ec="91" bec="0" bev="0" fileid="36" />
                <SequencePoint vc="2" uspid="1599" ordinal="9" offset="218" sl="118" sc="21" el="118" ec="27" bec="0" bev="0" fileid="36" />
                <SequencePoint vc="6" uspid="1600" ordinal="10" offset="220" sl="120" sc="13" el="120" ec="26" bec="0" bev="0" fileid="36" />
                <SequencePoint vc="6" uspid="1601" ordinal="11" offset="225" sl="121" sc="9" el="121" ec="10" bec="0" bev="0" fileid="36" />
              </SequencePoints>
              <BranchPoints>
                <BranchPoint vc="2" uspid="1602" ordinal="0" offset="33" sl="108" path="0" offsetchain="35" offsetend="37" fileid="36" />
                <BranchPoint vc="4" uspid="1603" ordinal="1" offset="33" sl="108" path="1" offsetend="46" fileid="36" />
                <BranchPoint vc="0" uspid="1604" ordinal="2" offset="39" sl="108" path="0" offsetchain="41" offsetend="220" fileid="36" />
                <BranchPoint vc="2" uspid="1605" ordinal="3" offset="39" sl="108" path="1" offsetend="140" fileid="36" />
              </BranchPoints>
              <MethodPoint xsi:type="SequencePoint" vc="6" uspid="1590" ordinal="0" offset="0" sl="105" sc="9" el="105" ec="10" bec="0" bev="0" fileid="36" />
            </Method>
            <Method visited="true" cyclomaticComplexity="1" nPathComplexity="0" sequenceCoverage="100" branchCoverage="100" crapScore="1" isConstructor="false" isStatic="false" isGetter="false" isSetter="false">
              <Summary numSequencePoints="3" visitedSequencePoints="3" numBranchPoints="1" visitedBranchPoints="1" sequenceCoverage="100" branchCoverage="100" maxCyclomaticComplexity="1" minCyclomaticComplexity="1" maxCrapScore="1" minCrapScore="1" visitedClasses="0" numClasses="0" visitedMethods="1" numMethods="1" />
              <MetadataToken>100663433</MetadataToken>
              <Name>System.Int32 DrawingModel.Shapes::GetShapeId(DrawingModel.Shape)</Name>
              <FileRef uid="36" />
              <SequencePoints>
                <SequencePoint vc="9" uspid="1606" ordinal="0" offset="0" sl="125" sc="9" el="125" ec="10" bec="0" bev="0" fileid="36" />
                <SequencePoint vc="9" uspid="1607" ordinal="1" offset="1" sl="126" sc="13" el="126" ec="43" bec="0" bev="0" fileid="36" />
                <SequencePoint vc="9" uspid="1608" ordinal="2" offset="16" sl="127" sc="9" el="127" ec="10" bec="0" bev="0" fileid="36" />
              </SequencePoints>
              <BranchPoints />
              <MethodPoint xsi:type="SequencePoint" vc="9" uspid="1606" ordinal="0" offset="0" sl="125" sc="9" el="125" ec="10" bec="0" bev="0" fileid="36" />
            </Method>
            <Method visited="true" cyclomaticComplexity="1" nPathComplexity="0" sequenceCoverage="100" branchCoverage="100" crapScore="1" isConstructor="true" isStatic="false" isGetter="false" isSetter="false">
              <Summary numSequencePoints="1" visitedSequencePoints="1" numBranchPoints="1" visitedBranchPoints="1" sequenceCoverage="100" branchCoverage="100" maxCyclomaticComplexity="1" minCyclomaticComplexity="1" maxCrapScore="1" minCrapScore="1" visitedClasses="0" numClasses="0" visitedMethods="1" numMethods="1" />
              <MetadataToken>100663435</MetadataToken>
              <Name>System.Void DrawingModel.Shapes::.ctor()</Name>
              <FileRef uid="36" />
              <SequencePoints>
                <SequencePoint vc="31" uspid="1609" ordinal="0" offset="0" sl="14" sc="9" el="14" ec="49" bec="0" bev="0" fileid="36" />
              </SequencePoints>
              <BranchPoints />
              <MethodPoint xsi:type="SequencePoint" vc="31" uspid="1609" ordinal="0" offset="0" sl="14" sc="9" el="14" ec="49" bec="0" bev="0" fileid="36" />
            </Method>
          </Methods>
        </Class>
      </Classes>
    </Module>
  </Modules>
</CoverageSession>